#
# A fatal error has been detected by the Java Runtime Environment:
#
#  EXCEPTION_ACCESS_VIOLATION (0xc0000005) at pc=0x00007ffe2156c75d, pid=36904, tid=26464
#
# JRE version: Java(TM) SE Runtime Environment (22.0.1+8) (build 22.0.1+8-16)
# Java VM: Java HotSpot(TM) 64-Bit Server VM (22.0.1+8-16, mixed mode, sharing, tiered, compressed oops, compressed class ptrs, g1 gc, windows-amd64)
# Problematic frame:
# C  [lwjgl_opengl.dll+0xc75d]
#
# No core dump will be written. Minidumps are not enabled by default on client versions of Windows
#
# If you would like to submit a bug report, please visit:
#   https://bugreport.java.com/bugreport/crash.jsp
# The crash happened outside the Java Virtual Machine in native code.
# See problematic frame for where to report the bug.
#

---------------  S U M M A R Y ------------

Command Line: -javaagent:C:\Program Files\JetBrains\IntelliJ IDEA Community Edition 2024.1.1\lib\idea_rt.jar=64264:C:\Program Files\JetBrains\IntelliJ IDEA Community Edition 2024.1.1\bin -Dfile.encoding=UTF-8 -Dsun.stdout.encoding=UTF-8 -Dsun.stderr.encoding=UTF-8 TestMain

Host: 13th Gen Intel(R) Core(TM) i9-13900KF, 32 cores, 31G,  Windows 10 , 64 bit Build 19041 (10.0.19041.4597)
Time: Wed Jul 17 02:23:16 2024 W. Europe Daylight Time elapsed time: 0.295040 seconds (0d 0h 0m 0s)

---------------  T H R E A D  ---------------

Current thread (0x000001cae445e890):  JavaThread "main"             [_thread_in_native, id=26464, stack(0x00000019cc300000,0x00000019cc400000) (1024K)]

Stack: [0x00000019cc300000,0x00000019cc400000],  sp=0x00000019cc3ff1b8,  free space=1020k
Native frames: (J=compiled Java code, j=interpreted, Vv=VM code, C=native code)
C  [lwjgl_opengl.dll+0xc75d]  (no source info available)

Java frames: (J=compiled Java code, j=interpreted, Vv=VM code)
j  org.lwjgl.opengl.GL11C.nglGenTextures(IJ)V+0
j  org.lwjgl.opengl.GL11C.glGenTextures()I+20
j  org.lwjgl.opengl.GL11.glGenTextures()I+0
j  me.redstoner2019.graphics.general.Texture.loadTexture(Ljava/nio/ByteBuffer;)Lme/redstoner2019/graphics/general/Texture;+69
j  me.redstoner2019.graphics.general.Texture.loadTextureFromResource(Ljava/lang/String;)Lme/redstoner2019/graphics/general/Texture;+4
j  me.redstoner2019.graphics.general.TextureProvider.loadTexture(Ljava/lang/String;)V+1
j  TestMain.<init>(FFFF)V+101
j  TestMain.main([Ljava/lang/String;)V+10
v  ~StubRoutines::call_stub 0x000001caf3bc100d

siginfo: EXCEPTION_ACCESS_VIOLATION (0xc0000005), reading address 0x00000000000002d8


Registers:
RAX=0x000001cad02c7420, RBX=0x000001cacc584b28, RCX=0x0000000000000001, RDX=0x000001cad025a440
RSP=0x00000019cc3ff1b8, RBP=0x00000019cc3ff240, RSI=0x000001cad025a440, RDI=0x00000000000863d2
R8 =0x0000000000000001, R9 =0x000001cad025a440, R10=0x0000000000000000, R11=0x0000000621d43b70
R12=0x0000000000000000, R13=0x000001cacc584b28, R14=0x00000019cc3ff270, R15=0x000001cae445e890
RIP=0x00007ffe2156c75d, EFLAGS=0x0000000000010202


Register to memory mapping:

RAX=0x000001cad02c7420 points into unknown readable memory: 0x0000000000000000 | 00 00 00 00 00 00 00 00
RBX={method} {0x000001cacc584b30} 'nglGenTextures' '(IJ)V' in 'org/lwjgl/opengl/GL11C'
RCX=0x0000000000000001 is an unknown value
RDX=0x000001cad025a440 points into unknown readable memory: 0x0000000400000000 | 00 00 00 00 04 00 00 00
RSP=0x00000019cc3ff1b8 is pointing into the stack for thread: 0x000001cae445e890
RBP=0x00000019cc3ff240 is pointing into the stack for thread: 0x000001cae445e890
RSI=0x000001cad025a440 points into unknown readable memory: 0x0000000400000000 | 00 00 00 00 04 00 00 00
RDI=0x00000000000863d2 is an unknown value
R8 =0x0000000000000001 is an unknown value
R9 =0x000001cad025a440 points into unknown readable memory: 0x0000000400000000 | 00 00 00 00 04 00 00 00
R10=0x0 is null
R11=0x0000000621d43b70 is an oop: java.lang.Class 
{0x0000000621d43b70} - klass: 'java/lang/Class'
 - ---- fields (total size 116 words):
 - private volatile transient 'classRedefinedCount' 'I' @12  0 (0x00000000)
 - injected 'klass' 'J' @16  1969443984224 (0x000001ca8c025360)
 - injected 'array_klass' 'J' @24  0 (0x0000000000000000)
 - injected 'oop_size' 'I' @32  116 (0x00000074)
 - injected 'static_oop_field_count' 'I' @36  0 (0x00000000)
 - private volatile transient 'cachedConstructor' 'Ljava/lang/reflect/Constructor;' @40  null (0x00000000)
 - private transient 'name' 'Ljava/lang/String;' @44  "org.lwjgl.opengl.GL11C"{0x0000000621d43f10} (0xc43a87e2)
 - private transient 'module' 'Ljava/lang/Module;' @48  a 'java/lang/Module'{0x000000062286d208} (0xc450da41)
 - private final 'classLoader' 'Ljava/lang/ClassLoader;' @52  a 'jdk/internal/loader/ClassLoaders$AppClassLoader'{0x000000062286d048} (0xc450da09)
 - private transient 'classData' 'Ljava/lang/Object;' @56  null (0x00000000)
 - private transient 'packageName' 'Ljava/lang/String;' @60  "org.lwjgl.opengl"{0x0000000621c71d18} (0xc438e3a3)
 - private final 'componentType' 'Ljava/lang/Class;' @64  null (0x00000000)
 - private volatile transient 'reflectionData' 'Ljava/lang/ref/SoftReference;' @68  null (0x00000000)
 - private volatile transient 'genericInfo' 'Lsun/reflect/generics/repository/ClassRepository;' @72  null (0x00000000)
 - private volatile transient 'enumConstants' '[Ljava/lang/Object;' @76  null (0x00000000)
 - private volatile transient 'enumConstantDirectory' 'Ljava/util/Map;' @80  null (0x00000000)
 - private volatile transient 'annotationData' 'Ljava/lang/Class$AnnotationData;' @84  null (0x00000000)
 - private volatile transient 'annotationType' 'Lsun/reflect/annotation/AnnotationType;' @88  null (0x00000000)
 - transient 'classValueMap' 'Ljava/lang/ClassValue$ClassValueMap;' @92  null (0x00000000)
 - injected 'protection_domain' 'Ljava/lang/Object;' @96  a 'java/security/ProtectionDomain'{0x0000000621cff568} (0xc439fead)
 - injected 'signers_name' 'Ljava/lang/Object;' @100  null (0x00000000)
 - injected 'source_file' 'Ljava/lang/Object;' @104  null (0x00000000)
 - signature: Lorg/lwjgl/opengl/GL11C;
 - ---- static fields (0):
 - public static final 'GL_NEVER' 'I' @112  512 (0x00000200)
 - public static final 'GL_LESS' 'I' @116  513 (0x00000201)
 - public static final 'GL_EQUAL' 'I' @120  514 (0x00000202)
 - public static final 'GL_LEQUAL' 'I' @124  515 (0x00000203)
 - public static final 'GL_GREATER' 'I' @128  516 (0x00000204)
 - public static final 'GL_NOTEQUAL' 'I' @132  517 (0x00000205)
 - public static final 'GL_GEQUAL' 'I' @136  518 (0x00000206)
 - public static final 'GL_ALWAYS' 'I' @140  519 (0x00000207)
 - public static final 'GL_DEPTH_BUFFER_BIT' 'I' @144  256 (0x00000100)
 - public static final 'GL_STENCIL_BUFFER_BIT' 'I' @148  1024 (0x00000400)
 - public static final 'GL_COLOR_BUFFER_BIT' 'I' @152  16384 (0x00004000)
 - public static final 'GL_POINTS' 'I' @156  0 (0x00000000)
 - public static final 'GL_LINES' 'I' @160  1 (0x00000001)
 - public static final 'GL_LINE_LOOP' 'I' @164  2 (0x00000002)
 - public static final 'GL_LINE_STRIP' 'I' @168  3 (0x00000003)
 - public static final 'GL_TRIANGLES' 'I' @172  4 (0x00000004)
 - public static final 'GL_TRIANGLE_STRIP' 'I' @176  5 (0x00000005)
 - public static final 'GL_TRIANGLE_FAN' 'I' @180  6 (0x00000006)
 - public static final 'GL_QUADS' 'I' @184  7 (0x00000007)
 - public static final 'GL_ZERO' 'I' @188  0 (0x00000000)
 - public static final 'GL_ONE' 'I' @192  1 (0x00000001)
 - public static final 'GL_SRC_COLOR' 'I' @196  768 (0x00000300)
 - public static final 'GL_ONE_MINUS_SRC_COLOR' 'I' @200  769 (0x00000301)
 - public static final 'GL_SRC_ALPHA' 'I' @204  770 (0x00000302)
 - public static final 'GL_ONE_MINUS_SRC_ALPHA' 'I' @208  771 (0x00000303)
 - public static final 'GL_DST_ALPHA' 'I' @212  772 (0x00000304)
 - public static final 'GL_ONE_MINUS_DST_ALPHA' 'I' @216  773 (0x00000305)
 - public static final 'GL_DST_COLOR' 'I' @220  774 (0x00000306)
 - public static final 'GL_ONE_MINUS_DST_COLOR' 'I' @224  775 (0x00000307)
 - public static final 'GL_SRC_ALPHA_SATURATE' 'I' @228  776 (0x00000308)
 - public static final 'GL_TRUE' 'I' @232  1 (0x00000001)
 - public static final 'GL_FALSE' 'I' @236  0 (0x00000000)
 - public static final 'GL_BYTE' 'I' @240  5120 (0x00001400)
 - public static final 'GL_UNSIGNED_BYTE' 'I' @244  5121 (0x00001401)
 - public static final 'GL_SHORT' 'I' @248  5122 (0x00001402)
 - public static final 'GL_UNSIGNED_SHORT' 'I' @252  5123 (0x00001403)
 - public static final 'GL_INT' 'I' @256  5124 (0x00001404)
 - public static final 'GL_UNSIGNED_INT' 'I' @260  5125 (0x00001405)
 - public static final 'GL_FLOAT' 'I' @264  5126 (0x00001406)
 - public static final 'GL_DOUBLE' 'I' @268  5130 (0x0000140a)
 - public static final 'GL_NONE' 'I' @272  0 (0x00000000)
 - public static final 'GL_FRONT_LEFT' 'I' @276  1024 (0x00000400)
 - public static final 'GL_FRONT_RIGHT' 'I' @280  1025 (0x00000401)
 - public static final 'GL_BACK_LEFT' 'I' @284  1026 (0x00000402)
 - public static final 'GL_BACK_RIGHT' 'I' @288  1027 (0x00000403)
 - public static final 'GL_FRONT' 'I' @292  1028 (0x00000404)
 - public static final 'GL_BACK' 'I' @296  1029 (0x00000405)
 - public static final 'GL_LEFT' 'I' @300  1030 (0x00000406)
 - public static final 'GL_RIGHT' 'I' @304  1031 (0x00000407)
 - public static final 'GL_FRONT_AND_BACK' 'I' @308  1032 (0x00000408)
 - public static final 'GL_NO_ERROR' 'I' @312  0 (0x00000000)
 - public static final 'GL_INVALID_ENUM' 'I' @316  1280 (0x00000500)
 - public static final 'GL_INVALID_VALUE' 'I' @320  1281 (0x00000501)
 - public static final 'GL_INVALID_OPERATION' 'I' @324  1282 (0x00000502)
 - public static final 'GL_STACK_OVERFLOW' 'I' @328  1283 (0x00000503)
 - public static final 'GL_STACK_UNDERFLOW' 'I' @332  1284 (0x00000504)
 - public static final 'GL_OUT_OF_MEMORY' 'I' @336  1285 (0x00000505)
 - public static final 'GL_CW' 'I' @340  2304 (0x00000900)
 - public static final 'GL_CCW' 'I' @344  2305 (0x00000901)
 - public static final 'GL_POINT_SIZE' 'I' @348  2833 (0x00000b11)
 - public static final 'GL_POINT_SIZE_RANGE' 'I' @352  2834 (0x00000b12)
 - public static final 'GL_POINT_SIZE_GRANULARITY' 'I' @356  2835 (0x00000b13)
 - public static final 'GL_LINE_SMOOTH' 'I' @360  2848 (0x00000b20)
 - public static final 'GL_LINE_WIDTH' 'I' @364  2849 (0x00000b21)
 - public static final 'GL_LINE_WIDTH_RANGE' 'I' @368  2850 (0x00000b22)
 - public static final 'GL_LINE_WIDTH_GRANULARITY' 'I' @372  2851 (0x00000b23)
 - public static final 'GL_POLYGON_MODE' 'I' @376  2880 (0x00000b40)
 - public static final 'GL_POLYGON_SMOOTH' 'I' @380  2881 (0x00000b41)
 - public static final 'GL_CULL_FACE' 'I' @384  2884 (0x00000b44)
 - public static final 'GL_CULL_FACE_MODE' 'I' @388  2885 (0x00000b45)
 - public static final 'GL_FRONT_FACE' 'I' @392  2886 (0x00000b46)
 - public static final 'GL_DEPTH_RANGE' 'I' @396  2928 (0x00000b70)
 - public static final 'GL_DEPTH_TEST' 'I' @400  2929 (0x00000b71)
 - public static final 'GL_DEPTH_WRITEMASK' 'I' @404  2930 (0x00000b72)
 - public static final 'GL_DEPTH_CLEAR_VALUE' 'I' @408  2931 (0x00000b73)
 - public static final 'GL_DEPTH_FUNC' 'I' @412  2932 (0x00000b74)
 - public static final 'GL_STENCIL_TEST' 'I' @416  2960 (0x00000b90)
 - public static final 'GL_STENCIL_CLEAR_VALUE' 'I' @420  2961 (0x00000b91)
 - public static final 'GL_STENCIL_FUNC' 'I' @424  2962 (0x00000b92)
 - public static final 'GL_STENCIL_VALUE_MASK' 'I' @428  2963 (0x00000b93)
 - public static final 'GL_STENCIL_FAIL' 'I' @432  2964 (0x00000b94)
 - public static final 'GL_STENCIL_PASS_DEPTH_FAIL' 'I' @436  2965 (0x00000b95)
 - public static final 'GL_STENCIL_PASS_DEPTH_PASS' 'I' @440  2966 (0x00000b96)
 - public static final 'GL_STENCIL_REF' 'I' @444  2967 (0x00000b97)
 - public static final 'GL_STENCIL_WRITEMASK' 'I' @448  2968 (0x00000b98)
 - public static final 'GL_VIEWPORT' 'I' @452  2978 (0x00000ba2)
 - public static final 'GL_DITHER' 'I' @456  3024 (0x00000bd0)
 - public static final 'GL_BLEND_DST' 'I' @460  3040 (0x00000be0)
 - public static final 'GL_BLEND_SRC' 'I' @464  3041 (0x00000be1)
 - public static final 'GL_BLEND' 'I' @468  3042 (0x00000be2)
 - public static final 'GL_LOGIC_OP_MODE' 'I' @472  3056 (0x00000bf0)
 - public static final 'GL_COLOR_LOGIC_OP' 'I' @476  3058 (0x00000bf2)
 - public static final 'GL_DRAW_BUFFER' 'I' @480  3073 (0x00000c01)
 - public static final 'GL_READ_BUFFER' 'I' @484  3074 (0x00000c02)
 - public static final 'GL_SCISSOR_BOX' 'I' @488  3088 (0x00000c10)
 - public static final 'GL_SCISSOR_TEST' 'I' @492  3089 (0x00000c11)
 - public static final 'GL_COLOR_CLEAR_VALUE' 'I' @496  3106 (0x00000c22)
 - public static final 'GL_COLOR_WRITEMASK' 'I' @500  3107 (0x00000c23)
 - public static final 'GL_DOUBLEBUFFER' 'I' @504  3122 (0x00000c32)
 - public static final 'GL_STEREO' 'I' @508  3123 (0x00000c33)
 - public static final 'GL_LINE_SMOOTH_HINT' 'I' @512  3154 (0x00000c52)
 - public static final 'GL_POLYGON_SMOOTH_HINT' 'I' @516  3155 (0x00000c53)
 - public static final 'GL_UNPACK_SWAP_BYTES' 'I' @520  3312 (0x00000cf0)
 - public static final 'GL_UNPACK_LSB_FIRST' 'I' @524  3313 (0x00000cf1)
 - public static final 'GL_UNPACK_ROW_LENGTH' 'I' @528  3314 (0x00000cf2)
 - public static final 'GL_UNPACK_SKIP_ROWS' 'I' @532  3315 (0x00000cf3)
 - public static final 'GL_UNPACK_SKIP_PIXELS' 'I' @536  3316 (0x00000cf4)
 - public static final 'GL_UNPACK_ALIGNMENT' 'I' @540  3317 (0x00000cf5)
 - public static final 'GL_PACK_SWAP_BYTES' 'I' @544  3328 (0x00000d00)
 - public static final 'GL_PACK_LSB_FIRST' 'I' @548  3329 (0x00000d01)
 - public static final 'GL_PACK_ROW_LENGTH' 'I' @552  3330 (0x00000d02)
 - public static final 'GL_PACK_SKIP_ROWS' 'I' @556  3331 (0x00000d03)
 - public static final 'GL_PACK_SKIP_PIXELS' 'I' @560  3332 (0x00000d04)
 - public static final 'GL_PACK_ALIGNMENT' 'I' @564  3333 (0x00000d05)
 - public static final 'GL_MAX_TEXTURE_SIZE' 'I' @568  3379 (0x00000d33)
 - public static final 'GL_MAX_VIEWPORT_DIMS' 'I' @572  3386 (0x00000d3a)
 - public static final 'GL_SUBPIXEL_BITS' 'I' @576  3408 (0x00000d50)
 - public static final 'GL_TEXTURE_1D' 'I' @580  3552 (0x00000de0)
 - public static final 'GL_TEXTURE_2D' 'I' @584  3553 (0x00000de1)
 - public static final 'GL_TEXTURE_WIDTH' 'I' @588  4096 (0x00001000)
 - public static final 'GL_TEXTURE_HEIGHT' 'I' @592  4097 (0x00001001)
 - public static final 'GL_TEXTURE_INTERNAL_FORMAT' 'I' @596  4099 (0x00001003)
 - public static final 'GL_TEXTURE_BORDER_COLOR' 'I' @600  4100 (0x00001004)
 - public static final 'GL_DONT_CARE' 'I' @604  4352 (0x00001100)
 - public static final 'GL_FASTEST' 'I' @608  4353 (0x00001101)
 - public static final 'GL_NICEST' 'I' @612  4354 (0x00001102)
 - public static final 'GL_CLEAR' 'I' @616  5376 (0x00001500)
 - public static final 'GL_AND' 'I' @620  5377 (0x00001501)
 - public static final 'GL_AND_REVERSE' 'I' @624  5378 (0x00001502)
 - public static final 'GL_COPY' 'I' @628  5379 (0x00001503)
 - public static final 'GL_AND_INVERTED' 'I' @632  5380 (0x00001504)
 - public static final 'GL_NOOP' 'I' @636  5381 (0x00001505)
 - public static final 'GL_XOR' 'I' @640  5382 (0x00001506)
 - public static final 'GL_OR' 'I' @644  5383 (0x00001507)
 - public static final 'GL_NOR' 'I' @648  5384 (0x00001508)
 - public static final 'GL_EQUIV' 'I' @652  5385 (0x00001509)
 - public static final 'GL_INVERT' 'I' @656  5386 (0x0000150a)
 - public static final 'GL_OR_REVERSE' 'I' @660  5387 (0x0000150b)
 - public static final 'GL_COPY_INVERTED' 'I' @664  5388 (0x0000150c)
 - public static final 'GL_OR_INVERTED' 'I' @668  5389 (0x0000150d)
 - public static final 'GL_NAND' 'I' @672  5390 (0x0000150e)
 - public static final 'GL_SET' 'I' @676  5391 (0x0000150f)
 - public static final 'GL_TEXTURE' 'I' @680  5890 (0x00001702)
 - public static final 'GL_COLOR' 'I' @684  6144 (0x00001800)
 - public static final 'GL_DEPTH' 'I' @688  6145 (0x00001801)
 - public static final 'GL_STENCIL' 'I' @692  6146 (0x00001802)
 - public static final 'GL_STENCIL_INDEX' 'I' @696  6401 (0x00001901)
 - public static final 'GL_DEPTH_COMPONENT' 'I' @700  6402 (0x00001902)
 - public static final 'GL_RED' 'I' @704  6403 (0x00001903)
 - public static final 'GL_GREEN' 'I' @708  6404 (0x00001904)
 - public static final 'GL_BLUE' 'I' @712  6405 (0x00001905)
 - public static final 'GL_ALPHA' 'I' @716  6406 (0x00001906)
 - public static final 'GL_RGB' 'I' @720  6407 (0x00001907)
 - public static final 'GL_RGBA' 'I' @724  6408 (0x00001908)
 - public static final 'GL_POINT' 'I' @728  6912 (0x00001b00)
 - public static final 'GL_LINE' 'I' @732  6913 (0x00001b01)
 - public static final 'GL_FILL' 'I' @736  6914 (0x00001b02)
 - public static final 'GL_KEEP' 'I' @740  7680 (0x00001e00)
 - public static final 'GL_REPLACE' 'I' @744  7681 (0x00001e01)
 - public static final 'GL_INCR' 'I' @748  7682 (0x00001e02)
 - public static final 'GL_DECR' 'I' @752  7683 (0x00001e03)
 - public static final 'GL_VENDOR' 'I' @756  7936 (0x00001f00)
 - public static final 'GL_RENDERER' 'I' @760  7937 (0x00001f01)
 - public static final 'GL_VERSION' 'I' @764  7938 (0x00001f02)
 - public static final 'GL_EXTENSIONS' 'I' @768  7939 (0x00001f03)
 - public static final 'GL_NEAREST' 'I' @772  9728 (0x00002600)
 - public static final 'GL_LINEAR' 'I' @776  9729 (0x00002601)
 - public static final 'GL_NEAREST_MIPMAP_NEAREST' 'I' @780  9984 (0x00002700)
 - public static final 'GL_LINEAR_MIPMAP_NEAREST' 'I' @784  9985 (0x00002701)
 - public static final 'GL_NEAREST_MIPMAP_LINEAR' 'I' @788  9986 (0x00002702)
 - public static final 'GL_LINEAR_MIPMAP_LINEAR' 'I' @792  9987 (0x00002703)
 - public static final 'GL_TEXTURE_MAG_FILTER' 'I' @796  10240 (0x00002800)
 - public static final 'GL_TEXTURE_MIN_FILTER' 'I' @800  10241 (0x00002801)
 - public static final 'GL_TEXTURE_WRAP_S' 'I' @804  10242 (0x00002802)
 - public static final 'GL_TEXTURE_WRAP_T' 'I' @808  10243 (0x00002803)
 - public static final 'GL_REPEAT' 'I' @812  10497 (0x00002901)
 - public static final 'GL_POLYGON_OFFSET_FACTOR' 'I' @816  32824 (0x00008038)
 - public static final 'GL_POLYGON_OFFSET_UNITS' 'I' @820  10752 (0x00002a00)
 - public static final 'GL_POLYGON_OFFSET_POINT' 'I' @824  10753 (0x00002a01)
 - public static final 'GL_POLYGON_OFFSET_LINE' 'I' @828  10754 (0x00002a02)
 - public static final 'GL_POLYGON_OFFSET_FILL' 'I' @832  32823 (0x00008037)
 - public static final 'GL_R3_G3_B2' 'I' @836  10768 (0x00002a10)
 - public static final 'GL_RGB4' 'I' @840  32847 (0x0000804f)
 - public static final 'GL_RGB5' 'I' @844  32848 (0x00008050)
 - public static final 'GL_RGB8' 'I' @848  32849 (0x00008051)
 - public static final 'GL_RGB10' 'I' @852  32850 (0x00008052)
 - public static final 'GL_RGB12' 'I' @856  32851 (0x00008053)
 - public static final 'GL_RGB16' 'I' @860  32852 (0x00008054)
 - public static final 'GL_RGBA2' 'I' @864  32853 (0x00008055)
 - public static final 'GL_RGBA4' 'I' @868  32854 (0x00008056)
 - public static final 'GL_RGB5_A1' 'I' @872  32855 (0x00008057)
 - public static final 'GL_RGBA8' 'I' @876  32856 (0x00008058)
 - public static final 'GL_RGB10_A2' 'I' @880  32857 (0x00008059)
 - public static final 'GL_RGBA12' 'I' @884  32858 (0x0000805a)
 - public static final 'GL_RGBA16' 'I' @888  32859 (0x0000805b)
 - public static final 'GL_TEXTURE_RED_SIZE' 'I' @892  32860 (0x0000805c)
 - public static final 'GL_TEXTURE_GREEN_SIZE' 'I' @896  32861 (0x0000805d)
 - public static final 'GL_TEXTURE_BLUE_SIZE' 'I' @900  32862 (0x0000805e)
 - public static final 'GL_TEXTURE_ALPHA_SIZE' 'I' @904  32863 (0x0000805f)
 - public static final 'GL_PROXY_TEXTURE_1D' 'I' @908  32867 (0x00008063)
 - public static final 'GL_PROXY_TEXTURE_2D' 'I' @912  32868 (0x00008064)
 - public static final 'GL_TEXTURE_BINDING_1D' 'I' @916  32872 (0x00008068)
 - public static final 'GL_TEXTURE_BINDING_2D' 'I' @920  32873 (0x00008069)
 - public static final 'GL_VERTEX_ARRAY' 'I' @924  32884 (0x00008074)
R12=0x0 is null
R13={method} {0x000001cacc584b30} 'nglGenTextures' '(IJ)V' in 'org/lwjgl/opengl/GL11C'
R14=0x00000019cc3ff270 is pointing into the stack for thread: 0x000001cae445e890
R15=0x000001cae445e890 is a thread

Top of Stack: (sp=0x00000019cc3ff1b8)
0x00000019cc3ff1b8:   000001caf3bccfc7 00000000000863d2
0x00000019cc3ff1c8:   000001caf3bcccb3 000001cacc584b28
0x00000019cc3ff1d8:   000001cad025a440 00000019cc3ff258
0x00000019cc3ff1e8:   000001caf3bc89b6 000001caf3bccc5b
0x00000019cc3ff1f8:   fffffffffffffff7 000001cacc584b28
0x00000019cc3ff208:   0000000000000006 000001cacc583630
0x00000019cc3ff218:   0000000000000000 0000000621d43b70
0x00000019cc3ff228:   000001cacc584b28 0000000000000000
0x00000019cc3ff238:   00000019cc3ff260 00000019cc3ff2c0
0x00000019cc3ff248:   000001caf3bc88c0 0000000621d43b70
0x00000019cc3ff258:   000001caf3bca517 000001cad025a440
0x00000019cc3ff268:   0000000000000000 0000000000000001
0x00000019cc3ff278:   fffffffffffffff7 000001cacc584cac
0x00000019cc3ff288:   0000000000000006 000001cacc583630
0x00000019cc3ff298:   0000000000000000 0000000621d43b70
0x00000019cc3ff2a8:   000001cacc584d18 fffffffffffffff4
0x00000019cc3ff2b8:   00000019cc3ff2f8 00000019cc3ff340
0x00000019cc3ff2c8:   000001caf3bc8a08 0000000000000000
0x00000019cc3ff2d8:   0000000000000000 0000000621d43f88
0x00000019cc3ff2e8:   000000000000fff4 00000006227ab250
0x00000019cc3ff2f8:   fffffffffffffff7 000001cacc555488
0x00000019cc3ff308:   0000000000000001 000001cacc57c200
0x00000019cc3ff318:   0000000000000000 0000000621cff758
0x00000019cc3ff328:   000001cacc5554a0 fffffffffffffff7
0x00000019cc3ff338:   00000019cc3ff350 00000019cc3ff398
0x00000019cc3ff348:   000001caf3bc8a08 fffffffffffffff7
0x00000019cc3ff358:   000001cacc539e8d 000000000000000a
0x00000019cc3ff368:   000001cacc53a490 0000000000000000
0x00000019cc3ff378:   0000000621c3af10 000001cacc539fd8
0x00000019cc3ff388:   fffffffffffffff7 00000019cc3ff3e8
0x00000019cc3ff398:   00000019cc3ff438 000001caf3bc8a5a
0x00000019cc3ff3a8:   0000000000000000 0000000621c705d8 

Instructions: (pc=0x00007ffe2156c75d)
0x00007ffe2156c65d:   cc cc cc 48 8b 01 41 0f b6 c8 48 8b 50 18 48 ff
0x00007ffe2156c66d:   a2 d0 01 00 00 cc cc cc cc cc cc cc cc cc cc cc
0x00007ffe2156c67d:   cc cc cc 48 8b 01 0f 28 cb 0f 28 c2 48 8b 48 18
0x00007ffe2156c68d:   48 ff a1 d8 01 00 00 cc cc cc cc cc cc cc cc cc
0x00007ffe2156c69d:   cc cc cc 48 8b 01 45 8b d8 44 8b 44 24 28 41 8b
0x00007ffe2156c6ad:   d1 41 8b cb 4c 8b 50 18 49 ff a2 e8 01 00 00 cc
0x00007ffe2156c6bd:   cc cc cc 48 8b 01 41 8b c8 48 8b 50 18 48 ff a2
0x00007ffe2156c6cd:   f0 01 00 00 cc cc cc cc cc cc cc cc cc cc cc cc
0x00007ffe2156c6dd:   cc cc cc 40 53 48 8b 01 41 8b d8 44 8b 44 24 30
0x00007ffe2156c6ed:   41 8b d1 4c 8b 4c 24 38 8b cb 4c 8b 50 18 5b 49
0x00007ffe2156c6fd:   ff a2 f8 01 00 00 cc cc cc cc cc cc cc cc cc cc
0x00007ffe2156c70d:   cc cc cc 48 8b 01 48 8b 48 18 48 ff a1 98 02 00
0x00007ffe2156c71d:   00 cc cc 48 8b 01 48 8b 48 18 48 ff a1 a0 02 00
0x00007ffe2156c72d:   00 cc cc 48 8b 01 41 8b c8 48 8b 50 18 48 ff a2
0x00007ffe2156c73d:   c8 02 00 00 cc cc cc cc cc cc cc cc cc cc cc cc
0x00007ffe2156c74d:   cc cc cc 48 8b 01 49 8b d1 41 8b c8 4c 8b 50 18
0x00007ffe2156c75d:   49 ff a2 d8 02 00 00 cc cc cc cc cc cc cc cc cc
0x00007ffe2156c76d:   cc cc cc 48 8b 01 49 8b d1 41 8b c8 4c 8b 50 18
0x00007ffe2156c77d:   49 ff a2 e0 02 00 00 cc cc cc cc cc cc cc cc cc
0x00007ffe2156c78d:   cc cc cc 48 8b 01 49 8b d1 41 8b c8 4c 8b 50 18
0x00007ffe2156c79d:   49 ff a2 f0 02 00 00 cc cc cc cc cc cc cc cc cc
0x00007ffe2156c7ad:   cc cc cc 48 8b 01 49 8b d1 41 8b c8 4c 8b 50 18
0x00007ffe2156c7bd:   49 ff a2 f8 02 00 00 cc cc cc cc cc cc cc cc cc
0x00007ffe2156c7cd:   cc cc cc 48 8b 01 49 8b d1 41 8b c8 4c 8b 50 18
0x00007ffe2156c7dd:   49 ff a2 00 03 00 00 cc cc cc cc cc cc cc cc cc
0x00007ffe2156c7ed:   cc cc cc 48 8b 01 49 8b d1 41 8b c8 4c 8b 50 18
0x00007ffe2156c7fd:   49 ff a2 08 03 00 00 cc cc cc cc cc cc cc cc cc
0x00007ffe2156c80d:   cc cc cc 48 8b 01 48 8b 48 18 48 8b 81 10 03 00
0x00007ffe2156c81d:   00 48 ff e0 cc cc cc cc cc cc cc cc cc cc cc cc
0x00007ffe2156c82d:   cc cc cc 48 8b 01 49 8b d1 41 8b c8 4c 8b 50 18
0x00007ffe2156c83d:   49 ff a2 68 03 00 00 cc cc cc cc cc cc cc cc cc
0x00007ffe2156c84d:   cc cc cc 48 8b 01 48 8b 48 18 48 8b 81 78 03 00 


Stack slot to memory mapping:

stack at sp + 0 slots: 0x000001caf3bccfc7 is at code_begin+1063 in an Interpreter codelet
native method entry point (kind = native)  [0x000001caf3bccba0, 0x000001caf3bcd6c0]  2848 bytes
stack at sp + 1 slots: 0x00000000000863d2 is an unknown value
stack at sp + 2 slots: 0x000001caf3bcccb3 is at code_begin+275 in an Interpreter codelet
native method entry point (kind = native)  [0x000001caf3bccba0, 0x000001caf3bcd6c0]  2848 bytes
stack at sp + 3 slots: {method} {0x000001cacc584b30} 'nglGenTextures' '(IJ)V' in 'org/lwjgl/opengl/GL11C'
stack at sp + 4 slots: 0x000001cad025a440 points into unknown readable memory: 0x0000000400000000 | 00 00 00 00 04 00 00 00
stack at sp + 5 slots: 0x00000019cc3ff258 is pointing into the stack for thread: 0x000001cae445e890
stack at sp + 6 slots: 0x000001caf3bc89b6 is at code_begin+1526 in an Interpreter codelet
return entry points  [0x000001caf3bc83c0, 0x000001caf3bc9050]  3216 bytes
stack at sp + 7 slots: 0x000001caf3bccc5b is at code_begin+187 in an Interpreter codelet
native method entry point (kind = native)  [0x000001caf3bccba0, 0x000001caf3bcd6c0]  2848 bytes


---------------  P R O C E S S  ---------------

Threads class SMR info:
_java_thread_list=0x000001cad02346d0, length=16, elements={
0x000001cae445e890, 0x000001caff22fb70, 0x000001caff230c40, 0x000001caff238f00,
0x000001caff23fe90, 0x000001caff240520, 0x000001caff240bb0, 0x000001ca8a75a660,
0x000001caff24a9a0, 0x000001caff241240, 0x000001ca8a865370, 0x000001ca8a878e00,
0x000001caff23ddc0, 0x000001caff23e450, 0x000001cad023e830, 0x000001cad023f710
}

Java Threads: ( => current thread )
=>0x000001cae445e890 JavaThread "main"                              [_thread_in_native, id=26464, stack(0x00000019cc300000,0x00000019cc400000) (1024K)]
  0x000001caff22fb70 JavaThread "Reference Handler"          daemon [_thread_blocked, id=9308, stack(0x00000019ccb00000,0x00000019ccc00000) (1024K)]
  0x000001caff230c40 JavaThread "Finalizer"                  daemon [_thread_blocked, id=26764, stack(0x00000019ccc00000,0x00000019ccd00000) (1024K)]
  0x000001caff238f00 JavaThread "Signal Dispatcher"          daemon [_thread_blocked, id=46976, stack(0x00000019ccd00000,0x00000019cce00000) (1024K)]
  0x000001caff23fe90 JavaThread "Attach Listener"            daemon [_thread_blocked, id=32304, stack(0x00000019cce00000,0x00000019ccf00000) (1024K)]
  0x000001caff240520 JavaThread "Service Thread"             daemon [_thread_blocked, id=43668, stack(0x00000019ccf00000,0x00000019cd000000) (1024K)]
  0x000001caff240bb0 JavaThread "Monitor Deflation Thread"   daemon [_thread_blocked, id=35136, stack(0x00000019cd000000,0x00000019cd100000) (1024K)]
  0x000001ca8a75a660 JavaThread "C2 CompilerThread0"         daemon [_thread_blocked, id=7688, stack(0x00000019cd100000,0x00000019cd200000) (1024K)]
  0x000001caff24a9a0 JavaThread "C1 CompilerThread0"         daemon [_thread_blocked, id=47892, stack(0x00000019cd200000,0x00000019cd300000) (1024K)]
  0x000001caff241240 JavaThread "Common-Cleaner"             daemon [_thread_blocked, id=16840, stack(0x00000019cd300000,0x00000019cd400000) (1024K)]
  0x000001ca8a865370 JavaThread "C1 CompilerThread1"         daemon [_thread_blocked, id=21608, stack(0x00000019cd400000,0x00000019cd500000) (1024K)]
  0x000001ca8a878e00 JavaThread "C1 CompilerThread2"         daemon [_thread_blocked, id=34756, stack(0x00000019cd500000,0x00000019cd600000) (1024K)]
  0x000001caff23ddc0 JavaThread "Monitor Ctrl-Break"         daemon [_thread_in_native, id=38788, stack(0x00000019cd700000,0x00000019cd800000) (1024K)]
  0x000001caff23e450 JavaThread "Notification Thread"        daemon [_thread_blocked, id=29704, stack(0x00000019cd800000,0x00000019cd900000) (1024K)]
  0x000001cad023e830 JavaThread "C1 CompilerThread3"         daemon [_thread_blocked, id=5684, stack(0x00000019cd900000,0x00000019cda00000) (1024K)]
  0x000001cad023f710 JavaThread "C1 CompilerThread4"         daemon [_thread_blocked, id=24472, stack(0x00000019cda00000,0x00000019cdb00000) (1024K)]
Total: 16

Other Threads:
  0x000001caff2166e0 VMThread "VM Thread"                           [id=29280, stack(0x00000019cca00000,0x00000019ccb00000) (1024K)]
  0x000001ca8a750090 WatcherThread "VM Periodic Task Thread"        [id=45332, stack(0x00000019cc900000,0x00000019cca00000) (1024K)]
  0x000001cae450af70 WorkerThread "GC Thread#0"                     [id=23920, stack(0x00000019cc400000,0x00000019cc500000) (1024K)]
  0x000001cae451c060 ConcurrentGCThread "G1 Main Marker"            [id=47568, stack(0x00000019cc500000,0x00000019cc600000) (1024K)]
  0x000001cae451cb70 WorkerThread "G1 Conc#0"                       [id=780, stack(0x00000019cc600000,0x00000019cc700000) (1024K)]
  0x000001caff142b00 ConcurrentGCThread "G1 Refine#0"               [id=40464, stack(0x00000019cc700000,0x00000019cc800000) (1024K)]
  0x000001caff144690 ConcurrentGCThread "G1 Service"                [id=44836, stack(0x00000019cc800000,0x00000019cc900000) (1024K)]
Total: 7

Threads with active compile tasks:
Total: 0

VM state: not at safepoint (normal execution)

VM Mutex/Monitor currently owned by a thread: None

Heap address: 0x0000000602c00000, size: 8148 MB, Compressed Oops mode: Zero based, Oop shift amount: 3

CDS archive(s) mapped at: [0x000001ca8b000000-0x000001ca8bc60000-0x000001ca8bc60000), size 12976128, SharedBaseAddress: 0x000001ca8b000000, ArchiveRelocationMode: 1.
Compressed class space mapped at: 0x000001ca8c000000-0x000001cacc000000, reserved size: 1073741824
Narrow klass base: 0x000001ca8b000000, Narrow klass shift: 0, Narrow klass range: 0x41000000

GC Precious Log:
 CardTable entry size: 512
 Card Set container configuration: InlinePtr #cards 4 size 8 Array Of Cards #cards 32 size 80 Howl #buckets 8 coarsen threshold 7372 Howl Bitmap #cards 1024 size 144 coarsen threshold 921 Card regions per heap region 1 cards per card region 8192
 CPUs: 32 total, 32 available
 Memory: 32577M
 Large Page Support: Disabled
 NUMA Support: Disabled
 Compressed Oops: Enabled (Zero based)
 Heap Region Size: 4M
 Heap Min Capacity: 8M
 Heap Initial Capacity: 512M
 Heap Max Capacity: 8148M
 Pre-touch: Disabled
 Parallel Workers: 23
 Concurrent Workers: 6
 Concurrent Refinement Workers: 23
 Periodic GC: Disabled

Heap:
 garbage-first heap   total reserved 8343552K, committed 524288K, used 20480K [0x0000000602c00000, 0x0000000800000000)
  region size 4096K, 4 young (16384K), 0 survivors (0K)
 Metaspace       used 3884K, committed 4096K, reserved 1114112K
  class space    used 287K, committed 384K, reserved 1048576K

Heap Regions: E=young(eden), S=young(survivor), O=old, HS=humongous(starts), HC=humongous(continues), CS=collection set, F=free, TAMS=top-at-mark-start, PB=parsable bottom
|   0|0x0000000602c00000, 0x0000000603000000, 0x0000000603000000|100%|HS|  |TAMS 0x0000000602c00000| PB 0x0000000602c00000| Complete |  0
|   1|0x0000000603000000, 0x0000000603400000, 0x0000000603400000|100%|HS|  |TAMS 0x0000000603000000| PB 0x0000000603000000| Complete |  0
|   2|0x0000000603400000, 0x0000000603400000, 0x0000000603800000|  0%| F|  |TAMS 0x0000000603400000| PB 0x0000000603400000| Untracked |  0
|   3|0x0000000603800000, 0x0000000603800000, 0x0000000603c00000|  0%| F|  |TAMS 0x0000000603800000| PB 0x0000000603800000| Untracked |  0
|   4|0x0000000603c00000, 0x0000000603c00000, 0x0000000604000000|  0%| F|  |TAMS 0x0000000603c00000| PB 0x0000000603c00000| Untracked |  0
|   5|0x0000000604000000, 0x0000000604000000, 0x0000000604400000|  0%| F|  |TAMS 0x0000000604000000| PB 0x0000000604000000| Untracked |  0
|   6|0x0000000604400000, 0x0000000604400000, 0x0000000604800000|  0%| F|  |TAMS 0x0000000604400000| PB 0x0000000604400000| Untracked |  0
|   7|0x0000000604800000, 0x0000000604800000, 0x0000000604c00000|  0%| F|  |TAMS 0x0000000604800000| PB 0x0000000604800000| Untracked |  0
|   8|0x0000000604c00000, 0x0000000604c00000, 0x0000000605000000|  0%| F|  |TAMS 0x0000000604c00000| PB 0x0000000604c00000| Untracked |  0
|   9|0x0000000605000000, 0x0000000605000000, 0x0000000605400000|  0%| F|  |TAMS 0x0000000605000000| PB 0x0000000605000000| Untracked |  0
|  10|0x0000000605400000, 0x0000000605400000, 0x0000000605800000|  0%| F|  |TAMS 0x0000000605400000| PB 0x0000000605400000| Untracked |  0
|  11|0x0000000605800000, 0x0000000605800000, 0x0000000605c00000|  0%| F|  |TAMS 0x0000000605800000| PB 0x0000000605800000| Untracked |  0
|  12|0x0000000605c00000, 0x0000000605c00000, 0x0000000606000000|  0%| F|  |TAMS 0x0000000605c00000| PB 0x0000000605c00000| Untracked |  0
|  13|0x0000000606000000, 0x0000000606000000, 0x0000000606400000|  0%| F|  |TAMS 0x0000000606000000| PB 0x0000000606000000| Untracked |  0
|  14|0x0000000606400000, 0x0000000606400000, 0x0000000606800000|  0%| F|  |TAMS 0x0000000606400000| PB 0x0000000606400000| Untracked |  0
|  15|0x0000000606800000, 0x0000000606800000, 0x0000000606c00000|  0%| F|  |TAMS 0x0000000606800000| PB 0x0000000606800000| Untracked |  0
|  16|0x0000000606c00000, 0x0000000606c00000, 0x0000000607000000|  0%| F|  |TAMS 0x0000000606c00000| PB 0x0000000606c00000| Untracked |  0
|  17|0x0000000607000000, 0x0000000607000000, 0x0000000607400000|  0%| F|  |TAMS 0x0000000607000000| PB 0x0000000607000000| Untracked |  0
|  18|0x0000000607400000, 0x0000000607400000, 0x0000000607800000|  0%| F|  |TAMS 0x0000000607400000| PB 0x0000000607400000| Untracked |  0
|  19|0x0000000607800000, 0x0000000607800000, 0x0000000607c00000|  0%| F|  |TAMS 0x0000000607800000| PB 0x0000000607800000| Untracked |  0
|  20|0x0000000607c00000, 0x0000000607c00000, 0x0000000608000000|  0%| F|  |TAMS 0x0000000607c00000| PB 0x0000000607c00000| Untracked |  0
|  21|0x0000000608000000, 0x0000000608000000, 0x0000000608400000|  0%| F|  |TAMS 0x0000000608000000| PB 0x0000000608000000| Untracked |  0
|  22|0x0000000608400000, 0x0000000608400000, 0x0000000608800000|  0%| F|  |TAMS 0x0000000608400000| PB 0x0000000608400000| Untracked |  0
|  23|0x0000000608800000, 0x0000000608800000, 0x0000000608c00000|  0%| F|  |TAMS 0x0000000608800000| PB 0x0000000608800000| Untracked |  0
|  24|0x0000000608c00000, 0x0000000608c00000, 0x0000000609000000|  0%| F|  |TAMS 0x0000000608c00000| PB 0x0000000608c00000| Untracked |  0
|  25|0x0000000609000000, 0x0000000609000000, 0x0000000609400000|  0%| F|  |TAMS 0x0000000609000000| PB 0x0000000609000000| Untracked |  0
|  26|0x0000000609400000, 0x0000000609400000, 0x0000000609800000|  0%| F|  |TAMS 0x0000000609400000| PB 0x0000000609400000| Untracked |  0
|  27|0x0000000609800000, 0x0000000609800000, 0x0000000609c00000|  0%| F|  |TAMS 0x0000000609800000| PB 0x0000000609800000| Untracked |  0
|  28|0x0000000609c00000, 0x0000000609c00000, 0x000000060a000000|  0%| F|  |TAMS 0x0000000609c00000| PB 0x0000000609c00000| Untracked |  0
|  29|0x000000060a000000, 0x000000060a000000, 0x000000060a400000|  0%| F|  |TAMS 0x000000060a000000| PB 0x000000060a000000| Untracked |  0
|  30|0x000000060a400000, 0x000000060a400000, 0x000000060a800000|  0%| F|  |TAMS 0x000000060a400000| PB 0x000000060a400000| Untracked |  0
|  31|0x000000060a800000, 0x000000060a800000, 0x000000060ac00000|  0%| F|  |TAMS 0x000000060a800000| PB 0x000000060a800000| Untracked |  0
|  32|0x000000060ac00000, 0x000000060ac00000, 0x000000060b000000|  0%| F|  |TAMS 0x000000060ac00000| PB 0x000000060ac00000| Untracked |  0
|  33|0x000000060b000000, 0x000000060b000000, 0x000000060b400000|  0%| F|  |TAMS 0x000000060b000000| PB 0x000000060b000000| Untracked |  0
|  34|0x000000060b400000, 0x000000060b400000, 0x000000060b800000|  0%| F|  |TAMS 0x000000060b400000| PB 0x000000060b400000| Untracked |  0
|  35|0x000000060b800000, 0x000000060b800000, 0x000000060bc00000|  0%| F|  |TAMS 0x000000060b800000| PB 0x000000060b800000| Untracked |  0
|  36|0x000000060bc00000, 0x000000060bc00000, 0x000000060c000000|  0%| F|  |TAMS 0x000000060bc00000| PB 0x000000060bc00000| Untracked |  0
|  37|0x000000060c000000, 0x000000060c000000, 0x000000060c400000|  0%| F|  |TAMS 0x000000060c000000| PB 0x000000060c000000| Untracked |  0
|  38|0x000000060c400000, 0x000000060c400000, 0x000000060c800000|  0%| F|  |TAMS 0x000000060c400000| PB 0x000000060c400000| Untracked |  0
|  39|0x000000060c800000, 0x000000060c800000, 0x000000060cc00000|  0%| F|  |TAMS 0x000000060c800000| PB 0x000000060c800000| Untracked |  0
|  40|0x000000060cc00000, 0x000000060cc00000, 0x000000060d000000|  0%| F|  |TAMS 0x000000060cc00000| PB 0x000000060cc00000| Untracked |  0
|  41|0x000000060d000000, 0x000000060d000000, 0x000000060d400000|  0%| F|  |TAMS 0x000000060d000000| PB 0x000000060d000000| Untracked |  0
|  42|0x000000060d400000, 0x000000060d400000, 0x000000060d800000|  0%| F|  |TAMS 0x000000060d400000| PB 0x000000060d400000| Untracked |  0
|  43|0x000000060d800000, 0x000000060d800000, 0x000000060dc00000|  0%| F|  |TAMS 0x000000060d800000| PB 0x000000060d800000| Untracked |  0
|  44|0x000000060dc00000, 0x000000060dc00000, 0x000000060e000000|  0%| F|  |TAMS 0x000000060dc00000| PB 0x000000060dc00000| Untracked |  0
|  45|0x000000060e000000, 0x000000060e000000, 0x000000060e400000|  0%| F|  |TAMS 0x000000060e000000| PB 0x000000060e000000| Untracked |  0
|  46|0x000000060e400000, 0x000000060e400000, 0x000000060e800000|  0%| F|  |TAMS 0x000000060e400000| PB 0x000000060e400000| Untracked |  0
|  47|0x000000060e800000, 0x000000060e800000, 0x000000060ec00000|  0%| F|  |TAMS 0x000000060e800000| PB 0x000000060e800000| Untracked |  0
|  48|0x000000060ec00000, 0x000000060ec00000, 0x000000060f000000|  0%| F|  |TAMS 0x000000060ec00000| PB 0x000000060ec00000| Untracked |  0
|  49|0x000000060f000000, 0x000000060f000000, 0x000000060f400000|  0%| F|  |TAMS 0x000000060f000000| PB 0x000000060f000000| Untracked |  0
|  50|0x000000060f400000, 0x000000060f400000, 0x000000060f800000|  0%| F|  |TAMS 0x000000060f400000| PB 0x000000060f400000| Untracked |  0
|  51|0x000000060f800000, 0x000000060f800000, 0x000000060fc00000|  0%| F|  |TAMS 0x000000060f800000| PB 0x000000060f800000| Untracked |  0
|  52|0x000000060fc00000, 0x000000060fc00000, 0x0000000610000000|  0%| F|  |TAMS 0x000000060fc00000| PB 0x000000060fc00000| Untracked |  0
|  53|0x0000000610000000, 0x0000000610000000, 0x0000000610400000|  0%| F|  |TAMS 0x0000000610000000| PB 0x0000000610000000| Untracked |  0
|  54|0x0000000610400000, 0x0000000610400000, 0x0000000610800000|  0%| F|  |TAMS 0x0000000610400000| PB 0x0000000610400000| Untracked |  0
|  55|0x0000000610800000, 0x0000000610800000, 0x0000000610c00000|  0%| F|  |TAMS 0x0000000610800000| PB 0x0000000610800000| Untracked |  0
|  56|0x0000000610c00000, 0x0000000610c00000, 0x0000000611000000|  0%| F|  |TAMS 0x0000000610c00000| PB 0x0000000610c00000| Untracked |  0
|  57|0x0000000611000000, 0x0000000611000000, 0x0000000611400000|  0%| F|  |TAMS 0x0000000611000000| PB 0x0000000611000000| Untracked |  0
|  58|0x0000000611400000, 0x0000000611400000, 0x0000000611800000|  0%| F|  |TAMS 0x0000000611400000| PB 0x0000000611400000| Untracked |  0
|  59|0x0000000611800000, 0x0000000611800000, 0x0000000611c00000|  0%| F|  |TAMS 0x0000000611800000| PB 0x0000000611800000| Untracked |  0
|  60|0x0000000611c00000, 0x0000000611c00000, 0x0000000612000000|  0%| F|  |TAMS 0x0000000611c00000| PB 0x0000000611c00000| Untracked |  0
|  61|0x0000000612000000, 0x0000000612000000, 0x0000000612400000|  0%| F|  |TAMS 0x0000000612000000| PB 0x0000000612000000| Untracked |  0
|  62|0x0000000612400000, 0x0000000612400000, 0x0000000612800000|  0%| F|  |TAMS 0x0000000612400000| PB 0x0000000612400000| Untracked |  0
|  63|0x0000000612800000, 0x0000000612800000, 0x0000000612c00000|  0%| F|  |TAMS 0x0000000612800000| PB 0x0000000612800000| Untracked |  0
|  64|0x0000000612c00000, 0x0000000612c00000, 0x0000000613000000|  0%| F|  |TAMS 0x0000000612c00000| PB 0x0000000612c00000| Untracked |  0
|  65|0x0000000613000000, 0x0000000613000000, 0x0000000613400000|  0%| F|  |TAMS 0x0000000613000000| PB 0x0000000613000000| Untracked |  0
|  66|0x0000000613400000, 0x0000000613400000, 0x0000000613800000|  0%| F|  |TAMS 0x0000000613400000| PB 0x0000000613400000| Untracked |  0
|  67|0x0000000613800000, 0x0000000613800000, 0x0000000613c00000|  0%| F|  |TAMS 0x0000000613800000| PB 0x0000000613800000| Untracked |  0
|  68|0x0000000613c00000, 0x0000000613c00000, 0x0000000614000000|  0%| F|  |TAMS 0x0000000613c00000| PB 0x0000000613c00000| Untracked |  0
|  69|0x0000000614000000, 0x0000000614000000, 0x0000000614400000|  0%| F|  |TAMS 0x0000000614000000| PB 0x0000000614000000| Untracked |  0
|  70|0x0000000614400000, 0x0000000614400000, 0x0000000614800000|  0%| F|  |TAMS 0x0000000614400000| PB 0x0000000614400000| Untracked |  0
|  71|0x0000000614800000, 0x0000000614800000, 0x0000000614c00000|  0%| F|  |TAMS 0x0000000614800000| PB 0x0000000614800000| Untracked |  0
|  72|0x0000000614c00000, 0x0000000614c00000, 0x0000000615000000|  0%| F|  |TAMS 0x0000000614c00000| PB 0x0000000614c00000| Untracked |  0
|  73|0x0000000615000000, 0x0000000615000000, 0x0000000615400000|  0%| F|  |TAMS 0x0000000615000000| PB 0x0000000615000000| Untracked |  0
|  74|0x0000000615400000, 0x0000000615400000, 0x0000000615800000|  0%| F|  |TAMS 0x0000000615400000| PB 0x0000000615400000| Untracked |  0
|  75|0x0000000615800000, 0x0000000615800000, 0x0000000615c00000|  0%| F|  |TAMS 0x0000000615800000| PB 0x0000000615800000| Untracked |  0
|  76|0x0000000615c00000, 0x0000000615c00000, 0x0000000616000000|  0%| F|  |TAMS 0x0000000615c00000| PB 0x0000000615c00000| Untracked |  0
|  77|0x0000000616000000, 0x0000000616000000, 0x0000000616400000|  0%| F|  |TAMS 0x0000000616000000| PB 0x0000000616000000| Untracked |  0
|  78|0x0000000616400000, 0x0000000616400000, 0x0000000616800000|  0%| F|  |TAMS 0x0000000616400000| PB 0x0000000616400000| Untracked |  0
|  79|0x0000000616800000, 0x0000000616800000, 0x0000000616c00000|  0%| F|  |TAMS 0x0000000616800000| PB 0x0000000616800000| Untracked |  0
|  80|0x0000000616c00000, 0x0000000616c00000, 0x0000000617000000|  0%| F|  |TAMS 0x0000000616c00000| PB 0x0000000616c00000| Untracked |  0
|  81|0x0000000617000000, 0x0000000617000000, 0x0000000617400000|  0%| F|  |TAMS 0x0000000617000000| PB 0x0000000617000000| Untracked |  0
|  82|0x0000000617400000, 0x0000000617400000, 0x0000000617800000|  0%| F|  |TAMS 0x0000000617400000| PB 0x0000000617400000| Untracked |  0
|  83|0x0000000617800000, 0x0000000617800000, 0x0000000617c00000|  0%| F|  |TAMS 0x0000000617800000| PB 0x0000000617800000| Untracked |  0
|  84|0x0000000617c00000, 0x0000000617c00000, 0x0000000618000000|  0%| F|  |TAMS 0x0000000617c00000| PB 0x0000000617c00000| Untracked |  0
|  85|0x0000000618000000, 0x0000000618000000, 0x0000000618400000|  0%| F|  |TAMS 0x0000000618000000| PB 0x0000000618000000| Untracked |  0
|  86|0x0000000618400000, 0x0000000618400000, 0x0000000618800000|  0%| F|  |TAMS 0x0000000618400000| PB 0x0000000618400000| Untracked |  0
|  87|0x0000000618800000, 0x0000000618800000, 0x0000000618c00000|  0%| F|  |TAMS 0x0000000618800000| PB 0x0000000618800000| Untracked |  0
|  88|0x0000000618c00000, 0x0000000618c00000, 0x0000000619000000|  0%| F|  |TAMS 0x0000000618c00000| PB 0x0000000618c00000| Untracked |  0
|  89|0x0000000619000000, 0x0000000619000000, 0x0000000619400000|  0%| F|  |TAMS 0x0000000619000000| PB 0x0000000619000000| Untracked |  0
|  90|0x0000000619400000, 0x0000000619400000, 0x0000000619800000|  0%| F|  |TAMS 0x0000000619400000| PB 0x0000000619400000| Untracked |  0
|  91|0x0000000619800000, 0x0000000619800000, 0x0000000619c00000|  0%| F|  |TAMS 0x0000000619800000| PB 0x0000000619800000| Untracked |  0
|  92|0x0000000619c00000, 0x0000000619c00000, 0x000000061a000000|  0%| F|  |TAMS 0x0000000619c00000| PB 0x0000000619c00000| Untracked |  0
|  93|0x000000061a000000, 0x000000061a000000, 0x000000061a400000|  0%| F|  |TAMS 0x000000061a000000| PB 0x000000061a000000| Untracked |  0
|  94|0x000000061a400000, 0x000000061a400000, 0x000000061a800000|  0%| F|  |TAMS 0x000000061a400000| PB 0x000000061a400000| Untracked |  0
|  95|0x000000061a800000, 0x000000061a800000, 0x000000061ac00000|  0%| F|  |TAMS 0x000000061a800000| PB 0x000000061a800000| Untracked |  0
|  96|0x000000061ac00000, 0x000000061ac00000, 0x000000061b000000|  0%| F|  |TAMS 0x000000061ac00000| PB 0x000000061ac00000| Untracked |  0
|  97|0x000000061b000000, 0x000000061b000000, 0x000000061b400000|  0%| F|  |TAMS 0x000000061b000000| PB 0x000000061b000000| Untracked |  0
|  98|0x000000061b400000, 0x000000061b400000, 0x000000061b800000|  0%| F|  |TAMS 0x000000061b400000| PB 0x000000061b400000| Untracked |  0
|  99|0x000000061b800000, 0x000000061b800000, 0x000000061bc00000|  0%| F|  |TAMS 0x000000061b800000| PB 0x000000061b800000| Untracked |  0
| 100|0x000000061bc00000, 0x000000061bc00000, 0x000000061c000000|  0%| F|  |TAMS 0x000000061bc00000| PB 0x000000061bc00000| Untracked |  0
| 101|0x000000061c000000, 0x000000061c000000, 0x000000061c400000|  0%| F|  |TAMS 0x000000061c000000| PB 0x000000061c000000| Untracked |  0
| 102|0x000000061c400000, 0x000000061c400000, 0x000000061c800000|  0%| F|  |TAMS 0x000000061c400000| PB 0x000000061c400000| Untracked |  0
| 103|0x000000061c800000, 0x000000061c800000, 0x000000061cc00000|  0%| F|  |TAMS 0x000000061c800000| PB 0x000000061c800000| Untracked |  0
| 104|0x000000061cc00000, 0x000000061cc00000, 0x000000061d000000|  0%| F|  |TAMS 0x000000061cc00000| PB 0x000000061cc00000| Untracked |  0
| 105|0x000000061d000000, 0x000000061d000000, 0x000000061d400000|  0%| F|  |TAMS 0x000000061d000000| PB 0x000000061d000000| Untracked |  0
| 106|0x000000061d400000, 0x000000061d400000, 0x000000061d800000|  0%| F|  |TAMS 0x000000061d400000| PB 0x000000061d400000| Untracked |  0
| 107|0x000000061d800000, 0x000000061d800000, 0x000000061dc00000|  0%| F|  |TAMS 0x000000061d800000| PB 0x000000061d800000| Untracked |  0
| 108|0x000000061dc00000, 0x000000061dc00000, 0x000000061e000000|  0%| F|  |TAMS 0x000000061dc00000| PB 0x000000061dc00000| Untracked |  0
| 109|0x000000061e000000, 0x000000061e000000, 0x000000061e400000|  0%| F|  |TAMS 0x000000061e000000| PB 0x000000061e000000| Untracked |  0
| 110|0x000000061e400000, 0x000000061e400000, 0x000000061e800000|  0%| F|  |TAMS 0x000000061e400000| PB 0x000000061e400000| Untracked |  0
| 111|0x000000061e800000, 0x000000061e800000, 0x000000061ec00000|  0%| F|  |TAMS 0x000000061e800000| PB 0x000000061e800000| Untracked |  0
| 112|0x000000061ec00000, 0x000000061ec00000, 0x000000061f000000|  0%| F|  |TAMS 0x000000061ec00000| PB 0x000000061ec00000| Untracked |  0
| 113|0x000000061f000000, 0x000000061f000000, 0x000000061f400000|  0%| F|  |TAMS 0x000000061f000000| PB 0x000000061f000000| Untracked |  0
| 114|0x000000061f400000, 0x000000061f400000, 0x000000061f800000|  0%| F|  |TAMS 0x000000061f400000| PB 0x000000061f400000| Untracked |  0
| 115|0x000000061f800000, 0x000000061f800000, 0x000000061fc00000|  0%| F|  |TAMS 0x000000061f800000| PB 0x000000061f800000| Untracked |  0
| 116|0x000000061fc00000, 0x000000061fc00000, 0x0000000620000000|  0%| F|  |TAMS 0x000000061fc00000| PB 0x000000061fc00000| Untracked |  0
| 117|0x0000000620000000, 0x0000000620000000, 0x0000000620400000|  0%| F|  |TAMS 0x0000000620000000| PB 0x0000000620000000| Untracked |  0
| 118|0x0000000620400000, 0x0000000620400000, 0x0000000620800000|  0%| F|  |TAMS 0x0000000620400000| PB 0x0000000620400000| Untracked |  0
| 119|0x0000000620800000, 0x0000000620800000, 0x0000000620c00000|  0%| F|  |TAMS 0x0000000620800000| PB 0x0000000620800000| Untracked |  0
| 120|0x0000000620c00000, 0x0000000620c00000, 0x0000000621000000|  0%| F|  |TAMS 0x0000000620c00000| PB 0x0000000620c00000| Untracked |  0
| 121|0x0000000621000000, 0x0000000621000000, 0x0000000621400000|  0%| F|  |TAMS 0x0000000621000000| PB 0x0000000621000000| Untracked |  0
| 122|0x0000000621400000, 0x0000000621400000, 0x0000000621800000|  0%| F|  |TAMS 0x0000000621400000| PB 0x0000000621400000| Untracked |  0
| 123|0x0000000621800000, 0x0000000621800000, 0x0000000621c00000|  0%| F|  |TAMS 0x0000000621800000| PB 0x0000000621800000| Untracked |  0
| 124|0x0000000621c00000, 0x0000000621d609f0, 0x0000000622000000| 34%| E|  |TAMS 0x0000000621c00000| PB 0x0000000621c00000| Complete |  0
| 125|0x0000000622000000, 0x0000000622400000, 0x0000000622400000|100%| E|CS|TAMS 0x0000000622000000| PB 0x0000000622000000| Complete |  0
| 126|0x0000000622400000, 0x0000000622800000, 0x0000000622800000|100%| E|CS|TAMS 0x0000000622400000| PB 0x0000000622400000| Complete |  0
| 127|0x0000000622800000, 0x0000000622c00000, 0x0000000622c00000|100%| E|CS|TAMS 0x0000000622800000| PB 0x0000000622800000| Complete |  0

Card table byte_map: [0x000001cafdad0000,0x000001cafeac0000] _byte_map_base: 0x000001cafaaba000

Marking Bits: (CMBitMap*) 0x000001cae450b680
 Bits: [0x000001ca80000000, 0x000001ca87f50000)

Polling page: 0x000001cae2360000

Metaspace:

Usage:
  Non-class:      3.51 MB used.
      Class:    287.05 KB used.
       Both:      3.79 MB used.

Virtual space:
  Non-class space:       64.00 MB reserved,       3.62 MB (  6%) committed,  1 nodes.
      Class space:        1.00 GB reserved,     384.00 KB ( <1%) committed,  1 nodes.
             Both:        1.06 GB reserved,       4.00 MB ( <1%) committed. 

Chunk freelists:
   Non-Class:  10.42 MB
       Class:  15.61 MB
        Both:  26.03 MB

MaxMetaspaceSize: unlimited
CompressedClassSpaceSize: 1.00 GB
Initial GC threshold: 21.00 MB
Current GC threshold: 21.00 MB
CDS: on
 - commit_granule_bytes: 65536.
 - commit_granule_words: 8192.
 - virtual_space_node_default_size: 8388608.
 - enlarge_chunks_in_place: 1.
 - use_allocation_guard: 0.


Internal statistics:

num_allocs_failed_limit: 0.
num_arena_births: 100.
num_arena_deaths: 0.
num_vsnodes_births: 2.
num_vsnodes_deaths: 0.
num_space_committed: 64.
num_space_uncommitted: 0.
num_chunks_returned_to_freelist: 0.
num_chunks_taken_from_freelist: 200.
num_chunk_merges: 0.
num_chunk_splits: 121.
num_chunks_enlarged: 72.
num_inconsistent_stats: 0.

CodeHeap 'non-profiled nmethods': size=118848Kb used=245Kb max_used=245Kb free=118603Kb
 bounds [0x000001caf43a0000, 0x000001caf4610000, 0x000001cafb7b0000]
CodeHeap 'profiled nmethods': size=118848Kb used=1489Kb max_used=1489Kb free=117358Kb
 bounds [0x000001caec7b0000, 0x000001caeca20000, 0x000001caf3bc0000]
CodeHeap 'non-nmethods': size=8064Kb used=4341Kb max_used=4355Kb free=3722Kb
 bounds [0x000001caf3bc0000, 0x000001caf4010000, 0x000001caf43a0000]
 total_blobs=1962 nmethods=900 adapters=963
 compilation: enabled
              stopped_count=0, restarted_count=0
 full_count=0

Compilation events (20 events):
Event: 0.289 Thread 0x000001caff24a9a0 nmethod 891 0x000001caec90ab10 code [0x000001caec90acc0, 0x000001caec90b000]
Event: 0.289 Thread 0x000001ca8a75a660  892       4       java.lang.invoke.MethodType::parameterCount (6 bytes)
Event: 0.289 Thread 0x000001ca8a75a660 nmethod 892 0x000001caf43dcb10 code [0x000001caf43dcc80, 0x000001caf43dcd20]
Event: 0.289 Thread 0x000001ca8a878e00  893       3       jdk.internal.jimage.ImageLocation::verify (218 bytes)
Event: 0.289 Thread 0x000001ca8a878e00 nmethod 893 0x000001caec90b110 code [0x000001caec90b3c0, 0x000001caec90c060]
Event: 0.290 Thread 0x000001caff24a9a0  894       3       java.nio.ByteBuffer::put (124 bytes)
Event: 0.291 Thread 0x000001caff24a9a0 nmethod 894 0x000001caec90c590 code [0x000001caec90c7e0, 0x000001caec90d060]
Event: 0.291 Thread 0x000001caff24a9a0  895       3       java.io.WinNTFileSystem::resolve (349 bytes)
Event: 0.291 Thread 0x000001cad023e830  896       3       java.lang.String::<init> (10 bytes)
Event: 0.291 Thread 0x000001cad023e830 nmethod 896 0x000001caec90d310 code [0x000001caec90d4c0, 0x000001caec90d610]
Event: 0.292 Thread 0x000001cad023e830  897       3       sun.net.www.protocol.file.Handler::parseURL (18 bytes)
Event: 0.292 Thread 0x000001cad023f710  898       3       java.net.URLStreamHandler::parseURL (1124 bytes)
Event: 0.292 Thread 0x000001cad023e830 nmethod 897 0x000001caec90d710 code [0x000001caec90d8c0, 0x000001caec90da80]
Event: 0.292 Thread 0x000001caff24a9a0 nmethod 895 0x000001caec90db90 code [0x000001caec90e0c0, 0x000001caec910ee0]
Event: 0.293 Thread 0x000001caff24a9a0  899       3       org.lwjgl.system.MemoryUtil::memPutAddress (29 bytes)
Event: 0.293 Thread 0x000001ca8a75a660  900       4       java.lang.Integer::toUnsignedLong (7 bytes)
Event: 0.293 Thread 0x000001caff24a9a0 nmethod 899 0x000001caec912010 code [0x000001caec9121c0, 0x000001caec9123b8]
Event: 0.293 Thread 0x000001ca8a75a660 nmethod 900 0x000001caf43dce10 code [0x000001caf43dcf80, 0x000001caf43dcfe8]
Event: 0.293 Thread 0x000001ca8a75a660  901       4       sun.misc.Unsafe::putLong (11 bytes)
Event: 0.293 Thread 0x000001ca8a75a660 nmethod 901 0x000001caf43dd110 code [0x000001caf43dd280, 0x000001caf43dd310]

GC Heap History (0 events):
No events

Dll operation events (13 events):
Event: 0.003 Loaded shared library C:\Program Files\Java\jdk-22\bin\java.dll
Event: 0.016 Loaded shared library C:\Program Files\Java\jdk-22\bin\jsvml.dll
Event: 0.032 Loaded shared library C:\Program Files\Java\jdk-22\bin\zip.dll
Event: 0.033 Loaded shared library C:\Program Files\Java\jdk-22\bin\instrument.dll
Event: 0.035 Loaded shared library C:\Program Files\Java\jdk-22\bin\net.dll
Event: 0.036 Loaded shared library C:\Program Files\Java\jdk-22\bin\nio.dll
Event: 0.037 Loaded shared library C:\Program Files\Java\jdk-22\bin\zip.dll
Event: 0.047 Loaded shared library C:\Program Files\JetBrains\IntelliJ IDEA Community Edition 2024.1.1\bin\breakgen64.dll
Event: 0.050 Loaded shared library C:\Program Files\Java\jdk-22\bin\extnet.dll
Event: 0.059 Loaded shared library C:\Program Files\Java\jdk-22\bin\jimage.dll
Event: 0.068 Loaded shared library C:\Users\Redstoner_2019\AppData\Local\Temp\lwjgl_Redstoner_2019\3.3.3+5\x64\lwjgl.dll
Event: 0.147 Loaded shared library C:\Users\Redstoner_2019\AppData\Local\Temp\lwjgl_Redstoner_2019\3.3.3+5\x64\lwjgl_stb.dll
Event: 0.291 Loaded shared library C:\Users\Redstoner_2019\AppData\Local\Temp\lwjgl_Redstoner_2019\3.3.3+5\x64\lwjgl_opengl.dll

Deoptimization events (20 events):
Event: 0.048 Thread 0x000001cae445e890 DEOPT PACKING pc=0x000001caf43ae66c sp=0x00000019cc3fe640
Event: 0.048 Thread 0x000001cae445e890 DEOPT UNPACKING pc=0x000001caf3c146a2 sp=0x00000019cc3fe5d0 mode 2
Event: 0.048 Thread 0x000001cae445e890 Uncommon trap: trap_request=0xffffff45 fr.pc=0x000001caf43b08e4 relative=0x00000000000000c4
Event: 0.048 Thread 0x000001cae445e890 Uncommon trap: reason=unstable_if action=reinterpret pc=0x000001caf43b08e4 method=java.lang.String.isLatin1()Z @ 10 c2
Event: 0.048 Thread 0x000001cae445e890 DEOPT PACKING pc=0x000001caf43b08e4 sp=0x00000019cc3ff000
Event: 0.048 Thread 0x000001cae445e890 DEOPT UNPACKING pc=0x000001caf3c146a2 sp=0x00000019cc3fef40 mode 2
Event: 0.057 Thread 0x000001cae445e890 DEOPT PACKING pc=0x000001caec7e1afc sp=0x00000019cc3faa40
Event: 0.057 Thread 0x000001cae445e890 DEOPT UNPACKING pc=0x000001caf3c14e42 sp=0x00000019cc3f9e60 mode 0
Event: 0.067 Thread 0x000001cae445e890 DEOPT PACKING pc=0x000001caec7bb44c sp=0x00000019cc3fd360
Event: 0.067 Thread 0x000001cae445e890 DEOPT UNPACKING pc=0x000001caf3c14e42 sp=0x00000019cc3fc7c8 mode 0
Event: 0.080 Thread 0x000001cae445e890 Uncommon trap: trap_request=0xffffff45 fr.pc=0x000001caf43afbdc relative=0x000000000000091c
Event: 0.080 Thread 0x000001cae445e890 Uncommon trap: reason=unstable_if action=reinterpret pc=0x000001caf43afbdc method=java.util.HashMap.putVal(ILjava/lang/Object;Ljava/lang/Object;ZZ)Ljava/lang/Object; @ 181 c2
Event: 0.080 Thread 0x000001cae445e890 DEOPT PACKING pc=0x000001caf43afbdc sp=0x00000019cc3fd320
Event: 0.080 Thread 0x000001cae445e890 DEOPT UNPACKING pc=0x000001caf3c146a2 sp=0x00000019cc3fd2d0 mode 2
Event: 0.276 Thread 0x000001cae445e890 DEOPT PACKING pc=0x000001caec811ca5 sp=0x00000019cc3fdde0
Event: 0.276 Thread 0x000001cae445e890 DEOPT UNPACKING pc=0x000001caf3c14e42 sp=0x00000019cc3fd230 mode 0
Event: 0.282 Thread 0x000001cae445e890 Uncommon trap: trap_request=0xffffff6e fr.pc=0x000001caf43db470 relative=0x0000000000000430
Event: 0.282 Thread 0x000001cae445e890 Uncommon trap: reason=loop_limit_check action=maybe_recompile pc=0x000001caf43db470 method=java.lang.StringLatin1.indexOf([BI[BII)I @ 37 c2
Event: 0.282 Thread 0x000001cae445e890 DEOPT PACKING pc=0x000001caf43db470 sp=0x00000019cc3feeb0
Event: 0.282 Thread 0x000001cae445e890 DEOPT UNPACKING pc=0x000001caf3c146a2 sp=0x00000019cc3fee10 mode 2

Classes loaded (20 events):
Event: 0.131 Loading class java/io/CharArrayWriter
Event: 0.131 Loading class java/io/CharArrayWriter done
Event: 0.132 Loading class java/io/EOFException
Event: 0.132 Loading class java/io/EOFException done
Event: 0.134 Loading class java/io/SequenceInputStream
Event: 0.134 Loading class java/io/SequenceInputStream done
Event: 0.137 Loading class java/lang/InterruptedException
Event: 0.137 Loading class java/lang/InterruptedException done
Event: 0.137 Loading class java/nio/file/FileVisitor
Event: 0.137 Loading class java/nio/file/FileVisitor done
Event: 0.137 Loading class java/nio/file/AccessDeniedException
Event: 0.137 Loading class java/nio/file/AccessDeniedException done
Event: 0.137 Loading class java/nio/file/FileVisitOption
Event: 0.137 Loading class java/nio/file/FileVisitOption done
Event: 0.137 Loading class java/util/function/IntUnaryOperator
Event: 0.137 Loading class java/util/function/IntUnaryOperator done
Event: 0.138 Loading class java/lang/invoke/DirectMethodHandle$Special
Event: 0.138 Loading class java/lang/invoke/DirectMethodHandle$Special done
Event: 0.149 Loading class java/util/Formatter$FixedString
Event: 0.149 Loading class java/util/Formatter$FixedString done

Classes unloaded (0 events):
No events

Classes redefined (0 events):
No events

Internal exceptions (20 events):
Event: 0.094 Thread 0x000001cae445e890 Exception <a 'sun/nio/fs/WindowsException'{0x00000006226fee98}> (0x00000006226fee98) 
thrown [s\open\src\hotspot\share\prims\jni.cpp, line 520]
Event: 0.098 Thread 0x000001cae445e890 Exception <a 'java/lang/NoSuchMethodError'{0x000000062275fb70}: 'int java.lang.invoke.DirectMethodHandle$Holder.invokeStaticInit(java.lang.Object, java.lang.Object, int, long)'> (0x000000062275fb70) 
thrown [s\open\src\hotspot\share\interpreter\linkResolver.cpp, line 774]
Event: 0.098 Thread 0x000001cae445e890 Exception <a 'java/lang/NoSuchMethodError'{0x0000000622764f28}: 'java.lang.Object java.lang.invoke.DirectMethodHandle$Holder.newInvokeSpecial(java.lang.Object, java.lang.Object, int)'> (0x0000000622764f28) 
thrown [s\open\src\hotspot\share\interpreter\linkResolver.cpp, line 774]
Event: 0.099 Thread 0x000001cae445e890 Exception <a 'java/lang/NoSuchMethodError'{0x0000000622774180}: 'int java.lang.invoke.DirectMethodHandle$Holder.invokeStaticInit(java.lang.Object, java.lang.Object, long, long)'> (0x0000000622774180) 
thrown [s\open\src\hotspot\share\interpreter\linkResolver.cpp, line 774]
Event: 0.099 Thread 0x000001cae445e890 Exception <a 'java/lang/NoSuchMethodError'{0x0000000622779eb8}: 'java.lang.Object java.lang.invoke.DirectMethodHandle$Holder.newInvokeSpecial(java.lang.Object, java.lang.Object, long)'> (0x0000000622779eb8) 
thrown [s\open\src\hotspot\share\interpreter\linkResolver.cpp, line 774]
Event: 0.099 Thread 0x000001cae445e890 Exception <a 'java/lang/NoSuchMethodError'{0x000000062277e010}: 'java.lang.Object java.lang.invoke.Invokers$Holder.linkToTargetMethod(java.lang.Object, long, java.lang.Object)'> (0x000000062277e010) 
thrown [s\open\src\hotspot\share\interpreter\linkResolver.cpp, line 774]
Event: 0.100 Thread 0x000001cae445e890 Exception <a 'java/lang/NoSuchMethodError'{0x0000000622785238}: 'int java.lang.invoke.DirectMethodHandle$Holder.invokeStaticInit(java.lang.Object, java.lang.Object, java.lang.Object, long)'> (0x0000000622785238) 
thrown [s\open\src\hotspot\share\interpreter\linkResolver.cpp, line 774]
Event: 0.125 Thread 0x000001cae445e890 Exception <a 'java/lang/NoSuchMethodError'{0x0000000622025260}: 'java.lang.Object java.lang.invoke.DirectMethodHandle$Holder.newInvokeSpecial(java.lang.Object, long)'> (0x0000000622025260) 
thrown [s\open\src\hotspot\share\interpreter\linkResolver.cpp, line 774]
Event: 0.137 Thread 0x000001cae445e890 Exception <a 'java/lang/NoSuchMethodError'{0x000000062218ade8}: 'int java.lang.invoke.DirectMethodHandle$Holder.invokeSpecial(java.lang.Object, java.lang.Object, int)'> (0x000000062218ade8) 
thrown [s\open\src\hotspot\share\interpreter\linkResolver.cpp, line 774]
Event: 0.139 Thread 0x000001cae445e890 Exception <a 'java/lang/NoSuchMethodError'{0x00000006221a3d78}: 'void java.lang.invoke.DirectMethodHandle$Holder.invokeStaticInit(java.lang.Object, java.lang.Object)'> (0x00000006221a3d78) 
thrown [s\open\src\hotspot\share\interpreter\linkResolver.cpp, line 774]
Event: 0.143 Thread 0x000001cae445e890 Exception <a 'java/lang/NoSuchMethodError'{0x0000000622201120}: 'void java.lang.System.load(java.lang.String, java.lang.Class)'> (0x0000000622201120) 
thrown [s\open\src\hotspot\share\interpreter\linkResolver.cpp, line 774]
Event: 0.144 Thread 0x000001cae445e890 Exception <a 'java/lang/NoSuchMethodError'{0x00000006223c3e48}: 'void java.lang.System.loadLibrary(java.lang.String, java.lang.Class)'> (0x00000006223c3e48) 
thrown [s\open\src\hotspot\share\interpreter\linkResolver.cpp, line 774]
Event: 0.146 Thread 0x000001cae445e890 Exception <a 'sun/nio/fs/WindowsException'{0x00000006223d3b10}> (0x00000006223d3b10) 
thrown [s\open\src\hotspot\share\prims\jni.cpp, line 520]
Event: 0.146 Thread 0x000001cae445e890 Exception <a 'sun/nio/fs/WindowsException'{0x00000006223d3ed0}> (0x00000006223d3ed0) 
thrown [s\open\src\hotspot\share\prims\jni.cpp, line 520]
Event: 0.289 Thread 0x000001cae445e890 Exception <a 'java/lang/NoSuchMethodError'{0x0000000621d17210}: 'void java.lang.System.load(java.lang.String, java.lang.Class)'> (0x0000000621d17210) 
thrown [s\open\src\hotspot\share\interpreter\linkResolver.cpp, line 774]
Event: 0.289 Thread 0x000001cae445e890 Exception <a 'java/lang/NoSuchMethodError'{0x0000000621d19c60}: 'void java.lang.System.loadLibrary(java.lang.String, java.lang.Class)'> (0x0000000621d19c60) 
thrown [s\open\src\hotspot\share\interpreter\linkResolver.cpp, line 774]
Event: 0.291 Thread 0x000001cae445e890 Exception <a 'sun/nio/fs/WindowsException'{0x0000000621d29a20}> (0x0000000621d29a20) 
thrown [s\open\src\hotspot\share\prims\jni.cpp, line 520]
Event: 0.291 Thread 0x000001cae445e890 Exception <a 'sun/nio/fs/WindowsException'{0x0000000621d29e08}> (0x0000000621d29e08) 
thrown [s\open\src\hotspot\share\prims\jni.cpp, line 520]
Event: 0.292 Thread 0x000001cae445e890 Exception <a 'sun/nio/fs/WindowsException'{0x0000000621d335b8}> (0x0000000621d335b8) 
thrown [s\open\src\hotspot\share\prims\jni.cpp, line 520]
Event: 0.292 Thread 0x000001cae445e890 Exception <a 'sun/nio/fs/WindowsException'{0x0000000621d338d8}> (0x0000000621d338d8) 
thrown [s\open\src\hotspot\share\prims\jni.cpp, line 520]

ZGC Phase Switch (0 events):
No events

VM Operations (2 events):
Event: 0.067 Executing VM operation: HandshakeAllThreads (Deoptimize)
Event: 0.067 Executing VM operation: HandshakeAllThreads (Deoptimize) done

Events (18 events):
Event: 0.010 Thread 0x000001cae445e890 Thread added: 0x000001cae445e890
Event: 0.015 Thread 0x000001caff22fb70 Thread added: 0x000001caff22fb70
Event: 0.015 Thread 0x000001caff230c40 Thread added: 0x000001caff230c40
Event: 0.015 Thread 0x000001caff238f00 Thread added: 0x000001caff238f00
Event: 0.015 Thread 0x000001caff23fe90 Thread added: 0x000001caff23fe90
Event: 0.015 Thread 0x000001caff240520 Thread added: 0x000001caff240520
Event: 0.015 Thread 0x000001caff240bb0 Thread added: 0x000001caff240bb0
Event: 0.015 Thread 0x000001ca8a75a660 Thread added: 0x000001ca8a75a660
Event: 0.015 Thread 0x000001caff24a9a0 Thread added: 0x000001caff24a9a0
Event: 0.027 Thread 0x000001caff241240 Thread added: 0x000001caff241240
Event: 0.027 Thread 0x000001ca8a865370 Thread added: 0x000001ca8a865370
Event: 0.029 Thread 0x000001ca8a878e00 Thread added: 0x000001ca8a878e00
Event: 0.031 Thread 0x000001ca8a8aafa0 Thread added: 0x000001ca8a8aafa0
Event: 0.048 Thread 0x000001caff23ddc0 Thread added: 0x000001caff23ddc0
Event: 0.048 Thread 0x000001caff23e450 Thread added: 0x000001caff23e450
Event: 0.105 Thread 0x000001cad023e830 Thread added: 0x000001cad023e830
Event: 0.105 Thread 0x000001cad023f710 Thread added: 0x000001cad023f710
Event: 0.273 Thread 0x000001ca8a8aafa0 Thread exited: 0x000001ca8a8aafa0


Dynamic libraries:
0x00007ff766630000 - 0x00007ff766640000 	C:\Program Files\Java\jdk-22\bin\java.exe
0x00007ffe4d1b0000 - 0x00007ffe4d3a8000 	C:\Windows\SYSTEM32\ntdll.dll
0x00007ffe4cd40000 - 0x00007ffe4ce01000 	C:\Windows\System32\KERNEL32.DLL
0x00007ffe4abd0000 - 0x00007ffe4aec6000 	C:\Windows\System32\KERNELBASE.dll
0x00007ffe4af40000 - 0x00007ffe4b040000 	C:\Windows\System32\ucrtbase.dll
0x00007ffe3dea0000 - 0x00007ffe3deb7000 	C:\Program Files\Java\jdk-22\bin\jli.dll
0x00007ffe4c9e0000 - 0x00007ffe4ca90000 	C:\Windows\System32\ADVAPI32.dll
0x00007ffe3e4f0000 - 0x00007ffe3e50b000 	C:\Program Files\Java\jdk-22\bin\VCRUNTIME140.dll
0x00007ffe4caf0000 - 0x00007ffe4cb8e000 	C:\Windows\System32\msvcrt.dll
0x00007ffe4c890000 - 0x00007ffe4c930000 	C:\Windows\System32\sechost.dll
0x00007ffe4bbe0000 - 0x00007ffe4bd03000 	C:\Windows\System32\RPCRT4.dll
0x00007ffe4b040000 - 0x00007ffe4b067000 	C:\Windows\System32\bcrypt.dll
0x00007ffe4bd10000 - 0x00007ffe4beaf000 	C:\Windows\System32\USER32.dll
0x00007ffe4b070000 - 0x00007ffe4b092000 	C:\Windows\System32\win32u.dll
0x00007ffe34990000 - 0x00007ffe34c2a000 	C:\Windows\WinSxS\amd64_microsoft.windows.common-controls_6595b64144ccf1df_6.0.19041.4355_none_60b8b9eb71f62e16\COMCTL32.dll
0x00007ffe4c930000 - 0x00007ffe4c95b000 	C:\Windows\System32\GDI32.dll
0x00007ffe4aa10000 - 0x00007ffe4ab27000 	C:\Windows\System32\gdi32full.dll
0x00007ffe4ab30000 - 0x00007ffe4abcd000 	C:\Windows\System32\msvcp_win.dll
0x00007ffe42840000 - 0x00007ffe4284a000 	C:\Windows\SYSTEM32\VERSION.dll
0x00007ffe4bf10000 - 0x00007ffe4bf3f000 	C:\Windows\System32\IMM32.DLL
0x00007ffe3f7a0000 - 0x00007ffe3f7ac000 	C:\Program Files\Java\jdk-22\bin\vcruntime140_1.dll
0x00007ffe3a830000 - 0x00007ffe3a8be000 	C:\Program Files\Java\jdk-22\bin\msvcp140.dll
0x00007ffda7890000 - 0x00007ffda85d7000 	C:\Program Files\Java\jdk-22\bin\server\jvm.dll
0x00007ffe4c970000 - 0x00007ffe4c9db000 	C:\Windows\System32\WS2_32.dll
0x00007ffe49de0000 - 0x00007ffe49e2b000 	C:\Windows\SYSTEM32\POWRPROF.dll
0x00007ffe3e4c0000 - 0x00007ffe3e4e7000 	C:\Windows\SYSTEM32\WINMM.dll
0x00007ffe49c50000 - 0x00007ffe49c62000 	C:\Windows\SYSTEM32\UMPDC.dll
0x00007ffe48700000 - 0x00007ffe48712000 	C:\Windows\SYSTEM32\kernel.appcore.dll
0x00007ffe3f600000 - 0x00007ffe3f60a000 	C:\Program Files\Java\jdk-22\bin\jimage.dll
0x00007ffe3da40000 - 0x00007ffe3dc24000 	C:\Windows\SYSTEM32\DBGHELP.DLL
0x00007ffe29f30000 - 0x00007ffe29f64000 	C:\Windows\SYSTEM32\dbgcore.DLL
0x00007ffe4b150000 - 0x00007ffe4b1d2000 	C:\Windows\System32\bcryptPrimitives.dll
0x00007ffe43410000 - 0x00007ffe4341f000 	C:\Program Files\Java\jdk-22\bin\instrument.dll
0x00007ffe3de80000 - 0x00007ffe3de9e000 	C:\Program Files\Java\jdk-22\bin\java.dll
0x00007ffe4bf40000 - 0x00007ffe4c6ac000 	C:\Windows\System32\SHELL32.dll
0x00007ffe4b380000 - 0x00007ffe4b4ab000 	C:\Windows\System32\ole32.dll
0x00007ffe4ce10000 - 0x00007ffe4d163000 	C:\Windows\System32\combase.dll
0x00007ffe48900000 - 0x00007ffe4909e000 	C:\Windows\SYSTEM32\windows.storage.dll
0x00007ffe4a280000 - 0x00007ffe4a2ae000 	C:\Windows\SYSTEM32\Wldp.dll
0x00007ffe4c7c0000 - 0x00007ffe4c88d000 	C:\Windows\System32\OLEAUT32.dll
0x00007ffe4c710000 - 0x00007ffe4c7bd000 	C:\Windows\System32\SHCORE.dll
0x00007ffe4c6b0000 - 0x00007ffe4c705000 	C:\Windows\System32\shlwapi.dll
0x00007ffe4a790000 - 0x00007ffe4a7b4000 	C:\Windows\SYSTEM32\profapi.dll
0x00007ffe0fc10000 - 0x00007ffe0fce7000 	C:\Program Files\Java\jdk-22\bin\jsvml.dll
0x00007ffe3de40000 - 0x00007ffe3de57000 	C:\Program Files\Java\jdk-22\bin\zip.dll
0x00007ffe3df60000 - 0x00007ffe3df70000 	C:\Program Files\Java\jdk-22\bin\net.dll
0x00007ffe49fe0000 - 0x00007ffe4a04a000 	C:\Windows\system32\mswsock.dll
0x00007ffe3de60000 - 0x00007ffe3de76000 	C:\Program Files\Java\jdk-22\bin\nio.dll
0x00007ffe3e560000 - 0x00007ffe3e57a000 	C:\Program Files\JetBrains\IntelliJ IDEA Community Edition 2024.1.1\bin\breakgen64.dll
0x00007ffe3dee0000 - 0x00007ffe3dee9000 	C:\Program Files\Java\jdk-22\bin\extnet.dll
0x00007ffe21f80000 - 0x00007ffe21ffb000 	C:\Users\Redstoner_2019\AppData\Local\Temp\lwjgl_Redstoner_2019\3.3.3+5\x64\lwjgl.dll
0x00007ffdb4920000 - 0x00007ffdb4ae7000 	C:\Users\REDSTO~1\AppData\Local\Temp\lwjgl_Redstoner_2019\3.3.3+5\x64\OpenAL.dll
0x00007ffe4b2d0000 - 0x00007ffe4b379000 	C:\Windows\System32\clbcatq.dll
0x00007ffe46830000 - 0x00007ffe468b5000 	C:\Windows\System32\MMDevApi.dll
0x00007ffe4a5e0000 - 0x00007ffe4a613000 	C:\Windows\System32\DEVOBJ.dll
0x00007ffe4a860000 - 0x00007ffe4a8ae000 	C:\Windows\System32\cfgmgr32.dll
0x00007ffe46ae0000 - 0x00007ffe46c61000 	C:\Windows\SYSTEM32\AUDIOSES.DLL
0x00007ffe48310000 - 0x00007ffe48324000 	C:\Windows\SYSTEM32\resourcepolicyclient.dll
0x00007ffe1aea0000 - 0x00007ffe1af22000 	C:\Users\Redstoner_2019\AppData\Local\Temp\lwjgl_Redstoner_2019\3.3.3+5\x64\lwjgl_stb.dll
0x00007ffe21560000 - 0x00007ffe215be000 	C:\Users\Redstoner_2019\AppData\Local\Temp\lwjgl_Redstoner_2019\3.3.3+5\x64\lwjgl_opengl.dll
0x00007ffdc28c0000 - 0x00007ffdc29e8000 	C:\Windows\SYSTEM32\opengl32.dll
0x00007ffddfd10000 - 0x00007ffddfd3c000 	C:\Windows\SYSTEM32\GLU32.dll

dbghelp: loaded successfully - version: 4.0.5 - missing functions: none
symbol engine: initialized successfully - sym options: 0x614 - pdb path: .;C:\Program Files\Java\jdk-22\bin;C:\Windows\SYSTEM32;C:\Windows\WinSxS\amd64_microsoft.windows.common-controls_6595b64144ccf1df_6.0.19041.4355_none_60b8b9eb71f62e16;C:\Program Files\Java\jdk-22\bin\server;C:\Program Files\JetBrains\IntelliJ IDEA Community Edition 2024.1.1\bin;C:\Users\Redstoner_2019\AppData\Local\Temp\lwjgl_Redstoner_2019\3.3.3+5\x64;C:\Users\REDSTO~1\AppData\Local\Temp\lwjgl_Redstoner_2019\3.3.3+5\x64

VM Arguments:
jvm_args: -javaagent:C:\Program Files\JetBrains\IntelliJ IDEA Community Edition 2024.1.1\lib\idea_rt.jar=64264:C:\Program Files\JetBrains\IntelliJ IDEA Community Edition 2024.1.1\bin -Dfile.encoding=UTF-8 -Dsun.stdout.encoding=UTF-8 -Dsun.stderr.encoding=UTF-8 
java_command: TestMain
java_class_path (initial): C:\Users\Redstoner_2019\Projects\ODGraphics\target\test-classes;C:\Users\Redstoner_2019\Projects\ODGraphics\target\classes;C:\Users\Redstoner_2019\.m2\repository\org\json\json\20240303\json-20240303.jar;C:\Users\Redstoner_2019\.m2\repository\commons-io\commons-io\2.16.1\commons-io-2.16.1.jar;C:\Users\Redstoner_2019\.m2\repository\com\fasterxml\jackson\core\jackson-databind\2.13.4.1\jackson-databind-2.13.4.1.jar;C:\Users\Redstoner_2019\.m2\repository\com\fasterxml\jackson\core\jackson-annotations\2.13.4\jackson-annotations-2.13.4.jar;C:\Users\Redstoner_2019\.m2\repository\com\fasterxml\jackson\core\jackson-core\2.13.4\jackson-core-2.13.4.jar;C:\Users\Redstoner_2019\.m2\repository\org\lwjgl\lwjgl\3.3.3\lwjgl-3.3.3.jar;C:\Users\Redstoner_2019\.m2\repository\org\lwjgl\lwjgl-assimp\3.3.3\lwjgl-assimp-3.3.3.jar;C:\Users\Redstoner_2019\.m2\repository\org\lwjgl\lwjgl-freetype\3.3.3\lwjgl-freetype-3.3.3.jar;C:\Users\Redstoner_2019\.m2\repository\org\lwjgl\lwjgl-glfw\3.3.3\lwjgl-glfw-3.3.3.jar;C:\Users\Redstoner_2019\.m2\repository\org\lwjgl\lwjgl-openal\3.3.3\lwjgl-openal-3.3.3.jar;C:\Users\Redstoner_2019\.m2\repository\org\lwjgl\lwjgl-opengl\3.3.3\lwjgl-opengl-3.3.3.jar;C:\Users\Redstoner_2019\.m2\repository\org\lwjgl\lwjgl-stb\3.3.3\lwjgl-stb-3.3.3.jar;C:\Users\Redstoner_2019\.m2\repository\org\lwjgl\lwjgl\3.3.3\lwjgl-3.3.3-natives-windows.jar;C:\Users\Redstoner_2019\.m2\repository\org\lwjgl\lwjgl-assimp\3.3.3\lwjgl-assimp-3.3.3-natives-windows.jar;C:\Users\Redstoner_2019\.m2\repository\org\lwjgl\lwjgl-freetype\3.3.3\lwjgl-freetype-3.3.3-natives-windows.jar;C:\Users\Redstoner_2019\.m2\repository\org\lwjgl\lwjgl-glfw\3.3.3\lwjgl-glfw-3.3.3-natives-windows.jar;C:\Users\Redstoner_2019\.m2\repository\org\lwjgl\lwjgl-openal\3.3.3\lwjgl-openal-3.3.3-natives-windows.jar;C:\Users\Redstoner_2019\.m2\repository\org\lwjgl\lwjgl-opengl\3.3.3\lwjgl-opengl-3.3.3-natives-windows.jar;C:\Users\Redstoner_2019\.m2\repository\org\lwjgl\lwjgl-stb\3.3.3\lwjgl-stb-3.3.3-natives-windows.jar;C:\Users\Redstoner_2019\.m2\repository\org\joml\joml\1.10.5\joml-1.10.5.jar;C:\Users\Redstoner_2019\.m2\repository\org\joml\joml-primitives\1.10.0\joml-primitives-1.10.0.jar;C:\Users\Redstoner_2019\.m2\repository\org\lwjglx\lwjgl3-awt\0.1.8\lwjgl3-awt-0.1.8.jar;C:\Users\Redstoner_2019\.m2\repository\org\lwjgl\lwjgl-jawt\3.3.3\lwjgl-jawt-3.3.3.jar
Launcher Type: SUN_STANDARD

[Global flags]
     intx CICompilerCount                          = 15                                        {product} {ergonomic}
     uint ConcGCThreads                            = 6                                         {product} {ergonomic}
     uint G1ConcRefinementThreads                  = 23                                        {product} {ergonomic}
   size_t G1HeapRegionSize                         = 4194304                                   {product} {ergonomic}
   size_t InitialHeapSize                          = 536870912                                 {product} {ergonomic}
   size_t MarkStackSize                            = 4194304                                   {product} {ergonomic}
   size_t MaxHeapSize                              = 8543797248                                {product} {ergonomic}
   size_t MaxNewSize                               = 5125439488                                {product} {ergonomic}
   size_t MinHeapDeltaBytes                        = 4194304                                   {product} {ergonomic}
   size_t MinHeapSize                              = 8388608                                   {product} {ergonomic}
    uintx NonNMethodCodeHeapSize                   = 8192380                                {pd product} {ergonomic}
    uintx NonProfiledCodeHeapSize                  = 121732930                              {pd product} {ergonomic}
    uintx ProfiledCodeHeapSize                     = 121732930                              {pd product} {ergonomic}
    uintx ReservedCodeCacheSize                    = 251658240                              {pd product} {ergonomic}
     bool SegmentedCodeCache                       = true                                      {product} {ergonomic}
   size_t SoftMaxHeapSize                          = 8543797248                             {manageable} {ergonomic}
     bool UseCompressedOops                        = true                           {product lp64_product} {ergonomic}
     bool UseG1GC                                  = true                                      {product} {ergonomic}
     bool UseLargePagesIndividualAllocation        = false                                  {pd product} {ergonomic}

Logging:
Log output configuration:
 #0: stdout all=warning uptime,level,tags foldmultilines=false
 #1: stderr all=off uptime,level,tags foldmultilines=false

Environment Variables:
PATH=C:\Program Files\Common Files\Oracle\Java\javapath;C:\Windows\system32;C:\Windows;C:\Windows\System32\Wbem;C:\Windows\System32\WindowsPowerShell\v1.0\;C:\Windows\System32\OpenSSH\;C:\Program Files\NVIDIA Corporation\NVIDIA App\NvDLISR;C:\Program Files (x86)\NVIDIA Corporation\PhysX\Common;C:\Program Files\Git\cmd;C:\Program Files\PuTTY\;C:\Program Files\dotnet\;C:\Users\Redstoner_2019\AppData\Local\Microsoft\WindowsApps;C:\Users\Redstoner_2019\AppData\Local\GitHubDesktop\bin;C:\Users\Redstoner_2019\AppData\Local\atom\bin
USERNAME=Redstoner_2019
OS=Windows_NT
PROCESSOR_IDENTIFIER=Intel64 Family 6 Model 183 Stepping 1, GenuineIntel
TMP=C:\Users\REDSTO~1\AppData\Local\Temp
TEMP=C:\Users\REDSTO~1\AppData\Local\Temp




Periodic native trim disabled

---------------  S Y S T E M  ---------------

OS:
 Windows 10 , 64 bit Build 19041 (10.0.19041.4597)
OS uptime: 2 days 13:45 hours

CPU: total 32 (initial active 32) (16 cores per cpu, 2 threads per core) family 6 model 183 stepping 1 microcode 0x11d, cx8, cmov, fxsr, ht, mmx, 3dnowpref, sse, sse2, sse3, ssse3, sse4.1, sse4.2, popcnt, lzcnt, tsc, tscinvbit, avx, avx2, aes, erms, clmul, bmi1, bmi2, adx, sha, fma, vzeroupper, clflush, clflushopt, clwb, serialize, rdtscp, rdpid, fsrm, f16c, pku, cet_ibt, cet_ss
Processor Information for all 32 processors :
  Max Mhz: 3000, Current Mhz: 3000, Mhz Limit: 3000

Memory: 4k page, system-wide physical 32577M (17313M free)
TotalPageFile size 160577M (AvailPageFile size 141038M)
current process WorkingSet (physical memory assigned to process): 104M, peak: 125M
current process commit charge ("private bytes"): 682M, peak: 710M

vm_info: Java HotSpot(TM) 64-Bit Server VM (22.0.1+8-16) for windows-amd64 JRE (22.0.1+8-16), built on 2024-03-12T10:33:16Z by "mach5one" with MS VC++ 17.6 (VS2022)

END.
