#
# A fatal error has been detected by the Java Runtime Environment:
#
#  EXCEPTION_ACCESS_VIOLATION (0xc0000005) at pc=0x00007ffe2156c75d, pid=17404, tid=7520
#
# JRE version: Java(TM) SE Runtime Environment (22.0.1+8) (build 22.0.1+8-16)
# Java VM: Java HotSpot(TM) 64-Bit Server VM (22.0.1+8-16, mixed mode, sharing, tiered, compressed oops, compressed class ptrs, g1 gc, windows-amd64)
# Problematic frame:
# C  [lwjgl_opengl.dll+0xc75d]
#
# No core dump will be written. Minidumps are not enabled by default on client versions of Windows
#
# If you would like to submit a bug report, please visit:
#   https://bugreport.java.com/bugreport/crash.jsp
# The crash happened outside the Java Virtual Machine in native code.
# See problematic frame for where to report the bug.
#

---------------  S U M M A R Y ------------

Command Line: -javaagent:C:\Program Files\JetBrains\IntelliJ IDEA Community Edition 2024.1.1\lib\idea_rt.jar=64433:C:\Program Files\JetBrains\IntelliJ IDEA Community Edition 2024.1.1\bin -Dfile.encoding=UTF-8 -Dsun.stdout.encoding=UTF-8 -Dsun.stderr.encoding=UTF-8 TestMain

Host: 13th Gen Intel(R) Core(TM) i9-13900KF, 32 cores, 31G,  Windows 10 , 64 bit Build 19041 (10.0.19041.4597)
Time: Wed Jul 17 02:40:24 2024 W. Europe Daylight Time elapsed time: 0.283146 seconds (0d 0h 0m 0s)

---------------  T H R E A D  ---------------

Current thread (0x00000137623ce830):  JavaThread "main"             [_thread_in_native, id=7520, stack(0x0000000e3f300000,0x0000000e3f400000) (1024K)]

Stack: [0x0000000e3f300000,0x0000000e3f400000],  sp=0x0000000e3f3ff2c8,  free space=1020k
Native frames: (J=compiled Java code, j=interpreted, Vv=VM code, C=native code)
C  [lwjgl_opengl.dll+0xc75d]  (no source info available)

Java frames: (J=compiled Java code, j=interpreted, Vv=VM code)
j  org.lwjgl.opengl.GL11C.nglGenTextures(IJ)V+0
j  org.lwjgl.opengl.GL11C.glGenTextures()I+20
j  org.lwjgl.opengl.GL11.glGenTextures()I+0
j  me.redstoner2019.graphics.texture.Texture.loadTexture(Ljava/nio/ByteBuffer;)Lme/redstoner2019/graphics/general/Texture;+69
j  me.redstoner2019.graphics.texture.Texture.loadTextureFromResource(Ljava/lang/String;)Lme/redstoner2019/graphics/general/Texture;+4
j  me.redstoner2019.graphics.texture.TextureProvider.loadTexture(Ljava/lang/String;)V+1
j  TestMain.<init>(FFFF)V+111
j  TestMain.main([Ljava/lang/String;)V+10
v  ~StubRoutines::call_stub 0x0000013771b3100d

siginfo: EXCEPTION_ACCESS_VIOLATION (0xc0000005), reading address 0x00000000000002d8


Registers:
RAX=0x000001374e17f1d0, RBX=0x000001374a617f78, RCX=0x0000000000000001, RDX=0x000001374e27c120
RSP=0x0000000e3f3ff2c8, RBP=0x0000000e3f3ff350, RSI=0x000001374e27c120, RDI=0x00000000000863d2
R8 =0x0000000000000001, R9 =0x000001374e27c120, R10=0x0000000000000000, R11=0x0000000621f66778
R12=0x0000000000000000, R13=0x000001374a617f78, R14=0x0000000e3f3ff380, R15=0x00000137623ce830
RIP=0x00007ffe2156c75d, EFLAGS=0x0000000000010202


Register to memory mapping:

RAX=0x000001374e17f1d0 points into unknown readable memory: 0x0000000000000000 | 00 00 00 00 00 00 00 00
RBX={method} {0x000001374a617f80} 'nglGenTextures' '(IJ)V' in 'org/lwjgl/opengl/GL11C'
RCX=0x0000000000000001 is an unknown value
RDX=0x000001374e27c120 points into unknown readable memory: 0x0000000400000000 | 00 00 00 00 04 00 00 00
RSP=0x0000000e3f3ff2c8 is pointing into the stack for thread: 0x00000137623ce830
RBP=0x0000000e3f3ff350 is pointing into the stack for thread: 0x00000137623ce830
RSI=0x000001374e27c120 points into unknown readable memory: 0x0000000400000000 | 00 00 00 00 04 00 00 00
RDI=0x00000000000863d2 is an unknown value
R8 =0x0000000000000001 is an unknown value
R9 =0x000001374e27c120 points into unknown readable memory: 0x0000000400000000 | 00 00 00 00 04 00 00 00
R10=0x0 is null
R11=0x0000000621f66778 is an oop: java.lang.Class 
{0x0000000621f66778} - klass: 'java/lang/Class'
 - ---- fields (total size 116 words):
 - private volatile transient 'classRedefinedCount' 'I' @12  0 (0x00000000)
 - injected 'klass' 'J' @16  1335902761080 (0x000001370a027078)
 - injected 'array_klass' 'J' @24  0 (0x0000000000000000)
 - injected 'oop_size' 'I' @32  116 (0x00000074)
 - injected 'static_oop_field_count' 'I' @36  0 (0x00000000)
 - private volatile transient 'cachedConstructor' 'Ljava/lang/reflect/Constructor;' @40  null (0x00000000)
 - private transient 'name' 'Ljava/lang/String;' @44  "org.lwjgl.opengl.GL11C"{0x0000000621f66b18} (0xc43ecd63)
 - private transient 'module' 'Ljava/lang/Module;' @48  a 'java/lang/Module'{0x000000062286d208} (0xc450da41)
 - private final 'classLoader' 'Ljava/lang/ClassLoader;' @52  a 'jdk/internal/loader/ClassLoaders$AppClassLoader'{0x000000062286d048} (0xc450da09)
 - private transient 'classData' 'Ljava/lang/Object;' @56  null (0x00000000)
 - private transient 'packageName' 'Ljava/lang/String;' @60  "org.lwjgl.opengl"{0x00000006221808e8} (0xc443011d)
 - private final 'componentType' 'Ljava/lang/Class;' @64  null (0x00000000)
 - private volatile transient 'reflectionData' 'Ljava/lang/ref/SoftReference;' @68  null (0x00000000)
 - private volatile transient 'genericInfo' 'Lsun/reflect/generics/repository/ClassRepository;' @72  null (0x00000000)
 - private volatile transient 'enumConstants' '[Ljava/lang/Object;' @76  null (0x00000000)
 - private volatile transient 'enumConstantDirectory' 'Ljava/util/Map;' @80  null (0x00000000)
 - private volatile transient 'annotationData' 'Ljava/lang/Class$AnnotationData;' @84  null (0x00000000)
 - private volatile transient 'annotationType' 'Lsun/reflect/annotation/AnnotationType;' @88  null (0x00000000)
 - transient 'classValueMap' 'Ljava/lang/ClassValue$ClassValueMap;' @92  null (0x00000000)
 - injected 'protection_domain' 'Ljava/lang/Object;' @96  a 'java/security/ProtectionDomain'{0x0000000621d10660} (0xc43a20cc)
 - injected 'signers_name' 'Ljava/lang/Object;' @100  null (0x00000000)
 - injected 'source_file' 'Ljava/lang/Object;' @104  null (0x00000000)
 - signature: Lorg/lwjgl/opengl/GL11C;
 - ---- static fields (0):
 - public static final 'GL_NEVER' 'I' @112  512 (0x00000200)
 - public static final 'GL_LESS' 'I' @116  513 (0x00000201)
 - public static final 'GL_EQUAL' 'I' @120  514 (0x00000202)
 - public static final 'GL_LEQUAL' 'I' @124  515 (0x00000203)
 - public static final 'GL_GREATER' 'I' @128  516 (0x00000204)
 - public static final 'GL_NOTEQUAL' 'I' @132  517 (0x00000205)
 - public static final 'GL_GEQUAL' 'I' @136  518 (0x00000206)
 - public static final 'GL_ALWAYS' 'I' @140  519 (0x00000207)
 - public static final 'GL_DEPTH_BUFFER_BIT' 'I' @144  256 (0x00000100)
 - public static final 'GL_STENCIL_BUFFER_BIT' 'I' @148  1024 (0x00000400)
 - public static final 'GL_COLOR_BUFFER_BIT' 'I' @152  16384 (0x00004000)
 - public static final 'GL_POINTS' 'I' @156  0 (0x00000000)
 - public static final 'GL_LINES' 'I' @160  1 (0x00000001)
 - public static final 'GL_LINE_LOOP' 'I' @164  2 (0x00000002)
 - public static final 'GL_LINE_STRIP' 'I' @168  3 (0x00000003)
 - public static final 'GL_TRIANGLES' 'I' @172  4 (0x00000004)
 - public static final 'GL_TRIANGLE_STRIP' 'I' @176  5 (0x00000005)
 - public static final 'GL_TRIANGLE_FAN' 'I' @180  6 (0x00000006)
 - public static final 'GL_QUADS' 'I' @184  7 (0x00000007)
 - public static final 'GL_ZERO' 'I' @188  0 (0x00000000)
 - public static final 'GL_ONE' 'I' @192  1 (0x00000001)
 - public static final 'GL_SRC_COLOR' 'I' @196  768 (0x00000300)
 - public static final 'GL_ONE_MINUS_SRC_COLOR' 'I' @200  769 (0x00000301)
 - public static final 'GL_SRC_ALPHA' 'I' @204  770 (0x00000302)
 - public static final 'GL_ONE_MINUS_SRC_ALPHA' 'I' @208  771 (0x00000303)
 - public static final 'GL_DST_ALPHA' 'I' @212  772 (0x00000304)
 - public static final 'GL_ONE_MINUS_DST_ALPHA' 'I' @216  773 (0x00000305)
 - public static final 'GL_DST_COLOR' 'I' @220  774 (0x00000306)
 - public static final 'GL_ONE_MINUS_DST_COLOR' 'I' @224  775 (0x00000307)
 - public static final 'GL_SRC_ALPHA_SATURATE' 'I' @228  776 (0x00000308)
 - public static final 'GL_TRUE' 'I' @232  1 (0x00000001)
 - public static final 'GL_FALSE' 'I' @236  0 (0x00000000)
 - public static final 'GL_BYTE' 'I' @240  5120 (0x00001400)
 - public static final 'GL_UNSIGNED_BYTE' 'I' @244  5121 (0x00001401)
 - public static final 'GL_SHORT' 'I' @248  5122 (0x00001402)
 - public static final 'GL_UNSIGNED_SHORT' 'I' @252  5123 (0x00001403)
 - public static final 'GL_INT' 'I' @256  5124 (0x00001404)
 - public static final 'GL_UNSIGNED_INT' 'I' @260  5125 (0x00001405)
 - public static final 'GL_FLOAT' 'I' @264  5126 (0x00001406)
 - public static final 'GL_DOUBLE' 'I' @268  5130 (0x0000140a)
 - public static final 'GL_NONE' 'I' @272  0 (0x00000000)
 - public static final 'GL_FRONT_LEFT' 'I' @276  1024 (0x00000400)
 - public static final 'GL_FRONT_RIGHT' 'I' @280  1025 (0x00000401)
 - public static final 'GL_BACK_LEFT' 'I' @284  1026 (0x00000402)
 - public static final 'GL_BACK_RIGHT' 'I' @288  1027 (0x00000403)
 - public static final 'GL_FRONT' 'I' @292  1028 (0x00000404)
 - public static final 'GL_BACK' 'I' @296  1029 (0x00000405)
 - public static final 'GL_LEFT' 'I' @300  1030 (0x00000406)
 - public static final 'GL_RIGHT' 'I' @304  1031 (0x00000407)
 - public static final 'GL_FRONT_AND_BACK' 'I' @308  1032 (0x00000408)
 - public static final 'GL_NO_ERROR' 'I' @312  0 (0x00000000)
 - public static final 'GL_INVALID_ENUM' 'I' @316  1280 (0x00000500)
 - public static final 'GL_INVALID_VALUE' 'I' @320  1281 (0x00000501)
 - public static final 'GL_INVALID_OPERATION' 'I' @324  1282 (0x00000502)
 - public static final 'GL_STACK_OVERFLOW' 'I' @328  1283 (0x00000503)
 - public static final 'GL_STACK_UNDERFLOW' 'I' @332  1284 (0x00000504)
 - public static final 'GL_OUT_OF_MEMORY' 'I' @336  1285 (0x00000505)
 - public static final 'GL_CW' 'I' @340  2304 (0x00000900)
 - public static final 'GL_CCW' 'I' @344  2305 (0x00000901)
 - public static final 'GL_POINT_SIZE' 'I' @348  2833 (0x00000b11)
 - public static final 'GL_POINT_SIZE_RANGE' 'I' @352  2834 (0x00000b12)
 - public static final 'GL_POINT_SIZE_GRANULARITY' 'I' @356  2835 (0x00000b13)
 - public static final 'GL_LINE_SMOOTH' 'I' @360  2848 (0x00000b20)
 - public static final 'GL_LINE_WIDTH' 'I' @364  2849 (0x00000b21)
 - public static final 'GL_LINE_WIDTH_RANGE' 'I' @368  2850 (0x00000b22)
 - public static final 'GL_LINE_WIDTH_GRANULARITY' 'I' @372  2851 (0x00000b23)
 - public static final 'GL_POLYGON_MODE' 'I' @376  2880 (0x00000b40)
 - public static final 'GL_POLYGON_SMOOTH' 'I' @380  2881 (0x00000b41)
 - public static final 'GL_CULL_FACE' 'I' @384  2884 (0x00000b44)
 - public static final 'GL_CULL_FACE_MODE' 'I' @388  2885 (0x00000b45)
 - public static final 'GL_FRONT_FACE' 'I' @392  2886 (0x00000b46)
 - public static final 'GL_DEPTH_RANGE' 'I' @396  2928 (0x00000b70)
 - public static final 'GL_DEPTH_TEST' 'I' @400  2929 (0x00000b71)
 - public static final 'GL_DEPTH_WRITEMASK' 'I' @404  2930 (0x00000b72)
 - public static final 'GL_DEPTH_CLEAR_VALUE' 'I' @408  2931 (0x00000b73)
 - public static final 'GL_DEPTH_FUNC' 'I' @412  2932 (0x00000b74)
 - public static final 'GL_STENCIL_TEST' 'I' @416  2960 (0x00000b90)
 - public static final 'GL_STENCIL_CLEAR_VALUE' 'I' @420  2961 (0x00000b91)
 - public static final 'GL_STENCIL_FUNC' 'I' @424  2962 (0x00000b92)
 - public static final 'GL_STENCIL_VALUE_MASK' 'I' @428  2963 (0x00000b93)
 - public static final 'GL_STENCIL_FAIL' 'I' @432  2964 (0x00000b94)
 - public static final 'GL_STENCIL_PASS_DEPTH_FAIL' 'I' @436  2965 (0x00000b95)
 - public static final 'GL_STENCIL_PASS_DEPTH_PASS' 'I' @440  2966 (0x00000b96)
 - public static final 'GL_STENCIL_REF' 'I' @444  2967 (0x00000b97)
 - public static final 'GL_STENCIL_WRITEMASK' 'I' @448  2968 (0x00000b98)
 - public static final 'GL_VIEWPORT' 'I' @452  2978 (0x00000ba2)
 - public static final 'GL_DITHER' 'I' @456  3024 (0x00000bd0)
 - public static final 'GL_BLEND_DST' 'I' @460  3040 (0x00000be0)
 - public static final 'GL_BLEND_SRC' 'I' @464  3041 (0x00000be1)
 - public static final 'GL_BLEND' 'I' @468  3042 (0x00000be2)
 - public static final 'GL_LOGIC_OP_MODE' 'I' @472  3056 (0x00000bf0)
 - public static final 'GL_COLOR_LOGIC_OP' 'I' @476  3058 (0x00000bf2)
 - public static final 'GL_DRAW_BUFFER' 'I' @480  3073 (0x00000c01)
 - public static final 'GL_READ_BUFFER' 'I' @484  3074 (0x00000c02)
 - public static final 'GL_SCISSOR_BOX' 'I' @488  3088 (0x00000c10)
 - public static final 'GL_SCISSOR_TEST' 'I' @492  3089 (0x00000c11)
 - public static final 'GL_COLOR_CLEAR_VALUE' 'I' @496  3106 (0x00000c22)
 - public static final 'GL_COLOR_WRITEMASK' 'I' @500  3107 (0x00000c23)
 - public static final 'GL_DOUBLEBUFFER' 'I' @504  3122 (0x00000c32)
 - public static final 'GL_STEREO' 'I' @508  3123 (0x00000c33)
 - public static final 'GL_LINE_SMOOTH_HINT' 'I' @512  3154 (0x00000c52)
 - public static final 'GL_POLYGON_SMOOTH_HINT' 'I' @516  3155 (0x00000c53)
 - public static final 'GL_UNPACK_SWAP_BYTES' 'I' @520  3312 (0x00000cf0)
 - public static final 'GL_UNPACK_LSB_FIRST' 'I' @524  3313 (0x00000cf1)
 - public static final 'GL_UNPACK_ROW_LENGTH' 'I' @528  3314 (0x00000cf2)
 - public static final 'GL_UNPACK_SKIP_ROWS' 'I' @532  3315 (0x00000cf3)
 - public static final 'GL_UNPACK_SKIP_PIXELS' 'I' @536  3316 (0x00000cf4)
 - public static final 'GL_UNPACK_ALIGNMENT' 'I' @540  3317 (0x00000cf5)
 - public static final 'GL_PACK_SWAP_BYTES' 'I' @544  3328 (0x00000d00)
 - public static final 'GL_PACK_LSB_FIRST' 'I' @548  3329 (0x00000d01)
 - public static final 'GL_PACK_ROW_LENGTH' 'I' @552  3330 (0x00000d02)
 - public static final 'GL_PACK_SKIP_ROWS' 'I' @556  3331 (0x00000d03)
 - public static final 'GL_PACK_SKIP_PIXELS' 'I' @560  3332 (0x00000d04)
 - public static final 'GL_PACK_ALIGNMENT' 'I' @564  3333 (0x00000d05)
 - public static final 'GL_MAX_TEXTURE_SIZE' 'I' @568  3379 (0x00000d33)
 - public static final 'GL_MAX_VIEWPORT_DIMS' 'I' @572  3386 (0x00000d3a)
 - public static final 'GL_SUBPIXEL_BITS' 'I' @576  3408 (0x00000d50)
 - public static final 'GL_TEXTURE_1D' 'I' @580  3552 (0x00000de0)
 - public static final 'GL_TEXTURE_2D' 'I' @584  3553 (0x00000de1)
 - public static final 'GL_TEXTURE_WIDTH' 'I' @588  4096 (0x00001000)
 - public static final 'GL_TEXTURE_HEIGHT' 'I' @592  4097 (0x00001001)
 - public static final 'GL_TEXTURE_INTERNAL_FORMAT' 'I' @596  4099 (0x00001003)
 - public static final 'GL_TEXTURE_BORDER_COLOR' 'I' @600  4100 (0x00001004)
 - public static final 'GL_DONT_CARE' 'I' @604  4352 (0x00001100)
 - public static final 'GL_FASTEST' 'I' @608  4353 (0x00001101)
 - public static final 'GL_NICEST' 'I' @612  4354 (0x00001102)
 - public static final 'GL_CLEAR' 'I' @616  5376 (0x00001500)
 - public static final 'GL_AND' 'I' @620  5377 (0x00001501)
 - public static final 'GL_AND_REVERSE' 'I' @624  5378 (0x00001502)
 - public static final 'GL_COPY' 'I' @628  5379 (0x00001503)
 - public static final 'GL_AND_INVERTED' 'I' @632  5380 (0x00001504)
 - public static final 'GL_NOOP' 'I' @636  5381 (0x00001505)
 - public static final 'GL_XOR' 'I' @640  5382 (0x00001506)
 - public static final 'GL_OR' 'I' @644  5383 (0x00001507)
 - public static final 'GL_NOR' 'I' @648  5384 (0x00001508)
 - public static final 'GL_EQUIV' 'I' @652  5385 (0x00001509)
 - public static final 'GL_INVERT' 'I' @656  5386 (0x0000150a)
 - public static final 'GL_OR_REVERSE' 'I' @660  5387 (0x0000150b)
 - public static final 'GL_COPY_INVERTED' 'I' @664  5388 (0x0000150c)
 - public static final 'GL_OR_INVERTED' 'I' @668  5389 (0x0000150d)
 - public static final 'GL_NAND' 'I' @672  5390 (0x0000150e)
 - public static final 'GL_SET' 'I' @676  5391 (0x0000150f)
 - public static final 'GL_TEXTURE' 'I' @680  5890 (0x00001702)
 - public static final 'GL_COLOR' 'I' @684  6144 (0x00001800)
 - public static final 'GL_DEPTH' 'I' @688  6145 (0x00001801)
 - public static final 'GL_STENCIL' 'I' @692  6146 (0x00001802)
 - public static final 'GL_STENCIL_INDEX' 'I' @696  6401 (0x00001901)
 - public static final 'GL_DEPTH_COMPONENT' 'I' @700  6402 (0x00001902)
 - public static final 'GL_RED' 'I' @704  6403 (0x00001903)
 - public static final 'GL_GREEN' 'I' @708  6404 (0x00001904)
 - public static final 'GL_BLUE' 'I' @712  6405 (0x00001905)
 - public static final 'GL_ALPHA' 'I' @716  6406 (0x00001906)
 - public static final 'GL_RGB' 'I' @720  6407 (0x00001907)
 - public static final 'GL_RGBA' 'I' @724  6408 (0x00001908)
 - public static final 'GL_POINT' 'I' @728  6912 (0x00001b00)
 - public static final 'GL_LINE' 'I' @732  6913 (0x00001b01)
 - public static final 'GL_FILL' 'I' @736  6914 (0x00001b02)
 - public static final 'GL_KEEP' 'I' @740  7680 (0x00001e00)
 - public static final 'GL_REPLACE' 'I' @744  7681 (0x00001e01)
 - public static final 'GL_INCR' 'I' @748  7682 (0x00001e02)
 - public static final 'GL_DECR' 'I' @752  7683 (0x00001e03)
 - public static final 'GL_VENDOR' 'I' @756  7936 (0x00001f00)
 - public static final 'GL_RENDERER' 'I' @760  7937 (0x00001f01)
 - public static final 'GL_VERSION' 'I' @764  7938 (0x00001f02)
 - public static final 'GL_EXTENSIONS' 'I' @768  7939 (0x00001f03)
 - public static final 'GL_NEAREST' 'I' @772  9728 (0x00002600)
 - public static final 'GL_LINEAR' 'I' @776  9729 (0x00002601)
 - public static final 'GL_NEAREST_MIPMAP_NEAREST' 'I' @780  9984 (0x00002700)
 - public static final 'GL_LINEAR_MIPMAP_NEAREST' 'I' @784  9985 (0x00002701)
 - public static final 'GL_NEAREST_MIPMAP_LINEAR' 'I' @788  9986 (0x00002702)
 - public static final 'GL_LINEAR_MIPMAP_LINEAR' 'I' @792  9987 (0x00002703)
 - public static final 'GL_TEXTURE_MAG_FILTER' 'I' @796  10240 (0x00002800)
 - public static final 'GL_TEXTURE_MIN_FILTER' 'I' @800  10241 (0x00002801)
 - public static final 'GL_TEXTURE_WRAP_S' 'I' @804  10242 (0x00002802)
 - public static final 'GL_TEXTURE_WRAP_T' 'I' @808  10243 (0x00002803)
 - public static final 'GL_REPEAT' 'I' @812  10497 (0x00002901)
 - public static final 'GL_POLYGON_OFFSET_FACTOR' 'I' @816  32824 (0x00008038)
 - public static final 'GL_POLYGON_OFFSET_UNITS' 'I' @820  10752 (0x00002a00)
 - public static final 'GL_POLYGON_OFFSET_POINT' 'I' @824  10753 (0x00002a01)
 - public static final 'GL_POLYGON_OFFSET_LINE' 'I' @828  10754 (0x00002a02)
 - public static final 'GL_POLYGON_OFFSET_FILL' 'I' @832  32823 (0x00008037)
 - public static final 'GL_R3_G3_B2' 'I' @836  10768 (0x00002a10)
 - public static final 'GL_RGB4' 'I' @840  32847 (0x0000804f)
 - public static final 'GL_RGB5' 'I' @844  32848 (0x00008050)
 - public static final 'GL_RGB8' 'I' @848  32849 (0x00008051)
 - public static final 'GL_RGB10' 'I' @852  32850 (0x00008052)
 - public static final 'GL_RGB12' 'I' @856  32851 (0x00008053)
 - public static final 'GL_RGB16' 'I' @860  32852 (0x00008054)
 - public static final 'GL_RGBA2' 'I' @864  32853 (0x00008055)
 - public static final 'GL_RGBA4' 'I' @868  32854 (0x00008056)
 - public static final 'GL_RGB5_A1' 'I' @872  32855 (0x00008057)
 - public static final 'GL_RGBA8' 'I' @876  32856 (0x00008058)
 - public static final 'GL_RGB10_A2' 'I' @880  32857 (0x00008059)
 - public static final 'GL_RGBA12' 'I' @884  32858 (0x0000805a)
 - public static final 'GL_RGBA16' 'I' @888  32859 (0x0000805b)
 - public static final 'GL_TEXTURE_RED_SIZE' 'I' @892  32860 (0x0000805c)
 - public static final 'GL_TEXTURE_GREEN_SIZE' 'I' @896  32861 (0x0000805d)
 - public static final 'GL_TEXTURE_BLUE_SIZE' 'I' @900  32862 (0x0000805e)
 - public static final 'GL_TEXTURE_ALPHA_SIZE' 'I' @904  32863 (0x0000805f)
 - public static final 'GL_PROXY_TEXTURE_1D' 'I' @908  32867 (0x00008063)
 - public static final 'GL_PROXY_TEXTURE_2D' 'I' @912  32868 (0x00008064)
 - public static final 'GL_TEXTURE_BINDING_1D' 'I' @916  32872 (0x00008068)
 - public static final 'GL_TEXTURE_BINDING_2D' 'I' @920  32873 (0x00008069)
 - public static final 'GL_VERTEX_ARRAY' 'I' @924  32884 (0x00008074)
R12=0x0 is null
R13={method} {0x000001374a617f80} 'nglGenTextures' '(IJ)V' in 'org/lwjgl/opengl/GL11C'
R14=0x0000000e3f3ff380 is pointing into the stack for thread: 0x00000137623ce830
R15=0x00000137623ce830 is a thread

Top of Stack: (sp=0x0000000e3f3ff2c8)
0x0000000e3f3ff2c8:   0000013771b3cfc7 00000000000863d2
0x0000000e3f3ff2d8:   0000013771b3ccb3 000001374a617f78
0x0000000e3f3ff2e8:   000001374e27c120 0000000e3f3ff368
0x0000000e3f3ff2f8:   0000013771b389b6 0000013771b3cc5b
0x0000000e3f3ff308:   fffffffffffffff7 000001374a617f78
0x0000000e3f3ff318:   0000000000000006 000001374a5cffc8
0x0000000e3f3ff328:   0000000000000000 0000000621f66778
0x0000000e3f3ff338:   000001374a617f78 0000000000000000
0x0000000e3f3ff348:   0000000e3f3ff370 0000000e3f3ff3d0
0x0000000e3f3ff358:   0000013771b388c0 0000000621f66778
0x0000000e3f3ff368:   0000013771b3a517 000001374e27c120
0x0000000e3f3ff378:   0000000000000000 0000000000000001
0x0000000e3f3ff388:   fffffffffffffff7 000001374a618104
0x0000000e3f3ff398:   0000000000000006 000001374a5cffc8
0x0000000e3f3ff3a8:   0000000000000000 0000000621f66778
0x0000000e3f3ff3b8:   000001374a618170 fffffffffffffff4
0x0000000e3f3ff3c8:   0000000e3f3ff408 0000000e3f3ff450
0x0000000e3f3ff3d8:   0000013771b38a08 0000000000000000
0x0000000e3f3ff3e8:   0000000000000000 0000000621f66b90
0x0000000e3f3ff3f8:   000000000000fff4 000000062279ccf0
0x0000000e3f3ff408:   fffffffffffffff7 000001374a5ed508
0x0000000e3f3ff418:   0000000000000001 000001374a614680
0x0000000e3f3ff428:   0000000000000000 0000000621f430e8
0x0000000e3f3ff438:   000001374a5ed520 fffffffffffffff7
0x0000000e3f3ff448:   0000000e3f3ff460 0000000e3f3ff4a8
0x0000000e3f3ff458:   0000013771b38a08 fffffffffffffff7
0x0000000e3f3ff468:   000001374a5bddc5 000000000000000a
0x0000000e3f3ff478:   000001374a5be3b0 0000000000000000
0x0000000e3f3ff488:   0000000621e031f8 000001374a5bdf10
0x0000000e3f3ff498:   fffffffffffffff7 0000000e3f3ff4f8
0x0000000e3f3ff4a8:   0000000e3f3ff548 0000013771b38a5a
0x0000000e3f3ff4b8:   0000000000000000 0000000621e52a50 

Instructions: (pc=0x00007ffe2156c75d)
0x00007ffe2156c65d:   cc cc cc 48 8b 01 41 0f b6 c8 48 8b 50 18 48 ff
0x00007ffe2156c66d:   a2 d0 01 00 00 cc cc cc cc cc cc cc cc cc cc cc
0x00007ffe2156c67d:   cc cc cc 48 8b 01 0f 28 cb 0f 28 c2 48 8b 48 18
0x00007ffe2156c68d:   48 ff a1 d8 01 00 00 cc cc cc cc cc cc cc cc cc
0x00007ffe2156c69d:   cc cc cc 48 8b 01 45 8b d8 44 8b 44 24 28 41 8b
0x00007ffe2156c6ad:   d1 41 8b cb 4c 8b 50 18 49 ff a2 e8 01 00 00 cc
0x00007ffe2156c6bd:   cc cc cc 48 8b 01 41 8b c8 48 8b 50 18 48 ff a2
0x00007ffe2156c6cd:   f0 01 00 00 cc cc cc cc cc cc cc cc cc cc cc cc
0x00007ffe2156c6dd:   cc cc cc 40 53 48 8b 01 41 8b d8 44 8b 44 24 30
0x00007ffe2156c6ed:   41 8b d1 4c 8b 4c 24 38 8b cb 4c 8b 50 18 5b 49
0x00007ffe2156c6fd:   ff a2 f8 01 00 00 cc cc cc cc cc cc cc cc cc cc
0x00007ffe2156c70d:   cc cc cc 48 8b 01 48 8b 48 18 48 ff a1 98 02 00
0x00007ffe2156c71d:   00 cc cc 48 8b 01 48 8b 48 18 48 ff a1 a0 02 00
0x00007ffe2156c72d:   00 cc cc 48 8b 01 41 8b c8 48 8b 50 18 48 ff a2
0x00007ffe2156c73d:   c8 02 00 00 cc cc cc cc cc cc cc cc cc cc cc cc
0x00007ffe2156c74d:   cc cc cc 48 8b 01 49 8b d1 41 8b c8 4c 8b 50 18
0x00007ffe2156c75d:   49 ff a2 d8 02 00 00 cc cc cc cc cc cc cc cc cc
0x00007ffe2156c76d:   cc cc cc 48 8b 01 49 8b d1 41 8b c8 4c 8b 50 18
0x00007ffe2156c77d:   49 ff a2 e0 02 00 00 cc cc cc cc cc cc cc cc cc
0x00007ffe2156c78d:   cc cc cc 48 8b 01 49 8b d1 41 8b c8 4c 8b 50 18
0x00007ffe2156c79d:   49 ff a2 f0 02 00 00 cc cc cc cc cc cc cc cc cc
0x00007ffe2156c7ad:   cc cc cc 48 8b 01 49 8b d1 41 8b c8 4c 8b 50 18
0x00007ffe2156c7bd:   49 ff a2 f8 02 00 00 cc cc cc cc cc cc cc cc cc
0x00007ffe2156c7cd:   cc cc cc 48 8b 01 49 8b d1 41 8b c8 4c 8b 50 18
0x00007ffe2156c7dd:   49 ff a2 00 03 00 00 cc cc cc cc cc cc cc cc cc
0x00007ffe2156c7ed:   cc cc cc 48 8b 01 49 8b d1 41 8b c8 4c 8b 50 18
0x00007ffe2156c7fd:   49 ff a2 08 03 00 00 cc cc cc cc cc cc cc cc cc
0x00007ffe2156c80d:   cc cc cc 48 8b 01 48 8b 48 18 48 8b 81 10 03 00
0x00007ffe2156c81d:   00 48 ff e0 cc cc cc cc cc cc cc cc cc cc cc cc
0x00007ffe2156c82d:   cc cc cc 48 8b 01 49 8b d1 41 8b c8 4c 8b 50 18
0x00007ffe2156c83d:   49 ff a2 68 03 00 00 cc cc cc cc cc cc cc cc cc
0x00007ffe2156c84d:   cc cc cc 48 8b 01 48 8b 48 18 48 8b 81 78 03 00 


Stack slot to memory mapping:

stack at sp + 0 slots: 0x0000013771b3cfc7 is at code_begin+1063 in an Interpreter codelet
native method entry point (kind = native)  [0x0000013771b3cba0, 0x0000013771b3d6c0]  2848 bytes
stack at sp + 1 slots: 0x00000000000863d2 is an unknown value
stack at sp + 2 slots: 0x0000013771b3ccb3 is at code_begin+275 in an Interpreter codelet
native method entry point (kind = native)  [0x0000013771b3cba0, 0x0000013771b3d6c0]  2848 bytes
stack at sp + 3 slots: {method} {0x000001374a617f80} 'nglGenTextures' '(IJ)V' in 'org/lwjgl/opengl/GL11C'
stack at sp + 4 slots: 0x000001374e27c120 points into unknown readable memory: 0x0000000400000000 | 00 00 00 00 04 00 00 00
stack at sp + 5 slots: 0x0000000e3f3ff368 is pointing into the stack for thread: 0x00000137623ce830
stack at sp + 6 slots: 0x0000013771b389b6 is at code_begin+1526 in an Interpreter codelet
return entry points  [0x0000013771b383c0, 0x0000013771b39050]  3216 bytes
stack at sp + 7 slots: 0x0000013771b3cc5b is at code_begin+187 in an Interpreter codelet
native method entry point (kind = native)  [0x0000013771b3cba0, 0x0000013771b3d6c0]  2848 bytes


---------------  P R O C E S S  ---------------

Threads class SMR info:
_java_thread_list=0x000001374e0390a0, length=18, elements={
0x00000137623ce830, 0x000001377f1b9e30, 0x000001377f1bad50, 0x0000013708635fe0,
0x0000013708636cc0, 0x0000013708637720, 0x00000137086407a0, 0x000001370866c2c0,
0x000001370866cb90, 0x0000013708724480, 0x00000137087d2a80, 0x00000137087da330,
0x00000137087dafa0, 0x00000137087df790, 0x00000137088fe340, 0x0000013708902360,
0x000001374e055ba0, 0x000001374e28b4d0
}

Java Threads: ( => current thread )
=>0x00000137623ce830 JavaThread "main"                              [_thread_in_native, id=7520, stack(0x0000000e3f300000,0x0000000e3f400000) (1024K)]
  0x000001377f1b9e30 JavaThread "Reference Handler"          daemon [_thread_blocked, id=24548, stack(0x0000000e3fb00000,0x0000000e3fc00000) (1024K)]
  0x000001377f1bad50 JavaThread "Finalizer"                  daemon [_thread_blocked, id=38896, stack(0x0000000e3fc00000,0x0000000e3fd00000) (1024K)]
  0x0000013708635fe0 JavaThread "Signal Dispatcher"          daemon [_thread_blocked, id=27940, stack(0x0000000e3fd00000,0x0000000e3fe00000) (1024K)]
  0x0000013708636cc0 JavaThread "Attach Listener"            daemon [_thread_blocked, id=16444, stack(0x0000000e3fe00000,0x0000000e3ff00000) (1024K)]
  0x0000013708637720 JavaThread "Service Thread"             daemon [_thread_blocked, id=13696, stack(0x0000000e3ff00000,0x0000000e40000000) (1024K)]
  0x00000137086407a0 JavaThread "Monitor Deflation Thread"   daemon [_thread_blocked, id=944, stack(0x0000000e40000000,0x0000000e40100000) (1024K)]
  0x000001370866c2c0 JavaThread "C2 CompilerThread0"         daemon [_thread_blocked, id=24388, stack(0x0000000e40100000,0x0000000e40200000) (1024K)]
  0x000001370866cb90 JavaThread "C1 CompilerThread0"         daemon [_thread_blocked, id=31148, stack(0x0000000e40200000,0x0000000e40300000) (1024K)]
  0x0000013708724480 JavaThread "C1 CompilerThread1"         daemon [_thread_blocked, id=6380, stack(0x0000000e40300000,0x0000000e40400000) (1024K)]
  0x00000137087d2a80 JavaThread "Common-Cleaner"             daemon [_thread_blocked, id=48536, stack(0x0000000e40400000,0x0000000e40500000) (1024K)]
  0x00000137087da330 JavaThread "C1 CompilerThread2"         daemon [_thread_blocked, id=36512, stack(0x0000000e40500000,0x0000000e40600000) (1024K)]
  0x00000137087dafa0 JavaThread "C1 CompilerThread3"         daemon [_thread_blocked, id=36568, stack(0x0000000e40600000,0x0000000e40700000) (1024K)]
  0x00000137087df790 JavaThread "C2 CompilerThread1"         daemon [_thread_blocked, id=31600, stack(0x0000000e40700000,0x0000000e40800000) (1024K)]
  0x00000137088fe340 JavaThread "Monitor Ctrl-Break"         daemon [_thread_in_native, id=44800, stack(0x0000000e40800000,0x0000000e40900000) (1024K)]
  0x0000013708902360 JavaThread "Notification Thread"        daemon [_thread_blocked, id=13356, stack(0x0000000e40900000,0x0000000e40a00000) (1024K)]
  0x000001374e055ba0 JavaThread "Thread-0"                          [_thread_in_vm, id=28512, stack(0x0000000e40a00000,0x0000000e40b00000) (1024K)]
  0x000001374e28b4d0 JavaThread "C1 CompilerThread4"         daemon [_thread_blocked, id=28572, stack(0x0000000e40b00000,0x0000000e40c00000) (1024K)]
Total: 18

Other Threads:
  0x000001377f19d550 VMThread "VM Thread"                           [id=26488, stack(0x0000000e3fa00000,0x0000000e3fb00000) (1024K)]
  0x00000137086309d0 WatcherThread "VM Periodic Task Thread"        [id=2744, stack(0x0000000e3f900000,0x0000000e3fa00000) (1024K)]
  0x000001376247b310 WorkerThread "GC Thread#0"                     [id=9208, stack(0x0000000e3f400000,0x0000000e3f500000) (1024K)]
  0x000001376248c390 ConcurrentGCThread "G1 Main Marker"            [id=44064, stack(0x0000000e3f500000,0x0000000e3f600000) (1024K)]
  0x000001376248cdb0 WorkerThread "G1 Conc#0"                       [id=35444, stack(0x0000000e3f600000,0x0000000e3f700000) (1024K)]
  0x000001377f0c98f0 ConcurrentGCThread "G1 Refine#0"               [id=21700, stack(0x0000000e3f700000,0x0000000e3f800000) (1024K)]
  0x000001377f0cb390 ConcurrentGCThread "G1 Service"                [id=25456, stack(0x0000000e3f800000,0x0000000e3f900000) (1024K)]
Total: 7

Threads with active compile tasks:
Total: 0

VM state: not at safepoint (normal execution)

VM Mutex/Monitor currently owned by a thread: None

Heap address: 0x0000000602c00000, size: 8148 MB, Compressed Oops mode: Zero based, Oop shift amount: 3

CDS archive(s) mapped at: [0x0000013709000000-0x0000013709c60000-0x0000013709c60000), size 12976128, SharedBaseAddress: 0x0000013709000000, ArchiveRelocationMode: 1.
Compressed class space mapped at: 0x000001370a000000-0x000001374a000000, reserved size: 1073741824
Narrow klass base: 0x0000013709000000, Narrow klass shift: 0, Narrow klass range: 0x41000000

GC Precious Log:
 CardTable entry size: 512
 Card Set container configuration: InlinePtr #cards 4 size 8 Array Of Cards #cards 32 size 80 Howl #buckets 8 coarsen threshold 7372 Howl Bitmap #cards 1024 size 144 coarsen threshold 921 Card regions per heap region 1 cards per card region 8192
 CPUs: 32 total, 32 available
 Memory: 32577M
 Large Page Support: Disabled
 NUMA Support: Disabled
 Compressed Oops: Enabled (Zero based)
 Heap Region Size: 4M
 Heap Min Capacity: 8M
 Heap Initial Capacity: 512M
 Heap Max Capacity: 8148M
 Pre-touch: Disabled
 Parallel Workers: 23
 Concurrent Workers: 6
 Concurrent Refinement Workers: 23
 Periodic GC: Disabled

Heap:
 garbage-first heap   total reserved 8343552K, committed 524288K, used 16384K [0x0000000602c00000, 0x0000000800000000)
  region size 4096K, 4 young (16384K), 0 survivors (0K)
 Metaspace       used 4578K, committed 4736K, reserved 1114112K
  class space    used 311K, committed 384K, reserved 1048576K

Heap Regions: E=young(eden), S=young(survivor), O=old, HS=humongous(starts), HC=humongous(continues), CS=collection set, F=free, TAMS=top-at-mark-start, PB=parsable bottom
|   0|0x0000000602c00000, 0x0000000603000000, 0x0000000603000000|100%|HS|  |TAMS 0x0000000602c00000| PB 0x0000000602c00000| Complete |  0
|   1|0x0000000603000000, 0x0000000603400000, 0x0000000603400000|100%|HS|  |TAMS 0x0000000603000000| PB 0x0000000603000000| Complete |  0
|   2|0x0000000603400000, 0x0000000603400000, 0x0000000603800000|  0%| F|  |TAMS 0x0000000603400000| PB 0x0000000603400000| Untracked |  0
|   3|0x0000000603800000, 0x0000000603800000, 0x0000000603c00000|  0%| F|  |TAMS 0x0000000603800000| PB 0x0000000603800000| Untracked |  0
|   4|0x0000000603c00000, 0x0000000603c00000, 0x0000000604000000|  0%| F|  |TAMS 0x0000000603c00000| PB 0x0000000603c00000| Untracked |  0
|   5|0x0000000604000000, 0x0000000604000000, 0x0000000604400000|  0%| F|  |TAMS 0x0000000604000000| PB 0x0000000604000000| Untracked |  0
|   6|0x0000000604400000, 0x0000000604400000, 0x0000000604800000|  0%| F|  |TAMS 0x0000000604400000| PB 0x0000000604400000| Untracked |  0
|   7|0x0000000604800000, 0x0000000604800000, 0x0000000604c00000|  0%| F|  |TAMS 0x0000000604800000| PB 0x0000000604800000| Untracked |  0
|   8|0x0000000604c00000, 0x0000000604c00000, 0x0000000605000000|  0%| F|  |TAMS 0x0000000604c00000| PB 0x0000000604c00000| Untracked |  0
|   9|0x0000000605000000, 0x0000000605000000, 0x0000000605400000|  0%| F|  |TAMS 0x0000000605000000| PB 0x0000000605000000| Untracked |  0
|  10|0x0000000605400000, 0x0000000605400000, 0x0000000605800000|  0%| F|  |TAMS 0x0000000605400000| PB 0x0000000605400000| Untracked |  0
|  11|0x0000000605800000, 0x0000000605800000, 0x0000000605c00000|  0%| F|  |TAMS 0x0000000605800000| PB 0x0000000605800000| Untracked |  0
|  12|0x0000000605c00000, 0x0000000605c00000, 0x0000000606000000|  0%| F|  |TAMS 0x0000000605c00000| PB 0x0000000605c00000| Untracked |  0
|  13|0x0000000606000000, 0x0000000606000000, 0x0000000606400000|  0%| F|  |TAMS 0x0000000606000000| PB 0x0000000606000000| Untracked |  0
|  14|0x0000000606400000, 0x0000000606400000, 0x0000000606800000|  0%| F|  |TAMS 0x0000000606400000| PB 0x0000000606400000| Untracked |  0
|  15|0x0000000606800000, 0x0000000606800000, 0x0000000606c00000|  0%| F|  |TAMS 0x0000000606800000| PB 0x0000000606800000| Untracked |  0
|  16|0x0000000606c00000, 0x0000000606c00000, 0x0000000607000000|  0%| F|  |TAMS 0x0000000606c00000| PB 0x0000000606c00000| Untracked |  0
|  17|0x0000000607000000, 0x0000000607000000, 0x0000000607400000|  0%| F|  |TAMS 0x0000000607000000| PB 0x0000000607000000| Untracked |  0
|  18|0x0000000607400000, 0x0000000607400000, 0x0000000607800000|  0%| F|  |TAMS 0x0000000607400000| PB 0x0000000607400000| Untracked |  0
|  19|0x0000000607800000, 0x0000000607800000, 0x0000000607c00000|  0%| F|  |TAMS 0x0000000607800000| PB 0x0000000607800000| Untracked |  0
|  20|0x0000000607c00000, 0x0000000607c00000, 0x0000000608000000|  0%| F|  |TAMS 0x0000000607c00000| PB 0x0000000607c00000| Untracked |  0
|  21|0x0000000608000000, 0x0000000608000000, 0x0000000608400000|  0%| F|  |TAMS 0x0000000608000000| PB 0x0000000608000000| Untracked |  0
|  22|0x0000000608400000, 0x0000000608400000, 0x0000000608800000|  0%| F|  |TAMS 0x0000000608400000| PB 0x0000000608400000| Untracked |  0
|  23|0x0000000608800000, 0x0000000608800000, 0x0000000608c00000|  0%| F|  |TAMS 0x0000000608800000| PB 0x0000000608800000| Untracked |  0
|  24|0x0000000608c00000, 0x0000000608c00000, 0x0000000609000000|  0%| F|  |TAMS 0x0000000608c00000| PB 0x0000000608c00000| Untracked |  0
|  25|0x0000000609000000, 0x0000000609000000, 0x0000000609400000|  0%| F|  |TAMS 0x0000000609000000| PB 0x0000000609000000| Untracked |  0
|  26|0x0000000609400000, 0x0000000609400000, 0x0000000609800000|  0%| F|  |TAMS 0x0000000609400000| PB 0x0000000609400000| Untracked |  0
|  27|0x0000000609800000, 0x0000000609800000, 0x0000000609c00000|  0%| F|  |TAMS 0x0000000609800000| PB 0x0000000609800000| Untracked |  0
|  28|0x0000000609c00000, 0x0000000609c00000, 0x000000060a000000|  0%| F|  |TAMS 0x0000000609c00000| PB 0x0000000609c00000| Untracked |  0
|  29|0x000000060a000000, 0x000000060a000000, 0x000000060a400000|  0%| F|  |TAMS 0x000000060a000000| PB 0x000000060a000000| Untracked |  0
|  30|0x000000060a400000, 0x000000060a400000, 0x000000060a800000|  0%| F|  |TAMS 0x000000060a400000| PB 0x000000060a400000| Untracked |  0
|  31|0x000000060a800000, 0x000000060a800000, 0x000000060ac00000|  0%| F|  |TAMS 0x000000060a800000| PB 0x000000060a800000| Untracked |  0
|  32|0x000000060ac00000, 0x000000060ac00000, 0x000000060b000000|  0%| F|  |TAMS 0x000000060ac00000| PB 0x000000060ac00000| Untracked |  0
|  33|0x000000060b000000, 0x000000060b000000, 0x000000060b400000|  0%| F|  |TAMS 0x000000060b000000| PB 0x000000060b000000| Untracked |  0
|  34|0x000000060b400000, 0x000000060b400000, 0x000000060b800000|  0%| F|  |TAMS 0x000000060b400000| PB 0x000000060b400000| Untracked |  0
|  35|0x000000060b800000, 0x000000060b800000, 0x000000060bc00000|  0%| F|  |TAMS 0x000000060b800000| PB 0x000000060b800000| Untracked |  0
|  36|0x000000060bc00000, 0x000000060bc00000, 0x000000060c000000|  0%| F|  |TAMS 0x000000060bc00000| PB 0x000000060bc00000| Untracked |  0
|  37|0x000000060c000000, 0x000000060c000000, 0x000000060c400000|  0%| F|  |TAMS 0x000000060c000000| PB 0x000000060c000000| Untracked |  0
|  38|0x000000060c400000, 0x000000060c400000, 0x000000060c800000|  0%| F|  |TAMS 0x000000060c400000| PB 0x000000060c400000| Untracked |  0
|  39|0x000000060c800000, 0x000000060c800000, 0x000000060cc00000|  0%| F|  |TAMS 0x000000060c800000| PB 0x000000060c800000| Untracked |  0
|  40|0x000000060cc00000, 0x000000060cc00000, 0x000000060d000000|  0%| F|  |TAMS 0x000000060cc00000| PB 0x000000060cc00000| Untracked |  0
|  41|0x000000060d000000, 0x000000060d000000, 0x000000060d400000|  0%| F|  |TAMS 0x000000060d000000| PB 0x000000060d000000| Untracked |  0
|  42|0x000000060d400000, 0x000000060d400000, 0x000000060d800000|  0%| F|  |TAMS 0x000000060d400000| PB 0x000000060d400000| Untracked |  0
|  43|0x000000060d800000, 0x000000060d800000, 0x000000060dc00000|  0%| F|  |TAMS 0x000000060d800000| PB 0x000000060d800000| Untracked |  0
|  44|0x000000060dc00000, 0x000000060dc00000, 0x000000060e000000|  0%| F|  |TAMS 0x000000060dc00000| PB 0x000000060dc00000| Untracked |  0
|  45|0x000000060e000000, 0x000000060e000000, 0x000000060e400000|  0%| F|  |TAMS 0x000000060e000000| PB 0x000000060e000000| Untracked |  0
|  46|0x000000060e400000, 0x000000060e400000, 0x000000060e800000|  0%| F|  |TAMS 0x000000060e400000| PB 0x000000060e400000| Untracked |  0
|  47|0x000000060e800000, 0x000000060e800000, 0x000000060ec00000|  0%| F|  |TAMS 0x000000060e800000| PB 0x000000060e800000| Untracked |  0
|  48|0x000000060ec00000, 0x000000060ec00000, 0x000000060f000000|  0%| F|  |TAMS 0x000000060ec00000| PB 0x000000060ec00000| Untracked |  0
|  49|0x000000060f000000, 0x000000060f000000, 0x000000060f400000|  0%| F|  |TAMS 0x000000060f000000| PB 0x000000060f000000| Untracked |  0
|  50|0x000000060f400000, 0x000000060f400000, 0x000000060f800000|  0%| F|  |TAMS 0x000000060f400000| PB 0x000000060f400000| Untracked |  0
|  51|0x000000060f800000, 0x000000060f800000, 0x000000060fc00000|  0%| F|  |TAMS 0x000000060f800000| PB 0x000000060f800000| Untracked |  0
|  52|0x000000060fc00000, 0x000000060fc00000, 0x0000000610000000|  0%| F|  |TAMS 0x000000060fc00000| PB 0x000000060fc00000| Untracked |  0
|  53|0x0000000610000000, 0x0000000610000000, 0x0000000610400000|  0%| F|  |TAMS 0x0000000610000000| PB 0x0000000610000000| Untracked |  0
|  54|0x0000000610400000, 0x0000000610400000, 0x0000000610800000|  0%| F|  |TAMS 0x0000000610400000| PB 0x0000000610400000| Untracked |  0
|  55|0x0000000610800000, 0x0000000610800000, 0x0000000610c00000|  0%| F|  |TAMS 0x0000000610800000| PB 0x0000000610800000| Untracked |  0
|  56|0x0000000610c00000, 0x0000000610c00000, 0x0000000611000000|  0%| F|  |TAMS 0x0000000610c00000| PB 0x0000000610c00000| Untracked |  0
|  57|0x0000000611000000, 0x0000000611000000, 0x0000000611400000|  0%| F|  |TAMS 0x0000000611000000| PB 0x0000000611000000| Untracked |  0
|  58|0x0000000611400000, 0x0000000611400000, 0x0000000611800000|  0%| F|  |TAMS 0x0000000611400000| PB 0x0000000611400000| Untracked |  0
|  59|0x0000000611800000, 0x0000000611800000, 0x0000000611c00000|  0%| F|  |TAMS 0x0000000611800000| PB 0x0000000611800000| Untracked |  0
|  60|0x0000000611c00000, 0x0000000611c00000, 0x0000000612000000|  0%| F|  |TAMS 0x0000000611c00000| PB 0x0000000611c00000| Untracked |  0
|  61|0x0000000612000000, 0x0000000612000000, 0x0000000612400000|  0%| F|  |TAMS 0x0000000612000000| PB 0x0000000612000000| Untracked |  0
|  62|0x0000000612400000, 0x0000000612400000, 0x0000000612800000|  0%| F|  |TAMS 0x0000000612400000| PB 0x0000000612400000| Untracked |  0
|  63|0x0000000612800000, 0x0000000612800000, 0x0000000612c00000|  0%| F|  |TAMS 0x0000000612800000| PB 0x0000000612800000| Untracked |  0
|  64|0x0000000612c00000, 0x0000000612c00000, 0x0000000613000000|  0%| F|  |TAMS 0x0000000612c00000| PB 0x0000000612c00000| Untracked |  0
|  65|0x0000000613000000, 0x0000000613000000, 0x0000000613400000|  0%| F|  |TAMS 0x0000000613000000| PB 0x0000000613000000| Untracked |  0
|  66|0x0000000613400000, 0x0000000613400000, 0x0000000613800000|  0%| F|  |TAMS 0x0000000613400000| PB 0x0000000613400000| Untracked |  0
|  67|0x0000000613800000, 0x0000000613800000, 0x0000000613c00000|  0%| F|  |TAMS 0x0000000613800000| PB 0x0000000613800000| Untracked |  0
|  68|0x0000000613c00000, 0x0000000613c00000, 0x0000000614000000|  0%| F|  |TAMS 0x0000000613c00000| PB 0x0000000613c00000| Untracked |  0
|  69|0x0000000614000000, 0x0000000614000000, 0x0000000614400000|  0%| F|  |TAMS 0x0000000614000000| PB 0x0000000614000000| Untracked |  0
|  70|0x0000000614400000, 0x0000000614400000, 0x0000000614800000|  0%| F|  |TAMS 0x0000000614400000| PB 0x0000000614400000| Untracked |  0
|  71|0x0000000614800000, 0x0000000614800000, 0x0000000614c00000|  0%| F|  |TAMS 0x0000000614800000| PB 0x0000000614800000| Untracked |  0
|  72|0x0000000614c00000, 0x0000000614c00000, 0x0000000615000000|  0%| F|  |TAMS 0x0000000614c00000| PB 0x0000000614c00000| Untracked |  0
|  73|0x0000000615000000, 0x0000000615000000, 0x0000000615400000|  0%| F|  |TAMS 0x0000000615000000| PB 0x0000000615000000| Untracked |  0
|  74|0x0000000615400000, 0x0000000615400000, 0x0000000615800000|  0%| F|  |TAMS 0x0000000615400000| PB 0x0000000615400000| Untracked |  0
|  75|0x0000000615800000, 0x0000000615800000, 0x0000000615c00000|  0%| F|  |TAMS 0x0000000615800000| PB 0x0000000615800000| Untracked |  0
|  76|0x0000000615c00000, 0x0000000615c00000, 0x0000000616000000|  0%| F|  |TAMS 0x0000000615c00000| PB 0x0000000615c00000| Untracked |  0
|  77|0x0000000616000000, 0x0000000616000000, 0x0000000616400000|  0%| F|  |TAMS 0x0000000616000000| PB 0x0000000616000000| Untracked |  0
|  78|0x0000000616400000, 0x0000000616400000, 0x0000000616800000|  0%| F|  |TAMS 0x0000000616400000| PB 0x0000000616400000| Untracked |  0
|  79|0x0000000616800000, 0x0000000616800000, 0x0000000616c00000|  0%| F|  |TAMS 0x0000000616800000| PB 0x0000000616800000| Untracked |  0
|  80|0x0000000616c00000, 0x0000000616c00000, 0x0000000617000000|  0%| F|  |TAMS 0x0000000616c00000| PB 0x0000000616c00000| Untracked |  0
|  81|0x0000000617000000, 0x0000000617000000, 0x0000000617400000|  0%| F|  |TAMS 0x0000000617000000| PB 0x0000000617000000| Untracked |  0
|  82|0x0000000617400000, 0x0000000617400000, 0x0000000617800000|  0%| F|  |TAMS 0x0000000617400000| PB 0x0000000617400000| Untracked |  0
|  83|0x0000000617800000, 0x0000000617800000, 0x0000000617c00000|  0%| F|  |TAMS 0x0000000617800000| PB 0x0000000617800000| Untracked |  0
|  84|0x0000000617c00000, 0x0000000617c00000, 0x0000000618000000|  0%| F|  |TAMS 0x0000000617c00000| PB 0x0000000617c00000| Untracked |  0
|  85|0x0000000618000000, 0x0000000618000000, 0x0000000618400000|  0%| F|  |TAMS 0x0000000618000000| PB 0x0000000618000000| Untracked |  0
|  86|0x0000000618400000, 0x0000000618400000, 0x0000000618800000|  0%| F|  |TAMS 0x0000000618400000| PB 0x0000000618400000| Untracked |  0
|  87|0x0000000618800000, 0x0000000618800000, 0x0000000618c00000|  0%| F|  |TAMS 0x0000000618800000| PB 0x0000000618800000| Untracked |  0
|  88|0x0000000618c00000, 0x0000000618c00000, 0x0000000619000000|  0%| F|  |TAMS 0x0000000618c00000| PB 0x0000000618c00000| Untracked |  0
|  89|0x0000000619000000, 0x0000000619000000, 0x0000000619400000|  0%| F|  |TAMS 0x0000000619000000| PB 0x0000000619000000| Untracked |  0
|  90|0x0000000619400000, 0x0000000619400000, 0x0000000619800000|  0%| F|  |TAMS 0x0000000619400000| PB 0x0000000619400000| Untracked |  0
|  91|0x0000000619800000, 0x0000000619800000, 0x0000000619c00000|  0%| F|  |TAMS 0x0000000619800000| PB 0x0000000619800000| Untracked |  0
|  92|0x0000000619c00000, 0x0000000619c00000, 0x000000061a000000|  0%| F|  |TAMS 0x0000000619c00000| PB 0x0000000619c00000| Untracked |  0
|  93|0x000000061a000000, 0x000000061a000000, 0x000000061a400000|  0%| F|  |TAMS 0x000000061a000000| PB 0x000000061a000000| Untracked |  0
|  94|0x000000061a400000, 0x000000061a400000, 0x000000061a800000|  0%| F|  |TAMS 0x000000061a400000| PB 0x000000061a400000| Untracked |  0
|  95|0x000000061a800000, 0x000000061a800000, 0x000000061ac00000|  0%| F|  |TAMS 0x000000061a800000| PB 0x000000061a800000| Untracked |  0
|  96|0x000000061ac00000, 0x000000061ac00000, 0x000000061b000000|  0%| F|  |TAMS 0x000000061ac00000| PB 0x000000061ac00000| Untracked |  0
|  97|0x000000061b000000, 0x000000061b000000, 0x000000061b400000|  0%| F|  |TAMS 0x000000061b000000| PB 0x000000061b000000| Untracked |  0
|  98|0x000000061b400000, 0x000000061b400000, 0x000000061b800000|  0%| F|  |TAMS 0x000000061b400000| PB 0x000000061b400000| Untracked |  0
|  99|0x000000061b800000, 0x000000061b800000, 0x000000061bc00000|  0%| F|  |TAMS 0x000000061b800000| PB 0x000000061b800000| Untracked |  0
| 100|0x000000061bc00000, 0x000000061bc00000, 0x000000061c000000|  0%| F|  |TAMS 0x000000061bc00000| PB 0x000000061bc00000| Untracked |  0
| 101|0x000000061c000000, 0x000000061c000000, 0x000000061c400000|  0%| F|  |TAMS 0x000000061c000000| PB 0x000000061c000000| Untracked |  0
| 102|0x000000061c400000, 0x000000061c400000, 0x000000061c800000|  0%| F|  |TAMS 0x000000061c400000| PB 0x000000061c400000| Untracked |  0
| 103|0x000000061c800000, 0x000000061c800000, 0x000000061cc00000|  0%| F|  |TAMS 0x000000061c800000| PB 0x000000061c800000| Untracked |  0
| 104|0x000000061cc00000, 0x000000061cc00000, 0x000000061d000000|  0%| F|  |TAMS 0x000000061cc00000| PB 0x000000061cc00000| Untracked |  0
| 105|0x000000061d000000, 0x000000061d000000, 0x000000061d400000|  0%| F|  |TAMS 0x000000061d000000| PB 0x000000061d000000| Untracked |  0
| 106|0x000000061d400000, 0x000000061d400000, 0x000000061d800000|  0%| F|  |TAMS 0x000000061d400000| PB 0x000000061d400000| Untracked |  0
| 107|0x000000061d800000, 0x000000061d800000, 0x000000061dc00000|  0%| F|  |TAMS 0x000000061d800000| PB 0x000000061d800000| Untracked |  0
| 108|0x000000061dc00000, 0x000000061dc00000, 0x000000061e000000|  0%| F|  |TAMS 0x000000061dc00000| PB 0x000000061dc00000| Untracked |  0
| 109|0x000000061e000000, 0x000000061e000000, 0x000000061e400000|  0%| F|  |TAMS 0x000000061e000000| PB 0x000000061e000000| Untracked |  0
| 110|0x000000061e400000, 0x000000061e400000, 0x000000061e800000|  0%| F|  |TAMS 0x000000061e400000| PB 0x000000061e400000| Untracked |  0
| 111|0x000000061e800000, 0x000000061e800000, 0x000000061ec00000|  0%| F|  |TAMS 0x000000061e800000| PB 0x000000061e800000| Untracked |  0
| 112|0x000000061ec00000, 0x000000061ec00000, 0x000000061f000000|  0%| F|  |TAMS 0x000000061ec00000| PB 0x000000061ec00000| Untracked |  0
| 113|0x000000061f000000, 0x000000061f000000, 0x000000061f400000|  0%| F|  |TAMS 0x000000061f000000| PB 0x000000061f000000| Untracked |  0
| 114|0x000000061f400000, 0x000000061f400000, 0x000000061f800000|  0%| F|  |TAMS 0x000000061f400000| PB 0x000000061f400000| Untracked |  0
| 115|0x000000061f800000, 0x000000061f800000, 0x000000061fc00000|  0%| F|  |TAMS 0x000000061f800000| PB 0x000000061f800000| Untracked |  0
| 116|0x000000061fc00000, 0x000000061fc00000, 0x0000000620000000|  0%| F|  |TAMS 0x000000061fc00000| PB 0x000000061fc00000| Untracked |  0
| 117|0x0000000620000000, 0x0000000620000000, 0x0000000620400000|  0%| F|  |TAMS 0x0000000620000000| PB 0x0000000620000000| Untracked |  0
| 118|0x0000000620400000, 0x0000000620400000, 0x0000000620800000|  0%| F|  |TAMS 0x0000000620400000| PB 0x0000000620400000| Untracked |  0
| 119|0x0000000620800000, 0x0000000620800000, 0x0000000620c00000|  0%| F|  |TAMS 0x0000000620800000| PB 0x0000000620800000| Untracked |  0
| 120|0x0000000620c00000, 0x0000000620c00000, 0x0000000621000000|  0%| F|  |TAMS 0x0000000620c00000| PB 0x0000000620c00000| Untracked |  0
| 121|0x0000000621000000, 0x0000000621000000, 0x0000000621400000|  0%| F|  |TAMS 0x0000000621000000| PB 0x0000000621000000| Untracked |  0
| 122|0x0000000621400000, 0x0000000621400000, 0x0000000621800000|  0%| F|  |TAMS 0x0000000621400000| PB 0x0000000621400000| Untracked |  0
| 123|0x0000000621800000, 0x0000000621800000, 0x0000000621c00000|  0%| F|  |TAMS 0x0000000621800000| PB 0x0000000621800000| Untracked |  0
| 124|0x0000000621c00000, 0x0000000621f833c0, 0x0000000622000000| 87%| E|  |TAMS 0x0000000621c00000| PB 0x0000000621c00000| Complete |  0
| 125|0x0000000622000000, 0x0000000622400000, 0x0000000622400000|100%| E|  |TAMS 0x0000000622000000| PB 0x0000000622000000| Complete |  0
| 126|0x0000000622400000, 0x0000000622800000, 0x0000000622800000|100%| E|CS|TAMS 0x0000000622400000| PB 0x0000000622400000| Complete |  0
| 127|0x0000000622800000, 0x0000000622c00000, 0x0000000622c00000|100%| E|CS|TAMS 0x0000000622800000| PB 0x0000000622800000| Complete |  0

Card table byte_map: [0x000001377ba40000,0x000001377ca30000] _byte_map_base: 0x0000013778a2a000

Marking Bits: (CMBitMap*) 0x000001376247b930
 Bits: [0x0000013700000000, 0x0000013707f50000)

Polling page: 0x0000013760030000

Metaspace:

Usage:
  Non-class:      4.17 MB used.
      Class:    311.41 KB used.
       Both:      4.47 MB used.

Virtual space:
  Non-class space:       64.00 MB reserved,       4.25 MB (  7%) committed,  1 nodes.
      Class space:        1.00 GB reserved,     384.00 KB ( <1%) committed,  1 nodes.
             Both:        1.06 GB reserved,       4.62 MB ( <1%) committed. 

Chunk freelists:
   Non-Class:  9.84 MB
       Class:  15.59 MB
        Both:  25.43 MB

MaxMetaspaceSize: unlimited
CompressedClassSpaceSize: 1.00 GB
Initial GC threshold: 21.00 MB
Current GC threshold: 21.00 MB
CDS: on
 - commit_granule_bytes: 65536.
 - commit_granule_words: 8192.
 - virtual_space_node_default_size: 8388608.
 - enlarge_chunks_in_place: 1.
 - use_allocation_guard: 0.


Internal statistics:

num_allocs_failed_limit: 0.
num_arena_births: 102.
num_arena_deaths: 0.
num_vsnodes_births: 2.
num_vsnodes_deaths: 0.
num_space_committed: 73.
num_space_uncommitted: 0.
num_chunks_returned_to_freelist: 0.
num_chunks_taken_from_freelist: 210.
num_chunk_merges: 0.
num_chunk_splits: 140.
num_chunks_enlarged: 93.
num_inconsistent_stats: 0.

CodeHeap 'non-profiled nmethods': size=118848Kb used=286Kb max_used=286Kb free=118562Kb
 bounds [0x0000013772310000, 0x0000013772580000, 0x0000013779720000]
CodeHeap 'profiled nmethods': size=118848Kb used=1690Kb max_used=1690Kb free=117157Kb
 bounds [0x000001376a720000, 0x000001376a990000, 0x0000013771b30000]
CodeHeap 'non-nmethods': size=8064Kb used=4347Kb max_used=4347Kb free=3716Kb
 bounds [0x0000013771b30000, 0x0000013771f70000, 0x0000013772310000]
 total_blobs=2097 nmethods=1031 adapters=967
 compilation: enabled
              stopped_count=0, restarted_count=0
 full_count=0

Compilation events (20 events):
Event: 0.276 Thread 0x00000137087dafa0 nmethod 1019 0x000001376a8c1510 code [0x000001376a8c16c0, 0x000001376a8c18a8]
Event: 0.276 Thread 0x0000013708724480 nmethod 1017 0x000001376a8c1990 code [0x000001376a8c1b60, 0x000001376a8c1eb0]
Event: 0.276 Thread 0x00000137087da330 nmethod 1022 0x000001376a8c2090 code [0x000001376a8c2280, 0x000001376a8c2780]
Event: 0.276 Thread 0x000001370866cb90 nmethod 1021 0x000001376a8c2910 code [0x000001376a8c2b60, 0x000001376a8c33d0]
Event: 0.276 Thread 0x000001374e28b4d0 nmethod 1020 0x000001376a8c3710 code [0x000001376a8c3960, 0x000001376a8c42e0]
Event: 0.276 Thread 0x000001370866cb90 1024       3       org.lwjgl.system.Platform::get (4 bytes)
Event: 0.276 Thread 0x00000137087df790 nmethod 1015 0x0000013772356610 code [0x0000013772356780, 0x0000013772356988]
Event: 0.276 Thread 0x0000013708724480 1025       3       org.lwjgl.opengl.GL$1::getFunctionAddress (85 bytes)
Event: 0.276 Thread 0x000001370866cb90 nmethod 1024 0x000001376a8c4610 code [0x000001376a8c47a0, 0x000001376a8c4898]
Event: 0.276 Thread 0x0000013708724480 nmethod 1025 0x000001376a8c4910 code [0x000001376a8c4b00, 0x000001376a8c4ff8]
Event: 0.277 Thread 0x00000137087df790 1027       4       org.lwjgl.system.MemoryUtil::encodeASCIIUnsafe (53 bytes)
Event: 0.277 Thread 0x000001370866c2c0 1028       4       org.lwjgl.system.MemoryStack::pop (22 bytes)
Event: 0.277 Thread 0x0000013708724480 1029       3       java.util.jar.Attributes::getValue (9 bytes)
Event: 0.277 Thread 0x00000137087dafa0 1030       3       java.util.jar.Attributes::get (11 bytes)
Event: 0.277 Thread 0x000001370866cb90 1031       3       java.util.LinkedHashMap::get (29 bytes)
Event: 0.278 Thread 0x00000137087dafa0 nmethod 1030 0x000001376a8c5210 code [0x000001376a8c53c0, 0x000001376a8c55a0]
Event: 0.278 Thread 0x0000013708724480 nmethod 1029 0x000001376a8c5690 code [0x000001376a8c5840, 0x000001376a8c5b58]
Event: 0.278 Thread 0x000001370866cb90 nmethod 1031 0x000001376a8c5c90 code [0x000001376a8c5e60, 0x000001376a8c60b0]
Event: 0.278 Thread 0x000001370866c2c0 nmethod 1028 0x0000013772356e90 code [0x0000013772357020, 0x0000013772357110]
Event: 0.278 Thread 0x00000137087df790 nmethod 1027 0x0000013772357210 code [0x00000137723573c0, 0x00000137723575c0]

GC Heap History (0 events):
No events

Dll operation events (13 events):
Event: 0.003 Loaded shared library C:\Program Files\Java\jdk-22\bin\java.dll
Event: 0.016 Loaded shared library C:\Program Files\Java\jdk-22\bin\jsvml.dll
Event: 0.032 Loaded shared library C:\Program Files\Java\jdk-22\bin\zip.dll
Event: 0.033 Loaded shared library C:\Program Files\Java\jdk-22\bin\instrument.dll
Event: 0.035 Loaded shared library C:\Program Files\Java\jdk-22\bin\net.dll
Event: 0.036 Loaded shared library C:\Program Files\Java\jdk-22\bin\nio.dll
Event: 0.037 Loaded shared library C:\Program Files\Java\jdk-22\bin\zip.dll
Event: 0.047 Loaded shared library C:\Program Files\JetBrains\IntelliJ IDEA Community Edition 2024.1.1\bin\breakgen64.dll
Event: 0.050 Loaded shared library C:\Program Files\Java\jdk-22\bin\extnet.dll
Event: 0.061 Loaded shared library C:\Program Files\Java\jdk-22\bin\jimage.dll
Event: 0.069 Loaded shared library C:\Users\Redstoner_2019\AppData\Local\Temp\lwjgl_Redstoner_2019\3.3.3+5\x64\lwjgl.dll
Event: 0.139 Loaded shared library C:\Users\Redstoner_2019\AppData\Local\Temp\lwjgl_Redstoner_2019\3.3.3+5\x64\lwjgl_stb.dll
Event: 0.214 Loaded shared library C:\Users\Redstoner_2019\AppData\Local\Temp\lwjgl_Redstoner_2019\3.3.3+5\x64\lwjgl_opengl.dll

Deoptimization events (20 events):
Event: 0.081 Thread 0x00000137623ce830 Uncommon trap: trap_request=0xffffff45 fr.pc=0x000001377231fde4 relative=0x0000000000000b24
Event: 0.081 Thread 0x00000137623ce830 Uncommon trap: reason=unstable_if action=reinterpret pc=0x000001377231fde4 method=java.util.HashMap.putVal(ILjava/lang/Object;Ljava/lang/Object;ZZ)Ljava/lang/Object; @ 181 c2
Event: 0.081 Thread 0x00000137623ce830 DEOPT PACKING pc=0x000001377231fde4 sp=0x0000000e3f3fd420
Event: 0.081 Thread 0x00000137623ce830 DEOPT UNPACKING pc=0x0000013771b846a2 sp=0x0000000e3f3fd3e0 mode 2
Event: 0.087 Thread 0x00000137623ce830 DEOPT PACKING pc=0x000001376a7e1775 sp=0x0000000e3f3fd5b0
Event: 0.087 Thread 0x00000137623ce830 DEOPT UNPACKING pc=0x0000013771b84e42 sp=0x0000000e3f3fca48 mode 0
Event: 0.087 Thread 0x00000137623ce830 DEOPT PACKING pc=0x000001376a7e1775 sp=0x0000000e3f3fd5b0
Event: 0.087 Thread 0x00000137623ce830 DEOPT UNPACKING pc=0x0000013771b84e42 sp=0x0000000e3f3fca48 mode 0
Event: 0.087 Thread 0x00000137623ce830 DEOPT PACKING pc=0x000001376a7e1775 sp=0x0000000e3f3fd5b0
Event: 0.087 Thread 0x00000137623ce830 DEOPT UNPACKING pc=0x0000013771b84e42 sp=0x0000000e3f3fca48 mode 0
Event: 0.087 Thread 0x00000137623ce830 DEOPT PACKING pc=0x000001376a7e1775 sp=0x0000000e3f3fd5b0
Event: 0.087 Thread 0x00000137623ce830 DEOPT UNPACKING pc=0x0000013771b84e42 sp=0x0000000e3f3fca48 mode 0
Event: 0.088 Thread 0x00000137623ce830 DEOPT PACKING pc=0x000001376a7e1775 sp=0x0000000e3f3fd5b0
Event: 0.088 Thread 0x00000137623ce830 DEOPT UNPACKING pc=0x0000013771b84e42 sp=0x0000000e3f3fca48 mode 0
Event: 0.130 Thread 0x00000137623ce830 DEOPT PACKING pc=0x000001376a7822a5 sp=0x0000000e3f3fd610
Event: 0.130 Thread 0x00000137623ce830 DEOPT UNPACKING pc=0x0000013771b84e42 sp=0x0000000e3f3fca60 mode 0
Event: 0.136 Thread 0x00000137623ce830 Uncommon trap: trap_request=0xffffff6e fr.pc=0x000001377234e36c relative=0x000000000000042c
Event: 0.136 Thread 0x00000137623ce830 Uncommon trap: reason=loop_limit_check action=maybe_recompile pc=0x000001377234e36c method=java.lang.StringLatin1.indexOf([BI[BII)I @ 37 c2
Event: 0.136 Thread 0x00000137623ce830 DEOPT PACKING pc=0x000001377234e36c sp=0x0000000e3f3fd8d0
Event: 0.136 Thread 0x00000137623ce830 DEOPT UNPACKING pc=0x0000013771b846a2 sp=0x0000000e3f3fd830 mode 2

Classes loaded (20 events):
Event: 0.125 Loading class java/io/EOFException
Event: 0.125 Loading class java/io/EOFException done
Event: 0.126 Loading class java/io/SequenceInputStream
Event: 0.126 Loading class java/io/SequenceInputStream done
Event: 0.129 Loading class java/lang/InterruptedException
Event: 0.129 Loading class java/lang/InterruptedException done
Event: 0.129 Loading class java/nio/file/FileVisitor
Event: 0.129 Loading class java/nio/file/FileVisitor done
Event: 0.129 Loading class java/nio/file/AccessDeniedException
Event: 0.129 Loading class java/nio/file/AccessDeniedException done
Event: 0.129 Loading class java/nio/file/FileVisitOption
Event: 0.129 Loading class java/nio/file/FileVisitOption done
Event: 0.130 Loading class java/util/function/IntUnaryOperator
Event: 0.130 Loading class java/util/function/IntUnaryOperator done
Event: 0.130 Loading class java/lang/invoke/DirectMethodHandle$Special
Event: 0.130 Loading class java/lang/invoke/DirectMethodHandle$Special done
Event: 0.139 Loading class jdk/internal/foreign/MemorySessionImpl
Event: 0.139 Loading class java/lang/foreign/MemorySegment$Scope
Event: 0.139 Loading class java/lang/foreign/MemorySegment$Scope done
Event: 0.139 Loading class jdk/internal/foreign/MemorySessionImpl done

Classes unloaded (0 events):
No events

Classes redefined (0 events):
No events

Internal exceptions (20 events):
Event: 0.092 Thread 0x000001374e055ba0 Exception <a 'java/lang/NoSuchMethodError'{0x000000062201e238}: 'java.lang.Object java.lang.invoke.Invokers$Holder.linkToTargetMethod(java.lang.Object, long, java.lang.Object)'> (0x000000062201e238) 
thrown [s\open\src\hotspot\share\interpreter\linkResolver.cpp, line 774]
Event: 0.092 Thread 0x000001374e055ba0 Exception <a 'java/lang/NoSuchMethodError'{0x0000000622025460}: 'int java.lang.invoke.DirectMethodHandle$Holder.invokeStaticInit(java.lang.Object, java.lang.Object, java.lang.Object, long)'> (0x0000000622025460) 
thrown [s\open\src\hotspot\share\interpreter\linkResolver.cpp, line 774]
Event: 0.094 Thread 0x00000137623ce830 Exception <a 'sun/nio/fs/WindowsException'{0x0000000622793c08}> (0x0000000622793c08) 
thrown [s\open\src\hotspot\share\prims\jni.cpp, line 520]
Event: 0.094 Thread 0x00000137623ce830 Exception <a 'sun/nio/fs/WindowsException'{0x0000000622793fc8}> (0x0000000622793fc8) 
thrown [s\open\src\hotspot\share\prims\jni.cpp, line 520]
Event: 0.104 Thread 0x000001374e055ba0 Exception <a 'sun/nio/fs/WindowsException'{0x00000006221466c0}> (0x00000006221466c0) 
thrown [s\open\src\hotspot\share\prims\jni.cpp, line 520]
Event: 0.104 Thread 0x000001374e055ba0 Exception <a 'sun/nio/fs/WindowsException'{0x0000000622146a70}> (0x0000000622146a70) 
thrown [s\open\src\hotspot\share\prims\jni.cpp, line 520]
Event: 0.105 Thread 0x000001374e055ba0 Exception <a 'java/lang/NoSuchMethodError'{0x000000062214d030}: 'int java.lang.invoke.Invokers$Holder.invokeExact_MT(java.lang.Object, java.lang.Object)'> (0x000000062214d030) 
thrown [s\open\src\hotspot\share\interpreter\linkResolver.cpp, line 774]
Event: 0.118 Thread 0x00000137623ce830 Exception <a 'java/lang/NoSuchMethodError'{0x00000006221a6230}: 'java.lang.Object java.lang.invoke.DirectMethodHandle$Holder.newInvokeSpecial(java.lang.Object, long)'> (0x00000006221a6230) 
thrown [s\open\src\hotspot\share\interpreter\linkResolver.cpp, line 774]
Event: 0.130 Thread 0x00000137623ce830 Exception <a 'java/lang/NoSuchMethodError'{0x0000000622284e88}: 'int java.lang.invoke.DirectMethodHandle$Holder.invokeSpecial(java.lang.Object, java.lang.Object, int)'> (0x0000000622284e88) 
thrown [s\open\src\hotspot\share\interpreter\linkResolver.cpp, line 774]
Event: 0.131 Thread 0x00000137623ce830 Exception <a 'java/lang/NoSuchMethodError'{0x00000006222a7f60}: 'void java.lang.invoke.DirectMethodHandle$Holder.invokeStaticInit(java.lang.Object, java.lang.Object)'> (0x00000006222a7f60) 
thrown [s\open\src\hotspot\share\interpreter\linkResolver.cpp, line 774]
Event: 0.136 Thread 0x00000137623ce830 Exception <a 'java/lang/NoSuchMethodError'{0x0000000622304cb8}: 'void java.lang.System.load(java.lang.String, java.lang.Class)'> (0x0000000622304cb8) 
thrown [s\open\src\hotspot\share\interpreter\linkResolver.cpp, line 774]
Event: 0.136 Thread 0x00000137623ce830 Exception <a 'java/lang/NoSuchMethodError'{0x0000000622307708}: 'void java.lang.System.loadLibrary(java.lang.String, java.lang.Class)'> (0x0000000622307708) 
thrown [s\open\src\hotspot\share\interpreter\linkResolver.cpp, line 774]
Event: 0.139 Thread 0x00000137623ce830 Exception <a 'sun/nio/fs/WindowsException'{0x00000006223d77e0}> (0x00000006223d77e0) 
thrown [s\open\src\hotspot\share\prims\jni.cpp, line 520]
Event: 0.139 Thread 0x00000137623ce830 Exception <a 'sun/nio/fs/WindowsException'{0x00000006223d7ba0}> (0x00000006223d7ba0) 
thrown [s\open\src\hotspot\share\prims\jni.cpp, line 520]
Event: 0.211 Thread 0x000001374e055ba0 Exception <a 'java/lang/NoSuchMethodError'{0x0000000621d16428}: 'void java.lang.System.load(java.lang.String, java.lang.Class)'> (0x0000000621d16428) 
thrown [s\open\src\hotspot\share\interpreter\linkResolver.cpp, line 774]
Event: 0.212 Thread 0x000001374e055ba0 Exception <a 'java/lang/NoSuchMethodError'{0x0000000621d18e78}: 'void java.lang.System.loadLibrary(java.lang.String, java.lang.Class)'> (0x0000000621d18e78) 
thrown [s\open\src\hotspot\share\interpreter\linkResolver.cpp, line 774]
Event: 0.213 Thread 0x000001374e055ba0 Exception <a 'sun/nio/fs/WindowsException'{0x0000000621d28bd0}> (0x0000000621d28bd0) 
thrown [s\open\src\hotspot\share\prims\jni.cpp, line 520]
Event: 0.213 Thread 0x000001374e055ba0 Exception <a 'sun/nio/fs/WindowsException'{0x0000000621d28fb8}> (0x0000000621d28fb8) 
thrown [s\open\src\hotspot\share\prims\jni.cpp, line 520]
Event: 0.215 Thread 0x000001374e055ba0 Exception <a 'sun/nio/fs/WindowsException'{0x0000000621d329d8}> (0x0000000621d329d8) 
thrown [s\open\src\hotspot\share\prims\jni.cpp, line 520]
Event: 0.215 Thread 0x000001374e055ba0 Exception <a 'sun/nio/fs/WindowsException'{0x0000000621d32cf8}> (0x0000000621d32cf8) 
thrown [s\open\src\hotspot\share\prims\jni.cpp, line 520]

ZGC Phase Switch (0 events):
No events

VM Operations (2 events):
Event: 0.066 Executing VM operation: HandshakeAllThreads (Deoptimize)
Event: 0.066 Executing VM operation: HandshakeAllThreads (Deoptimize) done

Events (18 events):
Event: 0.010 Thread 0x00000137623ce830 Thread added: 0x00000137623ce830
Event: 0.015 Thread 0x000001377f1b9e30 Thread added: 0x000001377f1b9e30
Event: 0.015 Thread 0x000001377f1bad50 Thread added: 0x000001377f1bad50
Event: 0.015 Thread 0x0000013708635fe0 Thread added: 0x0000013708635fe0
Event: 0.015 Thread 0x0000013708636cc0 Thread added: 0x0000013708636cc0
Event: 0.015 Thread 0x0000013708637720 Thread added: 0x0000013708637720
Event: 0.015 Thread 0x00000137086407a0 Thread added: 0x00000137086407a0
Event: 0.015 Thread 0x000001370866c2c0 Thread added: 0x000001370866c2c0
Event: 0.015 Thread 0x000001370866cb90 Thread added: 0x000001370866cb90
Event: 0.017 Thread 0x0000013708724480 Thread added: 0x0000013708724480
Event: 0.026 Thread 0x00000137087d2a80 Thread added: 0x00000137087d2a80
Event: 0.029 Thread 0x00000137087da330 Thread added: 0x00000137087da330
Event: 0.029 Thread 0x00000137087dafa0 Thread added: 0x00000137087dafa0
Event: 0.031 Thread 0x00000137087df790 Thread added: 0x00000137087df790
Event: 0.047 Thread 0x00000137088fe340 Thread added: 0x00000137088fe340
Event: 0.047 Thread 0x0000013708902360 Thread added: 0x0000013708902360
Event: 0.050 Thread 0x000001374e055ba0 Thread added: 0x000001374e055ba0
Event: 0.098 Thread 0x000001374e28b4d0 Thread added: 0x000001374e28b4d0


Dynamic libraries:
0x00007ff766630000 - 0x00007ff766640000 	C:\Program Files\Java\jdk-22\bin\java.exe
0x00007ffe4d1b0000 - 0x00007ffe4d3a8000 	C:\Windows\SYSTEM32\ntdll.dll
0x00007ffe4cd40000 - 0x00007ffe4ce01000 	C:\Windows\System32\KERNEL32.DLL
0x00007ffe4abd0000 - 0x00007ffe4aec6000 	C:\Windows\System32\KERNELBASE.dll
0x00007ffe4af40000 - 0x00007ffe4b040000 	C:\Windows\System32\ucrtbase.dll
0x00007ffe3e4f0000 - 0x00007ffe3e50b000 	C:\Program Files\Java\jdk-22\bin\VCRUNTIME140.dll
0x00007ffe3dea0000 - 0x00007ffe3deb7000 	C:\Program Files\Java\jdk-22\bin\jli.dll
0x00007ffe4c9e0000 - 0x00007ffe4ca90000 	C:\Windows\System32\ADVAPI32.dll
0x00007ffe4caf0000 - 0x00007ffe4cb8e000 	C:\Windows\System32\msvcrt.dll
0x00007ffe4c890000 - 0x00007ffe4c930000 	C:\Windows\System32\sechost.dll
0x00007ffe4bbe0000 - 0x00007ffe4bd03000 	C:\Windows\System32\RPCRT4.dll
0x00007ffe4b040000 - 0x00007ffe4b067000 	C:\Windows\System32\bcrypt.dll
0x00007ffe4bd10000 - 0x00007ffe4beaf000 	C:\Windows\System32\USER32.dll
0x00007ffe4b070000 - 0x00007ffe4b092000 	C:\Windows\System32\win32u.dll
0x00007ffe4c930000 - 0x00007ffe4c95b000 	C:\Windows\System32\GDI32.dll
0x00007ffe34990000 - 0x00007ffe34c2a000 	C:\Windows\WinSxS\amd64_microsoft.windows.common-controls_6595b64144ccf1df_6.0.19041.4355_none_60b8b9eb71f62e16\COMCTL32.dll
0x00007ffe4aa10000 - 0x00007ffe4ab27000 	C:\Windows\System32\gdi32full.dll
0x00007ffe4ab30000 - 0x00007ffe4abcd000 	C:\Windows\System32\msvcp_win.dll
0x00007ffe42840000 - 0x00007ffe4284a000 	C:\Windows\SYSTEM32\VERSION.dll
0x00007ffe4bf10000 - 0x00007ffe4bf3f000 	C:\Windows\System32\IMM32.DLL
0x00007ffe3f7a0000 - 0x00007ffe3f7ac000 	C:\Program Files\Java\jdk-22\bin\vcruntime140_1.dll
0x00007ffe3a830000 - 0x00007ffe3a8be000 	C:\Program Files\Java\jdk-22\bin\msvcp140.dll
0x00007ffda7890000 - 0x00007ffda85d7000 	C:\Program Files\Java\jdk-22\bin\server\jvm.dll
0x00007ffe4c970000 - 0x00007ffe4c9db000 	C:\Windows\System32\WS2_32.dll
0x00007ffe49de0000 - 0x00007ffe49e2b000 	C:\Windows\SYSTEM32\POWRPROF.dll
0x00007ffe3e4c0000 - 0x00007ffe3e4e7000 	C:\Windows\SYSTEM32\WINMM.dll
0x00007ffe49c50000 - 0x00007ffe49c62000 	C:\Windows\SYSTEM32\UMPDC.dll
0x00007ffe48700000 - 0x00007ffe48712000 	C:\Windows\SYSTEM32\kernel.appcore.dll
0x00007ffe3f600000 - 0x00007ffe3f60a000 	C:\Program Files\Java\jdk-22\bin\jimage.dll
0x00007ffe3da40000 - 0x00007ffe3dc24000 	C:\Windows\SYSTEM32\DBGHELP.DLL
0x00007ffe29f30000 - 0x00007ffe29f64000 	C:\Windows\SYSTEM32\dbgcore.DLL
0x00007ffe4b150000 - 0x00007ffe4b1d2000 	C:\Windows\System32\bcryptPrimitives.dll
0x00007ffe43370000 - 0x00007ffe4337f000 	C:\Program Files\Java\jdk-22\bin\instrument.dll
0x00007ffe3de80000 - 0x00007ffe3de9e000 	C:\Program Files\Java\jdk-22\bin\java.dll
0x00007ffe4bf40000 - 0x00007ffe4c6ac000 	C:\Windows\System32\SHELL32.dll
0x00007ffe4b380000 - 0x00007ffe4b4ab000 	C:\Windows\System32\ole32.dll
0x00007ffe4ce10000 - 0x00007ffe4d163000 	C:\Windows\System32\combase.dll
0x00007ffe48900000 - 0x00007ffe4909e000 	C:\Windows\SYSTEM32\windows.storage.dll
0x00007ffe4a280000 - 0x00007ffe4a2ae000 	C:\Windows\SYSTEM32\Wldp.dll
0x00007ffe4c7c0000 - 0x00007ffe4c88d000 	C:\Windows\System32\OLEAUT32.dll
0x00007ffe4c710000 - 0x00007ffe4c7bd000 	C:\Windows\System32\SHCORE.dll
0x00007ffe4c6b0000 - 0x00007ffe4c705000 	C:\Windows\System32\shlwapi.dll
0x00007ffe4a790000 - 0x00007ffe4a7b4000 	C:\Windows\SYSTEM32\profapi.dll
0x00007ffe0fc10000 - 0x00007ffe0fce7000 	C:\Program Files\Java\jdk-22\bin\jsvml.dll
0x00007ffe3de40000 - 0x00007ffe3de57000 	C:\Program Files\Java\jdk-22\bin\zip.dll
0x00007ffe3df60000 - 0x00007ffe3df70000 	C:\Program Files\Java\jdk-22\bin\net.dll
0x00007ffe49fe0000 - 0x00007ffe4a04a000 	C:\Windows\system32\mswsock.dll
0x00007ffe3de60000 - 0x00007ffe3de76000 	C:\Program Files\Java\jdk-22\bin\nio.dll
0x00007ffe3e540000 - 0x00007ffe3e55a000 	C:\Program Files\JetBrains\IntelliJ IDEA Community Edition 2024.1.1\bin\breakgen64.dll
0x00007ffe3dee0000 - 0x00007ffe3dee9000 	C:\Program Files\Java\jdk-22\bin\extnet.dll
0x00007ffe21f80000 - 0x00007ffe21ffb000 	C:\Users\Redstoner_2019\AppData\Local\Temp\lwjgl_Redstoner_2019\3.3.3+5\x64\lwjgl.dll
0x00007ffdfef50000 - 0x00007ffdff117000 	C:\Users\REDSTO~1\AppData\Local\Temp\lwjgl_Redstoner_2019\3.3.3+5\x64\OpenAL.dll
0x00007ffe18c30000 - 0x00007ffe18cb2000 	C:\Users\REDSTO~1\AppData\Local\Temp\lwjgl_Redstoner_2019\3.3.3+5\x64\glfw.dll
0x00007ffe4b2d0000 - 0x00007ffe4b379000 	C:\Windows\System32\clbcatq.dll
0x00007ffe46830000 - 0x00007ffe468b5000 	C:\Windows\System32\MMDevApi.dll
0x00007ffe4a5e0000 - 0x00007ffe4a613000 	C:\Windows\System32\DEVOBJ.dll
0x00007ffe4a860000 - 0x00007ffe4a8ae000 	C:\Windows\System32\cfgmgr32.dll
0x00007ffe46ae0000 - 0x00007ffe46c61000 	C:\Windows\SYSTEM32\AUDIOSES.DLL
0x00007ffe33a80000 - 0x00007ffe33ac5000 	C:\Windows\SYSTEM32\dinput8.dll
0x00007ffe3a5f0000 - 0x00007ffe3a601000 	C:\Windows\SYSTEM32\xinput1_4.dll
0x00007ffe48410000 - 0x00007ffe4843f000 	C:\Windows\SYSTEM32\dwmapi.dll
0x00007ffe3a0d0000 - 0x00007ffe3a222000 	C:\Windows\SYSTEM32\inputhost.dll
0x00007ffe46620000 - 0x00007ffe46712000 	C:\Windows\SYSTEM32\CoreMessaging.dll
0x00007ffe47180000 - 0x00007ffe472d7000 	C:\Windows\SYSTEM32\wintypes.dll
0x00007ffe46250000 - 0x00007ffe465ab000 	C:\Windows\SYSTEM32\CoreUIComponents.dll
0x00007ffe47b10000 - 0x00007ffe47c06000 	C:\Windows\SYSTEM32\PROPSYS.dll
0x00007ffe499b0000 - 0x00007ffe499e3000 	C:\Windows\SYSTEM32\ntmarta.dll
0x00007ffe48310000 - 0x00007ffe48324000 	C:\Windows\SYSTEM32\resourcepolicyclient.dll
0x00007ffe48180000 - 0x00007ffe4821e000 	C:\Windows\system32\uxtheme.dll
0x00007ffe4b4b0000 - 0x00007ffe4b5c4000 	C:\Windows\System32\MSCTF.dll
0x00007ffdc28c0000 - 0x00007ffdc29e8000 	C:\Windows\SYSTEM32\opengl32.dll
0x00007ffddfd10000 - 0x00007ffddfd3c000 	C:\Windows\SYSTEM32\GLU32.dll
0x00007ffe42bb0000 - 0x00007ffe42cb3000 	C:\Windows\System32\AppXDeploymentClient.dll
0x00007ffda52a0000 - 0x00007ffda7888000 	C:\Windows\System32\DriverStore\FileRepository\nv_dispi.inf_amd64_1196b342b24df5d1\nvoglv64.dll
0x00007ffe4b6e0000 - 0x00007ffe4bb4e000 	C:\Windows\System32\SETUPAPI.dll
0x00007ffe44450000 - 0x00007ffe44464000 	C:\Windows\SYSTEM32\WTSAPI32.dll
0x00007ffe4a410000 - 0x00007ffe4a422000 	C:\Windows\SYSTEM32\msasn1.dll
0x00007ffe427d0000 - 0x00007ffe42801000 	C:\Windows\SYSTEM32\cryptnet.dll
0x00007ffe4a8b0000 - 0x00007ffe4aa0e000 	C:\Windows\System32\CRYPT32.dll
0x00007ffe4a1d0000 - 0x00007ffe4a1dc000 	C:\Windows\SYSTEM32\cryptbase.dll
0x00007ffe423c0000 - 0x00007ffe42507000 	C:\Windows\SYSTEM32\drvstore.dll
0x00007ffe4aed0000 - 0x00007ffe4af39000 	C:\Windows\System32\WINTRUST.dll
0x00007ffe4bbc0000 - 0x00007ffe4bbdd000 	C:\Windows\System32\imagehlp.dll
0x00007ffe06a70000 - 0x00007ffe06af2000 	C:\Users\Redstoner_2019\AppData\Local\Temp\lwjgl_Redstoner_2019\3.3.3+5\x64\lwjgl_stb.dll
0x00007ffe4a1e0000 - 0x00007ffe4a1f8000 	C:\Windows\SYSTEM32\CRYPTSP.dll
0x00007ffe49890000 - 0x00007ffe498c4000 	C:\Windows\system32\rsaenh.dll
0x00007ffe10370000 - 0x00007ffe1235e000 	C:\Windows\System32\DriverStore\FileRepository\nv_dispi.inf_amd64_1196b342b24df5d1\nvgpucomp64.dll
0x00007ffe412a0000 - 0x00007ffe412db000 	C:\Windows\SYSTEM32\dxcore.dll
0x00007ffe1e980000 - 0x00007ffe1ec7d000 	C:\Windows\system32\nvspcap64.dll
0x00007ffe49510000 - 0x00007ffe4956b000 	C:\Windows\SYSTEM32\WINSTA.dll
0x00007ffe3bb10000 - 0x00007ffe3bc09000 	C:\Windows\SYSTEM32\textinputframework.dll
0x00007ffe21560000 - 0x00007ffe215be000 	C:\Users\Redstoner_2019\AppData\Local\Temp\lwjgl_Redstoner_2019\3.3.3+5\x64\lwjgl_opengl.dll

dbghelp: loaded successfully - version: 4.0.5 - missing functions: none
symbol engine: initialized successfully - sym options: 0x614 - pdb path: .;C:\Program Files\Java\jdk-22\bin;C:\Windows\SYSTEM32;C:\Windows\WinSxS\amd64_microsoft.windows.common-controls_6595b64144ccf1df_6.0.19041.4355_none_60b8b9eb71f62e16;C:\Program Files\Java\jdk-22\bin\server;C:\Program Files\JetBrains\IntelliJ IDEA Community Edition 2024.1.1\bin;C:\Users\Redstoner_2019\AppData\Local\Temp\lwjgl_Redstoner_2019\3.3.3+5\x64;C:\Users\REDSTO~1\AppData\Local\Temp\lwjgl_Redstoner_2019\3.3.3+5\x64;C:\Windows\System32\DriverStore\FileRepository\nv_dispi.inf_amd64_1196b342b24df5d1

VM Arguments:
jvm_args: -javaagent:C:\Program Files\JetBrains\IntelliJ IDEA Community Edition 2024.1.1\lib\idea_rt.jar=64433:C:\Program Files\JetBrains\IntelliJ IDEA Community Edition 2024.1.1\bin -Dfile.encoding=UTF-8 -Dsun.stdout.encoding=UTF-8 -Dsun.stderr.encoding=UTF-8 
java_command: TestMain
java_class_path (initial): C:\Users\Redstoner_2019\Projects\ODGraphics\target\test-classes;C:\Users\Redstoner_2019\Projects\ODGraphics\target\classes;C:\Users\Redstoner_2019\.m2\repository\org\json\json\20240303\json-20240303.jar;C:\Users\Redstoner_2019\.m2\repository\commons-io\commons-io\2.16.1\commons-io-2.16.1.jar;C:\Users\Redstoner_2019\.m2\repository\com\fasterxml\jackson\core\jackson-databind\2.13.4.1\jackson-databind-2.13.4.1.jar;C:\Users\Redstoner_2019\.m2\repository\com\fasterxml\jackson\core\jackson-annotations\2.13.4\jackson-annotations-2.13.4.jar;C:\Users\Redstoner_2019\.m2\repository\com\fasterxml\jackson\core\jackson-core\2.13.4\jackson-core-2.13.4.jar;C:\Users\Redstoner_2019\.m2\repository\org\lwjgl\lwjgl\3.3.3\lwjgl-3.3.3.jar;C:\Users\Redstoner_2019\.m2\repository\org\lwjgl\lwjgl-assimp\3.3.3\lwjgl-assimp-3.3.3.jar;C:\Users\Redstoner_2019\.m2\repository\org\lwjgl\lwjgl-freetype\3.3.3\lwjgl-freetype-3.3.3.jar;C:\Users\Redstoner_2019\.m2\repository\org\lwjgl\lwjgl-glfw\3.3.3\lwjgl-glfw-3.3.3.jar;C:\Users\Redstoner_2019\.m2\repository\org\lwjgl\lwjgl-openal\3.3.3\lwjgl-openal-3.3.3.jar;C:\Users\Redstoner_2019\.m2\repository\org\lwjgl\lwjgl-opengl\3.3.3\lwjgl-opengl-3.3.3.jar;C:\Users\Redstoner_2019\.m2\repository\org\lwjgl\lwjgl-stb\3.3.3\lwjgl-stb-3.3.3.jar;C:\Users\Redstoner_2019\.m2\repository\org\lwjgl\lwjgl\3.3.3\lwjgl-3.3.3-natives-windows.jar;C:\Users\Redstoner_2019\.m2\repository\org\lwjgl\lwjgl-assimp\3.3.3\lwjgl-assimp-3.3.3-natives-windows.jar;C:\Users\Redstoner_2019\.m2\repository\org\lwjgl\lwjgl-freetype\3.3.3\lwjgl-freetype-3.3.3-natives-windows.jar;C:\Users\Redstoner_2019\.m2\repository\org\lwjgl\lwjgl-glfw\3.3.3\lwjgl-glfw-3.3.3-natives-windows.jar;C:\Users\Redstoner_2019\.m2\repository\org\lwjgl\lwjgl-openal\3.3.3\lwjgl-openal-3.3.3-natives-windows.jar;C:\Users\Redstoner_2019\.m2\repository\org\lwjgl\lwjgl-opengl\3.3.3\lwjgl-opengl-3.3.3-natives-windows.jar;C:\Users\Redstoner_2019\.m2\repository\org\lwjgl\lwjgl-stb\3.3.3\lwjgl-stb-3.3.3-natives-windows.jar;C:\Users\Redstoner_2019\.m2\repository\org\joml\joml\1.10.5\joml-1.10.5.jar;C:\Users\Redstoner_2019\.m2\repository\org\joml\joml-primitives\1.10.0\joml-primitives-1.10.0.jar;C:\Users\Redstoner_2019\.m2\repository\org\lwjglx\lwjgl3-awt\0.1.8\lwjgl3-awt-0.1.8.jar;C:\Users\Redstoner_2019\.m2\repository\org\lwjgl\lwjgl-jawt\3.3.3\lwjgl-jawt-3.3.3.jar
Launcher Type: SUN_STANDARD

[Global flags]
     intx CICompilerCount                          = 15                                        {product} {ergonomic}
     uint ConcGCThreads                            = 6                                         {product} {ergonomic}
     uint G1ConcRefinementThreads                  = 23                                        {product} {ergonomic}
   size_t G1HeapRegionSize                         = 4194304                                   {product} {ergonomic}
   size_t InitialHeapSize                          = 536870912                                 {product} {ergonomic}
   size_t MarkStackSize                            = 4194304                                   {product} {ergonomic}
   size_t MaxHeapSize                              = 8543797248                                {product} {ergonomic}
   size_t MaxNewSize                               = 5125439488                                {product} {ergonomic}
   size_t MinHeapDeltaBytes                        = 4194304                                   {product} {ergonomic}
   size_t MinHeapSize                              = 8388608                                   {product} {ergonomic}
    uintx NonNMethodCodeHeapSize                   = 8192380                                {pd product} {ergonomic}
    uintx NonProfiledCodeHeapSize                  = 121732930                              {pd product} {ergonomic}
    uintx ProfiledCodeHeapSize                     = 121732930                              {pd product} {ergonomic}
    uintx ReservedCodeCacheSize                    = 251658240                              {pd product} {ergonomic}
     bool SegmentedCodeCache                       = true                                      {product} {ergonomic}
   size_t SoftMaxHeapSize                          = 8543797248                             {manageable} {ergonomic}
     bool UseCompressedOops                        = true                           {product lp64_product} {ergonomic}
     bool UseG1GC                                  = true                                      {product} {ergonomic}
     bool UseLargePagesIndividualAllocation        = false                                  {pd product} {ergonomic}

Logging:
Log output configuration:
 #0: stdout all=warning uptime,level,tags foldmultilines=false
 #1: stderr all=off uptime,level,tags foldmultilines=false

Environment Variables:
PATH=C:\Program Files\Common Files\Oracle\Java\javapath;C:\Windows\system32;C:\Windows;C:\Windows\System32\Wbem;C:\Windows\System32\WindowsPowerShell\v1.0\;C:\Windows\System32\OpenSSH\;C:\Program Files\NVIDIA Corporation\NVIDIA App\NvDLISR;C:\Program Files (x86)\NVIDIA Corporation\PhysX\Common;C:\Program Files\Git\cmd;C:\Program Files\PuTTY\;C:\Program Files\dotnet\;C:\Users\Redstoner_2019\AppData\Local\Microsoft\WindowsApps;C:\Users\Redstoner_2019\AppData\Local\GitHubDesktop\bin;C:\Users\Redstoner_2019\AppData\Local\atom\bin
USERNAME=Redstoner_2019
OS=Windows_NT
PROCESSOR_IDENTIFIER=Intel64 Family 6 Model 183 Stepping 1, GenuineIntel
TMP=C:\Users\REDSTO~1\AppData\Local\Temp
TEMP=C:\Users\REDSTO~1\AppData\Local\Temp




Periodic native trim disabled

---------------  S Y S T E M  ---------------

OS:
 Windows 10 , 64 bit Build 19041 (10.0.19041.4597)
OS uptime: 2 days 14:02 hours

CPU: total 32 (initial active 32) (16 cores per cpu, 2 threads per core) family 6 model 183 stepping 1 microcode 0x11d, cx8, cmov, fxsr, ht, mmx, 3dnowpref, sse, sse2, sse3, ssse3, sse4.1, sse4.2, popcnt, lzcnt, tsc, tscinvbit, avx, avx2, aes, erms, clmul, bmi1, bmi2, adx, sha, fma, vzeroupper, clflush, clflushopt, clwb, serialize, rdtscp, rdpid, fsrm, f16c, pku, cet_ibt, cet_ss
Processor Information for all 32 processors :
  Max Mhz: 3000, Current Mhz: 3000, Mhz Limit: 3000

Memory: 4k page, system-wide physical 32577M (16938M free)
TotalPageFile size 160577M (AvailPageFile size 140018M)
current process WorkingSet (physical memory assigned to process): 147M, peak: 169M
current process commit charge ("private bytes"): 764M, peak: 794M

vm_info: Java HotSpot(TM) 64-Bit Server VM (22.0.1+8-16) for windows-amd64 JRE (22.0.1+8-16), built on 2024-03-12T10:33:16Z by "mach5one" with MS VC++ 17.6 (VS2022)

END.
